Removed Parameter Case/Package:0201 from Part R400
Removed Parameter Case/Package:0201 from Part R401
Removed Parameter Case/Package:0201 from Part R402
Removed Parameter Case/Package:0201 from Part R403
Removed Parameter Case/Package:0201 from Part R404
Removed Parameter Case/Package:0201 from Part R405
Removed Parameter Case/Package:0201 from Part R406
Removed Parameter Case/Package:0201 from Part R407
Removed Parameter Case/Package:0201 from Part R408
Removed Parameter Case/Package:0201 from Part R409
Removed Parameter Case/Package:0201 from Part R410
Removed Parameter Case/Package:0201 from Part R411
Removed Parameter Case/Package:0201 from Part R412
Removed Parameter Case/Package:0201 from Part R413
Removed Parameter Case/Package:0201 from Part R414
Removed Parameter Case/Package:0201 from Part R415
Removed Parameter Case/Package:0201 from Part R416
Removed Parameter Case/Package:0201 from Part R417
Removed Parameter Case/Package:0402 from Part C400
Removed Parameter Case/Package:0402 from Part C401
Removed Parameter Case/Package:0402 from Part C402
Removed Parameter Case/Package:0402 from Part C403
Removed Parameter Case/Package:0402 from Part C404
Removed Parameter Case/Package:0402 from Part C405
Removed Parameter Case/Package:0402 from Part C406
Removed Parameter Case/Package:0402 from Part C407
Removed Parameter Case/Package:0402 from Part C408
Removed Parameter Case/Package:0402 from Part C409
Removed Parameter Case/Package:0402 from Part C410
Removed Parameter Case/Package:0402 from Part C411
Removed Parameter Case/Package:0402 from Part C412
Removed Parameter Case/Package:0402 from Part C413
Removed Parameter Case/Package:0402 from Part C414
Removed Parameter Case/Package:0402 from Part C415
Removed Parameter Case/Package:0402 from Part C416
Removed Parameter Case/Package:0402 from Part C417
Removed Parameter Case/Package:0402 from Part C418
Removed Parameter Case/Package:0402 from Part C419
Removed Parameter Case/Package:0402 from Part C420
Removed Parameter Case/Package:0603 from Part U407
Removed Parameter Case Code (Imperial):0201 from Part R400
Removed Parameter Case Code (Imperial):0201 from Part R401
Removed Parameter Case Code (Imperial):0201 from Part R402
Removed Parameter Case Code (Imperial):0201 from Part R403
Removed Parameter Case Code (Imperial):0201 from Part R404
Removed Parameter Case Code (Imperial):0201 from Part R405
Removed Parameter Case Code (Imperial):0201 from Part R406
Removed Parameter Case Code (Imperial):0201 from Part R407
Removed Parameter Case Code (Imperial):0201 from Part R408
Removed Parameter Case Code (Imperial):0201 from Part R409
Removed Parameter Case Code (Imperial):0201 from Part R410
Removed Parameter Case Code (Imperial):0201 from Part R411
Removed Parameter Case Code (Imperial):0201 from Part R412
Removed Parameter Case Code (Imperial):0201 from Part R413
Removed Parameter Case Code (Imperial):0201 from Part R414
Removed Parameter Case Code (Imperial):0201 from Part R415
Removed Parameter Case Code (Imperial):0201 from Part R416
Removed Parameter Case Code (Imperial):0201 from Part R417
Removed Parameter Case Code (Imperial):0402 from Part C404
Removed Parameter Case Code (Imperial):0402 from Part C410
Removed Parameter Case Code (Metric):0603 from Part R400
Removed Parameter Case Code (Metric):0603 from Part R401
Removed Parameter Case Code (Metric):0603 from Part R402
Removed Parameter Case Code (Metric):0603 from Part R403
Removed Parameter Case Code (Metric):0603 from Part R404
Removed Parameter Case Code (Metric):0603 from Part R405
Removed Parameter Case Code (Metric):0603 from Part R406
Removed Parameter Case Code (Metric):0603 from Part R407
Removed Parameter Case Code (Metric):0603 from Part R408
Removed Parameter Case Code (Metric):0603 from Part R409
Removed Parameter Case Code (Metric):0603 from Part R410
Removed Parameter Case Code (Metric):0603 from Part R411
Removed Parameter Case Code (Metric):0603 from Part R412
Removed Parameter Case Code (Metric):0603 from Part R413
Removed Parameter Case Code (Metric):0603 from Part R414
Removed Parameter Case Code (Metric):0603 from Part R415
Removed Parameter Case Code (Metric):0603 from Part R416
Removed Parameter Case Code (Metric):0603 from Part R417
Removed Parameter Case Code (Metric):1005 from Part C400
Removed Parameter Case Code (Metric):1005 from Part C401
Removed Parameter Case Code (Metric):1005 from Part C402
Removed Parameter Case Code (Metric):1005 from Part C403
Removed Parameter Case Code (Metric):1005 from Part C404
Removed Parameter Case Code (Metric):1005 from Part C405
Removed Parameter Case Code (Metric):1005 from Part C406
Removed Parameter Case Code (Metric):1005 from Part C407
Removed Parameter Case Code (Metric):1005 from Part C408
Removed Parameter Case Code (Metric):1005 from Part C409
Removed Parameter Case Code (Metric):1005 from Part C410
Removed Parameter Case Code (Metric):1005 from Part C411
Removed Parameter Case Code (Metric):1005 from Part C412
Removed Parameter Case Code (Metric):1005 from Part C413
Removed Parameter Case Code (Metric):1005 from Part C414
Removed Parameter Case Code (Metric):1005 from Part C415
Removed Parameter Case Code (Metric):1005 from Part C416
Removed Parameter Case Code (Metric):1005 from Part C417
Removed Parameter Case Code (Metric):1005 from Part C418
Removed Parameter Case Code (Metric):1005 from Part C419
Removed Parameter Case Code (Metric):1005 from Part C420
Removed Parameter Category:Ceramic Capacitors from Part C400
Removed Parameter Category:Ceramic Capacitors from Part C401
Removed Parameter Category:Ceramic Capacitors from Part C402
Removed Parameter Category:Ceramic Capacitors from Part C403
Removed Parameter Category:Ceramic Capacitors from Part C404
Removed Parameter Category:Ceramic Capacitors from Part C405
Removed Parameter Category:Ceramic Capacitors from Part C406
Removed Parameter Category:Ceramic Capacitors from Part C407
Removed Parameter Category:Ceramic Capacitors from Part C408
Removed Parameter Category:Ceramic Capacitors from Part C409
Removed Parameter Category:Ceramic Capacitors from Part C410
Removed Parameter Category:Ceramic Capacitors from Part C411
Removed Parameter Category:Ceramic Capacitors from Part C412
Removed Parameter Category:Ceramic Capacitors from Part C413
Removed Parameter Category:Ceramic Capacitors from Part C414
Removed Parameter Category:Ceramic Capacitors from Part C415
Removed Parameter Category:Ceramic Capacitors from Part C416
Removed Parameter Category:Ceramic Capacitors from Part C417
Removed Parameter Category:Ceramic Capacitors from Part C418
Removed Parameter Category:Ceramic Capacitors from Part C419
Removed Parameter Category:Ceramic Capacitors from Part C420
Removed Parameter Category:Chip SMD Resistors from Part R400
Removed Parameter Category:Chip SMD Resistors from Part R401
Removed Parameter Category:Chip SMD Resistors from Part R402
Removed Parameter Category:Chip SMD Resistors from Part R403
Removed Parameter Category:Chip SMD Resistors from Part R404
Removed Parameter Category:Chip SMD Resistors from Part R405
Removed Parameter Category:Chip SMD Resistors from Part R406
Removed Parameter Category:Chip SMD Resistors from Part R407
Removed Parameter Category:Chip SMD Resistors from Part R408
Removed Parameter Category:Chip SMD Resistors from Part R409
Removed Parameter Category:Chip SMD Resistors from Part R410
Removed Parameter Category:Chip SMD Resistors from Part R411
Removed Parameter Category:Chip SMD Resistors from Part R412
Removed Parameter Category:Chip SMD Resistors from Part R413
Removed Parameter Category:Chip SMD Resistors from Part R414
Removed Parameter Category:Chip SMD Resistors from Part R415
Removed Parameter Category:Chip SMD Resistors from Part R416
Removed Parameter Category:Chip SMD Resistors from Part R417
Removed Parameter Check_prices:https://www.snapeda.com/parts/AD5541ABCPZ-REEL7/Analog+Devices/view-part/?ref=eda from Part U400
Removed Parameter ComponentLink1Description:http://www.samsungsem.com/kr/support/product-search/mlcc/CL05A106MP8NUB8.jsp?src-supplier=Digi-Key from Part C400
Removed Parameter ComponentLink1Description:http://www.samsungsem.com/kr/support/product-search/mlcc/CL05A106MP8NUB8.jsp?src-supplier=Digi-Key from Part C401
Removed Parameter ComponentLink1Description:http://www.samsungsem.com/kr/support/product-search/mlcc/CL05A106MP8NUB8.jsp?src-supplier=Digi-Key from Part C402
Removed Parameter ComponentLink1Description:http://www.samsungsem.com/kr/support/product-search/mlcc/CL05A106MP8NUB8.jsp?src-supplier=Digi-Key from Part C403
Removed Parameter ComponentLink1Description:http://www.samsungsem.com/kr/support/product-search/mlcc/CL05A106MP8NUB8.jsp?src-supplier=Digi-Key from Part C405
Removed Parameter ComponentLink1Description:http://www.samsungsem.com/kr/support/product-search/mlcc/CL05A106MP8NUB8.jsp?src-supplier=Digi-Key from Part C406
Removed Parameter ComponentLink1Description:http://www.samsungsem.com/kr/support/product-search/mlcc/CL05A106MP8NUB8.jsp?src-supplier=Digi-Key from Part C407
Removed Parameter ComponentLink1Description:http://www.samsungsem.com/kr/support/product-search/mlcc/CL05A106MP8NUB8.jsp?src-supplier=Digi-Key from Part C408
Removed Parameter ComponentLink1Description:http://www.samsungsem.com/kr/support/product-search/mlcc/CL05A106MP8NUB8.jsp?src-supplier=Digi-Key from Part C409
Removed Parameter ComponentLink1Description:http://www.samsungsem.com/kr/support/product-search/mlcc/CL05A106MP8NUB8.jsp?src-supplier=Digi-Key from Part C411
Removed Parameter ComponentLink1Description:http://www.samsungsem.com/kr/support/product-search/mlcc/CL05A106MP8NUB8.jsp?src-supplier=Digi-Key from Part C412
Removed Parameter ComponentLink1Description:http://www.samsungsem.com/kr/support/product-search/mlcc/CL05A106MP8NUB8.jsp?src-supplier=Digi-Key from Part C413
Removed Parameter ComponentLink1Description:http://www.samsungsem.com/kr/support/product-search/mlcc/CL05A106MP8NUB8.jsp?src-supplier=Digi-Key from Part C414
Removed Parameter ComponentLink1Description:http://www.samsungsem.com/kr/support/product-search/mlcc/CL05A106MP8NUB8.jsp?src-supplier=Digi-Key from Part C415
Removed Parameter ComponentLink1Description:http://www.samsungsem.com/kr/support/product-search/mlcc/CL05A106MP8NUB8.jsp?src-supplier=Digi-Key from Part C416
Removed Parameter ComponentLink1Description:http://www.samsungsem.com/kr/support/product-search/mlcc/CL05A106MP8NUB8.jsp?src-supplier=Digi-Key from Part C417
Removed Parameter ComponentLink1Description:http://www.samsungsem.com/kr/support/product-search/mlcc/CL05A106MP8NUB8.jsp?src-supplier=Digi-Key from Part C418
Removed Parameter ComponentLink1Description:http://www.samsungsem.com/kr/support/product-search/mlcc/CL05A106MP8NUB8.jsp?src-supplier=Digi-Key from Part C419
Removed Parameter ComponentLink1Description:http://www.samsungsem.com/kr/support/product-search/mlcc/CL05A106MP8NUB8.jsp?src-supplier=Digi-Key from Part C420
Removed Parameter ComponentLink1URL:http://www.samsungsem.com/kr/support/product-search/mlcc/CL05A106MP8NUB8.jsp?src-supplier=Digi-Key from Part C400
Removed Parameter ComponentLink1URL:http://www.samsungsem.com/kr/support/product-search/mlcc/CL05A106MP8NUB8.jsp?src-supplier=Digi-Key from Part C401
Removed Parameter ComponentLink1URL:http://www.samsungsem.com/kr/support/product-search/mlcc/CL05A106MP8NUB8.jsp?src-supplier=Digi-Key from Part C402
Removed Parameter ComponentLink1URL:http://www.samsungsem.com/kr/support/product-search/mlcc/CL05A106MP8NUB8.jsp?src-supplier=Digi-Key from Part C403
Removed Parameter ComponentLink1URL:http://www.samsungsem.com/kr/support/product-search/mlcc/CL05A106MP8NUB8.jsp?src-supplier=Digi-Key from Part C405
Removed Parameter ComponentLink1URL:http://www.samsungsem.com/kr/support/product-search/mlcc/CL05A106MP8NUB8.jsp?src-supplier=Digi-Key from Part C406
Removed Parameter ComponentLink1URL:http://www.samsungsem.com/kr/support/product-search/mlcc/CL05A106MP8NUB8.jsp?src-supplier=Digi-Key from Part C407
Removed Parameter ComponentLink1URL:http://www.samsungsem.com/kr/support/product-search/mlcc/CL05A106MP8NUB8.jsp?src-supplier=Digi-Key from Part C408
Removed Parameter ComponentLink1URL:http://www.samsungsem.com/kr/support/product-search/mlcc/CL05A106MP8NUB8.jsp?src-supplier=Digi-Key from Part C409
Removed Parameter ComponentLink1URL:http://www.samsungsem.com/kr/support/product-search/mlcc/CL05A106MP8NUB8.jsp?src-supplier=Digi-Key from Part C411
Removed Parameter ComponentLink1URL:http://www.samsungsem.com/kr/support/product-search/mlcc/CL05A106MP8NUB8.jsp?src-supplier=Digi-Key from Part C412
Removed Parameter ComponentLink1URL:http://www.samsungsem.com/kr/support/product-search/mlcc/CL05A106MP8NUB8.jsp?src-supplier=Digi-Key from Part C413
Removed Parameter ComponentLink1URL:http://www.samsungsem.com/kr/support/product-search/mlcc/CL05A106MP8NUB8.jsp?src-supplier=Digi-Key from Part C414
Removed Parameter ComponentLink1URL:http://www.samsungsem.com/kr/support/product-search/mlcc/CL05A106MP8NUB8.jsp?src-supplier=Digi-Key from Part C415
Removed Parameter ComponentLink1URL:http://www.samsungsem.com/kr/support/product-search/mlcc/CL05A106MP8NUB8.jsp?src-supplier=Digi-Key from Part C416
Removed Parameter ComponentLink1URL:http://www.samsungsem.com/kr/support/product-search/mlcc/CL05A106MP8NUB8.jsp?src-supplier=Digi-Key from Part C417
Removed Parameter ComponentLink1URL:http://www.samsungsem.com/kr/support/product-search/mlcc/CL05A106MP8NUB8.jsp?src-supplier=Digi-Key from Part C418
Removed Parameter ComponentLink1URL:http://www.samsungsem.com/kr/support/product-search/mlcc/CL05A106MP8NUB8.jsp?src-supplier=Digi-Key from Part C419
Removed Parameter ComponentLink1URL:http://www.samsungsem.com/kr/support/product-search/mlcc/CL05A106MP8NUB8.jsp?src-supplier=Digi-Key from Part C420
Removed Parameter Copyright:Copyright (C) 2024 Ultra Librarian. All rights reserved. from Part U408
Removed Parameter Height:0.01inch from Part R400
Removed Parameter Height:0.01inch from Part R401
Removed Parameter Height:0.01inch from Part R402
Removed Parameter Height:0.01inch from Part R403
Removed Parameter Height:0.01inch from Part R404
Removed Parameter Height:0.01inch from Part R405
Removed Parameter Height:0.01inch from Part R406
Removed Parameter Height:0.01inch from Part R407
Removed Parameter Height:0.01inch from Part R408
Removed Parameter Height:0.01inch from Part R409
Removed Parameter Height:0.01inch from Part R410
Removed Parameter Height:0.01inch from Part R411
Removed Parameter Height:0.01inch from Part R412
Removed Parameter Height:0.01inch from Part R413
Removed Parameter Height:0.01inch from Part R414
Removed Parameter Height:0.01inch from Part R415
Removed Parameter Height:0.01inch from Part R416
Removed Parameter Height:0.01inch from Part R417
Removed Parameter Length:0.024inch from Part R400
Removed Parameter Length:0.024inch from Part R401
Removed Parameter Length:0.024inch from Part R402
Removed Parameter Length:0.024inch from Part R403
Removed Parameter Length:0.024inch from Part R404
Removed Parameter Length:0.024inch from Part R405
Removed Parameter Length:0.024inch from Part R406
Removed Parameter Length:0.024inch from Part R407
Removed Parameter Length:0.024inch from Part R408
Removed Parameter Length:0.024inch from Part R409
Removed Parameter Length:0.024inch from Part R410
Removed Parameter Length:0.024inch from Part R411
Removed Parameter Length:0.024inch from Part R412
Removed Parameter Length:0.024inch from Part R413
Removed Parameter Length:0.024inch from Part R414
Removed Parameter Length:0.024inch from Part R415
Removed Parameter Length:0.024inch from Part R416
Removed Parameter Length:0.024inch from Part R417
Removed Parameter Length:0.039inch from Part C400
Removed Parameter Length:0.039inch from Part C401
Removed Parameter Length:0.039inch from Part C402
Removed Parameter Length:0.039inch from Part C403
Removed Parameter Length:0.039inch from Part C404
Removed Parameter Length:0.039inch from Part C405
Removed Parameter Length:0.039inch from Part C406
Removed Parameter Length:0.039inch from Part C407
Removed Parameter Length:0.039inch from Part C408
Removed Parameter Length:0.039inch from Part C409
Removed Parameter Length:0.039inch from Part C410
Removed Parameter Length:0.039inch from Part C411
Removed Parameter Length:0.039inch from Part C412
Removed Parameter Length:0.039inch from Part C413
Removed Parameter Length:0.039inch from Part C414
Removed Parameter Length:0.039inch from Part C415
Removed Parameter Length:0.039inch from Part C416
Removed Parameter Length:0.039inch from Part C417
Removed Parameter Length:0.039inch from Part C418
Removed Parameter Length:0.039inch from Part C419
Removed Parameter Length:0.039inch from Part C420
Removed Parameter Manufacturer_Part_Number:AD4008BCPZ-RL7 from Part U408
Removed Parameter Max Operating Temperature:85°C from Part C400
Removed Parameter Max Operating Temperature:85°C from Part C401
Removed Parameter Max Operating Temperature:85°C from Part C402
Removed Parameter Max Operating Temperature:85°C from Part C403
Removed Parameter Max Operating Temperature:85°C from Part C404
Removed Parameter Max Operating Temperature:85°C from Part C405
Removed Parameter Max Operating Temperature:85°C from Part C406
Removed Parameter Max Operating Temperature:85°C from Part C407
Removed Parameter Max Operating Temperature:85°C from Part C408
Removed Parameter Max Operating Temperature:85°C from Part C409
Removed Parameter Max Operating Temperature:85°C from Part C410
Removed Parameter Max Operating Temperature:85°C from Part C411
Removed Parameter Max Operating Temperature:85°C from Part C412
Removed Parameter Max Operating Temperature:85°C from Part C413
Removed Parameter Max Operating Temperature:85°C from Part C414
Removed Parameter Max Operating Temperature:85°C from Part C415
Removed Parameter Max Operating Temperature:85°C from Part C416
Removed Parameter Max Operating Temperature:85°C from Part C417
Removed Parameter Max Operating Temperature:85°C from Part C418
Removed Parameter Max Operating Temperature:85°C from Part C419
Removed Parameter Max Operating Temperature:85°C from Part C420
Removed Parameter Max Operating Temperature:155°C from Part R400
Removed Parameter Max Operating Temperature:155°C from Part R401
Removed Parameter Max Operating Temperature:155°C from Part R402
Removed Parameter Max Operating Temperature:155°C from Part R403
Removed Parameter Max Operating Temperature:155°C from Part R404
Removed Parameter Max Operating Temperature:155°C from Part R405
Removed Parameter Max Operating Temperature:155°C from Part R406
Removed Parameter Max Operating Temperature:155°C from Part R407
Removed Parameter Max Operating Temperature:155°C from Part R408
Removed Parameter Max Operating Temperature:155°C from Part R409
Removed Parameter Max Operating Temperature:155°C from Part R410
Removed Parameter Max Operating Temperature:155°C from Part R411
Removed Parameter Max Operating Temperature:155°C from Part R412
Removed Parameter Max Operating Temperature:155°C from Part R413
Removed Parameter Max Operating Temperature:155°C from Part R414
Removed Parameter Max Operating Temperature:155°C from Part R415
Removed Parameter Max Operating Temperature:155°C from Part R416
Removed Parameter Max Operating Temperature:155°C from Part R417
Removed Parameter MF:Analog Devices from Part U400
Removed Parameter MF: from Part U406
Removed Parameter Mfr_Name:Analog Devices Inc from Part U408
Removed Parameter Min Operating Temperature:-55°C from Part C400
Removed Parameter Min Operating Temperature:-55°C from Part C401
Removed Parameter Min Operating Temperature:-55°C from Part C402
Removed Parameter Min Operating Temperature:-55°C from Part C403
Removed Parameter Min Operating Temperature:-55°C from Part C404
Removed Parameter Min Operating Temperature:-55°C from Part C405
Removed Parameter Min Operating Temperature:-55°C from Part C406
Removed Parameter Min Operating Temperature:-55°C from Part C407
Removed Parameter Min Operating Temperature:-55°C from Part C408
Removed Parameter Min Operating Temperature:-55°C from Part C409
Removed Parameter Min Operating Temperature:-55°C from Part C410
Removed Parameter Min Operating Temperature:-55°C from Part C411
Removed Parameter Min Operating Temperature:-55°C from Part C412
Removed Parameter Min Operating Temperature:-55°C from Part C413
Removed Parameter Min Operating Temperature:-55°C from Part C414
Removed Parameter Min Operating Temperature:-55°C from Part C415
Removed Parameter Min Operating Temperature:-55°C from Part C416
Removed Parameter Min Operating Temperature:-55°C from Part C417
Removed Parameter Min Operating Temperature:-55°C from Part C418
Removed Parameter Min Operating Temperature:-55°C from Part C419
Removed Parameter Min Operating Temperature:-55°C from Part C420
Removed Parameter Min Operating Temperature:-55°C from Part R400
Removed Parameter Min Operating Temperature:-55°C from Part R401
Removed Parameter Min Operating Temperature:-55°C from Part R402
Removed Parameter Min Operating Temperature:-55°C from Part R403
Removed Parameter Min Operating Temperature:-55°C from Part R404
Removed Parameter Min Operating Temperature:-55°C from Part R405
Removed Parameter Min Operating Temperature:-55°C from Part R406
Removed Parameter Min Operating Temperature:-55°C from Part R407
Removed Parameter Min Operating Temperature:-55°C from Part R408
Removed Parameter Min Operating Temperature:-55°C from Part R409
Removed Parameter Min Operating Temperature:-55°C from Part R410
Removed Parameter Min Operating Temperature:-55°C from Part R411
Removed Parameter Min Operating Temperature:-55°C from Part R412
Removed Parameter Min Operating Temperature:-55°C from Part R413
Removed Parameter Min Operating Temperature:-55°C from Part R414
Removed Parameter Min Operating Temperature:-55°C from Part R415
Removed Parameter Min Operating Temperature:-55°C from Part R416
Removed Parameter Min Operating Temperature:-55°C from Part R417
Removed Parameter Mount:Surface Mount from Part C400
Removed Parameter Mount:Surface Mount from Part C401
Removed Parameter Mount:Surface Mount from Part C402
Removed Parameter Mount:Surface Mount from Part C403
Removed Parameter Mount:Surface Mount from Part C404
Removed Parameter Mount:Surface Mount from Part C405
Removed Parameter Mount:Surface Mount from Part C406
Removed Parameter Mount:Surface Mount from Part C407
Removed Parameter Mount:Surface Mount from Part C408
Removed Parameter Mount:Surface Mount from Part C409
Removed Parameter Mount:Surface Mount from Part C410
Removed Parameter Mount:Surface Mount from Part C411
Removed Parameter Mount:Surface Mount from Part C412
Removed Parameter Mount:Surface Mount from Part C413
Removed Parameter Mount:Surface Mount from Part C414
Removed Parameter Mount:Surface Mount from Part C415
Removed Parameter Mount:Surface Mount from Part C416
Removed Parameter Mount:Surface Mount from Part C417
Removed Parameter Mount:Surface Mount from Part C418
Removed Parameter Mount:Surface Mount from Part C419
Removed Parameter Mount:Surface Mount from Part C420
Removed Parameter MP:AD5541ABCPZ-REEL7 from Part U400
Removed Parameter MP:MAX4617CUE+T from Part U406
Removed Parameter Package:LFCSP -10 Analog Devices from Part U400
Removed Parameter Package:None from Part U406
Removed Parameter Packaging:Tape and Reel from Part C400
Removed Parameter Packaging:Tape and Reel from Part C401
Removed Parameter Packaging:Tape and Reel from Part C402
Removed Parameter Packaging:Tape and Reel from Part C403
Removed Parameter Packaging:Tape and Reel from Part C404
Removed Parameter Packaging:Tape and Reel from Part C405
Removed Parameter Packaging:Tape and Reel from Part C406
Removed Parameter Packaging:Tape and Reel from Part C407
Removed Parameter Packaging:Tape and Reel from Part C408
Removed Parameter Packaging:Tape and Reel from Part C409
Removed Parameter Packaging:Tape and Reel from Part C410
Removed Parameter Packaging:Tape and Reel from Part C411
Removed Parameter Packaging:Tape and Reel from Part C412
Removed Parameter Packaging:Tape and Reel from Part C413
Removed Parameter Packaging:Tape and Reel from Part C414
Removed Parameter Packaging:Tape and Reel from Part C415
Removed Parameter Packaging:Tape and Reel from Part C416
Removed Parameter Packaging:Tape and Reel from Part C417
Removed Parameter Packaging:Tape and Reel from Part C418
Removed Parameter Packaging:Tape and Reel from Part C419
Removed Parameter Packaging:Tape and Reel from Part C420
Removed Parameter Packaging:Tape and Reel from Part R400
Removed Parameter Packaging:Tape and Reel from Part R401
Removed Parameter Packaging:Tape and Reel from Part R402
Removed Parameter Packaging:Tape and Reel from Part R403
Removed Parameter Packaging:Tape and Reel from Part R404
Removed Parameter Packaging:Tape and Reel from Part R405
Removed Parameter Packaging:Tape and Reel from Part R406
Removed Parameter Packaging:Tape and Reel from Part R407
Removed Parameter Packaging:Tape and Reel from Part R408
Removed Parameter Packaging:Tape and Reel from Part R409
Removed Parameter Packaging:Tape and Reel from Part R410
Removed Parameter Packaging:Tape and Reel from Part R411
Removed Parameter Packaging:Tape and Reel from Part R412
Removed Parameter Packaging:Tape and Reel from Part R413
Removed Parameter Packaging:Tape and Reel from Part R414
Removed Parameter Packaging:Tape and Reel from Part R415
Removed Parameter Packaging:Tape and Reel from Part R416
Removed Parameter Packaging:Tape and Reel from Part R417
Removed Parameter PartNumber:AP1117E18G from Part U407
Removed Parameter Price:None from Part U400
Removed Parameter Price:None from Part U406
Removed Parameter Pricing 1:8000=0.07888, 16000=0.07642, 24000=0.07395, 56000=0.06902 (USD) from Part C400
Removed Parameter Pricing 1:8000=0.07888, 16000=0.07642, 24000=0.07395, 56000=0.06902 (USD) from Part C401
Removed Parameter Pricing 1:8000=0.07888, 16000=0.07642, 24000=0.07395, 56000=0.06902 (USD) from Part C402
Removed Parameter Pricing 1:8000=0.07888, 16000=0.07642, 24000=0.07395, 56000=0.06902 (USD) from Part C403
Removed Parameter Pricing 1:8000=0.07888, 16000=0.07642, 24000=0.07395, 56000=0.06902 (USD) from Part C405
Removed Parameter Pricing 1:8000=0.07888, 16000=0.07642, 24000=0.07395, 56000=0.06902 (USD) from Part C406
Removed Parameter Pricing 1:8000=0.07888, 16000=0.07642, 24000=0.07395, 56000=0.06902 (USD) from Part C407
Removed Parameter Pricing 1:8000=0.07888, 16000=0.07642, 24000=0.07395, 56000=0.06902 (USD) from Part C408
Removed Parameter Pricing 1:8000=0.07888, 16000=0.07642, 24000=0.07395, 56000=0.06902 (USD) from Part C409
Removed Parameter Pricing 1:8000=0.07888, 16000=0.07642, 24000=0.07395, 56000=0.06902 (USD) from Part C411
Removed Parameter Pricing 1:8000=0.07888, 16000=0.07642, 24000=0.07395, 56000=0.06902 (USD) from Part C412
Removed Parameter Pricing 1:8000=0.07888, 16000=0.07642, 24000=0.07395, 56000=0.06902 (USD) from Part C413
Removed Parameter Pricing 1:8000=0.07888, 16000=0.07642, 24000=0.07395, 56000=0.06902 (USD) from Part C414
Removed Parameter Pricing 1:8000=0.07888, 16000=0.07642, 24000=0.07395, 56000=0.06902 (USD) from Part C415
Removed Parameter Pricing 1:8000=0.07888, 16000=0.07642, 24000=0.07395, 56000=0.06902 (USD) from Part C416
Removed Parameter Pricing 1:8000=0.07888, 16000=0.07642, 24000=0.07395, 56000=0.06902 (USD) from Part C417
Removed Parameter Pricing 1:8000=0.07888, 16000=0.07642, 24000=0.07395, 56000=0.06902 (USD) from Part C418
Removed Parameter Pricing 1:8000=0.07888, 16000=0.07642, 24000=0.07395, 56000=0.06902 (USD) from Part C419
Removed Parameter Pricing 1:8000=0.07888, 16000=0.07642, 24000=0.07395, 56000=0.06902 (USD) from Part C420
Removed Parameter Pricing 2:1=0.19000, 10=0.13400, 50=0.13400, 100=0.06300, 1000=0.03800, 10000=0.02900 (USD) from Part C400
Removed Parameter Pricing 2:1=0.19000, 10=0.13400, 50=0.13400, 100=0.06300, 1000=0.03800, 10000=0.02900 (USD) from Part C401
Removed Parameter Pricing 2:1=0.19000, 10=0.13400, 50=0.13400, 100=0.06300, 1000=0.03800, 10000=0.02900 (USD) from Part C402
Removed Parameter Pricing 2:1=0.19000, 10=0.13400, 50=0.13400, 100=0.06300, 1000=0.03800, 10000=0.02900 (USD) from Part C403
Removed Parameter Pricing 2:1=0.19000, 10=0.13400, 50=0.13400, 100=0.06300, 1000=0.03800, 10000=0.02900 (USD) from Part C405
Removed Parameter Pricing 2:1=0.19000, 10=0.13400, 50=0.13400, 100=0.06300, 1000=0.03800, 10000=0.02900 (USD) from Part C406
Removed Parameter Pricing 2:1=0.19000, 10=0.13400, 50=0.13400, 100=0.06300, 1000=0.03800, 10000=0.02900 (USD) from Part C407
Removed Parameter Pricing 2:1=0.19000, 10=0.13400, 50=0.13400, 100=0.06300, 1000=0.03800, 10000=0.02900 (USD) from Part C408
Removed Parameter Pricing 2:1=0.19000, 10=0.13400, 50=0.13400, 100=0.06300, 1000=0.03800, 10000=0.02900 (USD) from Part C409
Removed Parameter Pricing 2:1=0.19000, 10=0.13400, 50=0.13400, 100=0.06300, 1000=0.03800, 10000=0.02900 (USD) from Part C411
Removed Parameter Pricing 2:1=0.19000, 10=0.13400, 50=0.13400, 100=0.06300, 1000=0.03800, 10000=0.02900 (USD) from Part C412
Removed Parameter Pricing 2:1=0.19000, 10=0.13400, 50=0.13400, 100=0.06300, 1000=0.03800, 10000=0.02900 (USD) from Part C413
Removed Parameter Pricing 2:1=0.19000, 10=0.13400, 50=0.13400, 100=0.06300, 1000=0.03800, 10000=0.02900 (USD) from Part C414
Removed Parameter Pricing 2:1=0.19000, 10=0.13400, 50=0.13400, 100=0.06300, 1000=0.03800, 10000=0.02900 (USD) from Part C415
Removed Parameter Pricing 2:1=0.19000, 10=0.13400, 50=0.13400, 100=0.06300, 1000=0.03800, 10000=0.02900 (USD) from Part C416
Removed Parameter Pricing 2:1=0.19000, 10=0.13400, 50=0.13400, 100=0.06300, 1000=0.03800, 10000=0.02900 (USD) from Part C417
Removed Parameter Pricing 2:1=0.19000, 10=0.13400, 50=0.13400, 100=0.06300, 1000=0.03800, 10000=0.02900 (USD) from Part C418
Removed Parameter Pricing 2:1=0.19000, 10=0.13400, 50=0.13400, 100=0.06300, 1000=0.03800, 10000=0.02900 (USD) from Part C419
Removed Parameter Pricing 2:1=0.19000, 10=0.13400, 50=0.13400, 100=0.06300, 1000=0.03800, 10000=0.02900 (USD) from Part C420
Removed Parameter Purchase-URL:https://pricing.snapeda.com/search/part/AD5541ABCPZ-REEL7/?ref=eda from Part U400
Removed Parameter RefDes:RefDes from Part U408
Removed Parameter Resistance:1kR from Part R414
Removed Parameter Resistance:1kR from Part R415
Removed Parameter Resistance:1kR from Part R417
Removed Parameter Resistance:10kR from Part R400
Removed Parameter Resistance:10kR from Part R401
Removed Parameter Resistance:10kR from Part R403
Removed Parameter Resistance:10kR from Part R404
Removed Parameter Resistance:10R from Part R402
Removed Parameter Resistance:10R from Part R413
Removed Parameter Resistance:10R from Part R416
Removed Parameter Resistance:470kR from Part R405
Removed Parameter Resistance:470kR from Part R406
Removed Parameter Resistance:470kR from Part R407
Removed Parameter Resistance:470kR from Part R408
Removed Parameter Resistance:470kR from Part R409
Removed Parameter Resistance:470kR from Part R410
Removed Parameter Resistance:470kR from Part R411
Removed Parameter Resistance:470kR from Part R412
Removed Parameter Resistor Type:Thick Film from Part R400
Removed Parameter Resistor Type:Thick Film from Part R401
Removed Parameter Resistor Type:Thick Film from Part R402
Removed Parameter Resistor Type:Thick Film from Part R403
Removed Parameter Resistor Type:Thick Film from Part R404
Removed Parameter Resistor Type:Thick Film from Part R405
Removed Parameter Resistor Type:Thick Film from Part R406
Removed Parameter Resistor Type:Thick Film from Part R407
Removed Parameter Resistor Type:Thick Film from Part R408
Removed Parameter Resistor Type:Thick Film from Part R409
Removed Parameter Resistor Type:Thick Film from Part R410
Removed Parameter Resistor Type:Thick Film from Part R411
Removed Parameter Resistor Type:Thick Film from Part R412
Removed Parameter Resistor Type:Thick Film from Part R413
Removed Parameter Resistor Type:Thick Film from Part R414
Removed Parameter Resistor Type:Thick Film from Part R415
Removed Parameter Resistor Type:Thick Film from Part R416
Removed Parameter Resistor Type:Thick Film from Part R417
Removed Parameter RoHS 1:Yes from Part C400
Removed Parameter RoHS 1:Yes from Part C401
Removed Parameter RoHS 1:Yes from Part C402
Removed Parameter RoHS 1:Yes from Part C403
Removed Parameter RoHS 1:Yes from Part C405
Removed Parameter RoHS 1:Yes from Part C406
Removed Parameter RoHS 1:Yes from Part C407
Removed Parameter RoHS 1:Yes from Part C408
Removed Parameter RoHS 1:Yes from Part C409
Removed Parameter RoHS 1:Yes from Part C411
Removed Parameter RoHS 1:Yes from Part C412
Removed Parameter RoHS 1:Yes from Part C413
Removed Parameter RoHS 1:Yes from Part C414
Removed Parameter RoHS 1:Yes from Part C415
Removed Parameter RoHS 1:Yes from Part C416
Removed Parameter RoHS 1:Yes from Part C417
Removed Parameter RoHS 1:Yes from Part C418
Removed Parameter RoHS 1:Yes from Part C419
Removed Parameter RoHS 1:Yes from Part C420
Removed Parameter RoHS 2:Yes from Part C400
Removed Parameter RoHS 2:Yes from Part C401
Removed Parameter RoHS 2:Yes from Part C402
Removed Parameter RoHS 2:Yes from Part C403
Removed Parameter RoHS 2:Yes from Part C405
Removed Parameter RoHS 2:Yes from Part C406
Removed Parameter RoHS 2:Yes from Part C407
Removed Parameter RoHS 2:Yes from Part C408
Removed Parameter RoHS 2:Yes from Part C409
Removed Parameter RoHS 2:Yes from Part C411
Removed Parameter RoHS 2:Yes from Part C412
Removed Parameter RoHS 2:Yes from Part C413
Removed Parameter RoHS 2:Yes from Part C414
Removed Parameter RoHS 2:Yes from Part C415
Removed Parameter RoHS 2:Yes from Part C416
Removed Parameter RoHS 2:Yes from Part C417
Removed Parameter RoHS 2:Yes from Part C418
Removed Parameter RoHS 2:Yes from Part C419
Removed Parameter RoHS 2:Yes from Part C420
Removed Parameter RoHS:Yes from Part C400
Removed Parameter RoHS:Yes from Part C401
Removed Parameter RoHS:Yes from Part C402
Removed Parameter RoHS:Yes from Part C403
Removed Parameter RoHS:Yes from Part C404
Removed Parameter RoHS:Yes from Part C405
Removed Parameter RoHS:Yes from Part C406
Removed Parameter RoHS:Yes from Part C407
Removed Parameter RoHS:Yes from Part C408
Removed Parameter RoHS:Yes from Part C409
Removed Parameter RoHS:Yes from Part C410
Removed Parameter RoHS:Yes from Part C411
Removed Parameter RoHS:Yes from Part C412
Removed Parameter RoHS:Yes from Part C413
Removed Parameter RoHS:Yes from Part C414
Removed Parameter RoHS:Yes from Part C415
Removed Parameter RoHS:Yes from Part C416
Removed Parameter RoHS:Yes from Part C417
Removed Parameter RoHS:Yes from Part C418
Removed Parameter RoHS:Yes from Part C419
Removed Parameter RoHS:Yes from Part C420
Removed Parameter RoHS:Y from Part R400
Removed Parameter RoHS:Y from Part R401
Removed Parameter RoHS:Y from Part R402
Removed Parameter RoHS:Y from Part R403
Removed Parameter RoHS:Y from Part R404
Removed Parameter RoHS:Y from Part R405
Removed Parameter RoHS:Y from Part R406
Removed Parameter RoHS:Y from Part R407
Removed Parameter RoHS:Y from Part R408
Removed Parameter RoHS:Y from Part R409
Removed Parameter RoHS:Y from Part R410
Removed Parameter RoHS:Y from Part R411
Removed Parameter RoHS:Y from Part R412
Removed Parameter RoHS:Y from Part R413
Removed Parameter RoHS:Y from Part R414
Removed Parameter RoHS:Y from Part R415
Removed Parameter RoHS:Y from Part R416
Removed Parameter RoHS:Y from Part R417
Removed Parameter RoHS Compliant:Yes from Part C400
Removed Parameter RoHS Compliant:Yes from Part C401
Removed Parameter RoHS Compliant:Yes from Part C402
Removed Parameter RoHS Compliant:Yes from Part C403
Removed Parameter RoHS Compliant:Yes from Part C405
Removed Parameter RoHS Compliant:Yes from Part C406
Removed Parameter RoHS Compliant:Yes from Part C407
Removed Parameter RoHS Compliant:Yes from Part C408
Removed Parameter RoHS Compliant:Yes from Part C409
Removed Parameter RoHS Compliant:Yes from Part C411
Removed Parameter RoHS Compliant:Yes from Part C412
Removed Parameter RoHS Compliant:Yes from Part C413
Removed Parameter RoHS Compliant:Yes from Part C414
Removed Parameter RoHS Compliant:Yes from Part C415
Removed Parameter RoHS Compliant:Yes from Part C416
Removed Parameter RoHS Compliant:Yes from Part C417
Removed Parameter RoHS Compliant:Yes from Part C418
Removed Parameter RoHS Compliant:Yes from Part C419
Removed Parameter RoHS Compliant:Yes from Part C420
Removed Parameter SnapEDA_Link:https://www.snapeda.com/parts/AD5541ABCPZ-REEL7/Analog+Devices/view-part/?ref=snap from Part U400
Removed Parameter Stock 1:4668844 from Part C400
Removed Parameter Stock 1:4668844 from Part C401
Removed Parameter Stock 1:4668844 from Part C402
Removed Parameter Stock 1:4668844 from Part C403
Removed Parameter Stock 1:4668844 from Part C405
Removed Parameter Stock 1:4668844 from Part C406
Removed Parameter Stock 1:4668844 from Part C407
Removed Parameter Stock 1:4668844 from Part C408
Removed Parameter Stock 1:4668844 from Part C409
Removed Parameter Stock 1:4668844 from Part C411
Removed Parameter Stock 1:4668844 from Part C412
Removed Parameter Stock 1:4668844 from Part C413
Removed Parameter Stock 1:4668844 from Part C414
Removed Parameter Stock 1:4668844 from Part C415
Removed Parameter Stock 1:4668844 from Part C416
Removed Parameter Stock 1:4668844 from Part C417
Removed Parameter Stock 1:4668844 from Part C418
Removed Parameter Stock 1:4668844 from Part C419
Removed Parameter Stock 1:4668844 from Part C420
Removed Parameter Stock 2:8811 from Part C400
Removed Parameter Stock 2:8811 from Part C401
Removed Parameter Stock 2:8811 from Part C402
Removed Parameter Stock 2:8811 from Part C403
Removed Parameter Stock 2:8811 from Part C405
Removed Parameter Stock 2:8811 from Part C406
Removed Parameter Stock 2:8811 from Part C407
Removed Parameter Stock 2:8811 from Part C408
Removed Parameter Stock 2:8811 from Part C409
Removed Parameter Stock 2:8811 from Part C411
Removed Parameter Stock 2:8811 from Part C412
Removed Parameter Stock 2:8811 from Part C413
Removed Parameter Stock 2:8811 from Part C414
Removed Parameter Stock 2:8811 from Part C415
Removed Parameter Stock 2:8811 from Part C416
Removed Parameter Stock 2:8811 from Part C417
Removed Parameter Stock 2:8811 from Part C418
Removed Parameter Stock 2:8811 from Part C419
Removed Parameter Stock 2:8811 from Part C420
Removed Parameter Supplier 1:Digi-Key from Part C400
Removed Parameter Supplier 1:Digi-Key from Part C401
Removed Parameter Supplier 1:Digi-Key from Part C402
Removed Parameter Supplier 1:Digi-Key from Part C403
Removed Parameter Supplier 1:Digi-Key from Part C405
Removed Parameter Supplier 1:Digi-Key from Part C406
Removed Parameter Supplier 1:Digi-Key from Part C407
Removed Parameter Supplier 1:Digi-Key from Part C408
Removed Parameter Supplier 1:Digi-Key from Part C409
Removed Parameter Supplier 1:Digi-Key from Part C411
Removed Parameter Supplier 1:Digi-Key from Part C412
Removed Parameter Supplier 1:Digi-Key from Part C413
Removed Parameter Supplier 1:Digi-Key from Part C414
Removed Parameter Supplier 1:Digi-Key from Part C415
Removed Parameter Supplier 1:Digi-Key from Part C416
Removed Parameter Supplier 1:Digi-Key from Part C417
Removed Parameter Supplier 1:Digi-Key from Part C418
Removed Parameter Supplier 1:Digi-Key from Part C419
Removed Parameter Supplier 1:Digi-Key from Part C420
Removed Parameter Supplier 2:Mouser from Part C400
Removed Parameter Supplier 2:Mouser from Part C401
Removed Parameter Supplier 2:Mouser from Part C402
Removed Parameter Supplier 2:Mouser from Part C403
Removed Parameter Supplier 2:Mouser from Part C405
Removed Parameter Supplier 2:Mouser from Part C406
Removed Parameter Supplier 2:Mouser from Part C407
Removed Parameter Supplier 2:Mouser from Part C408
Removed Parameter Supplier 2:Mouser from Part C409
Removed Parameter Supplier 2:Mouser from Part C411
Removed Parameter Supplier 2:Mouser from Part C412
Removed Parameter Supplier 2:Mouser from Part C413
Removed Parameter Supplier 2:Mouser from Part C414
Removed Parameter Supplier 2:Mouser from Part C415
Removed Parameter Supplier 2:Mouser from Part C416
Removed Parameter Supplier 2:Mouser from Part C417
Removed Parameter Supplier 2:Mouser from Part C418
Removed Parameter Supplier 2:Mouser from Part C419
Removed Parameter Supplier 2:Mouser from Part C420
Removed Parameter Supplier Part Number 1:1276-6830-2-ND from Part C400
Removed Parameter Supplier Part Number 1:1276-6830-2-ND from Part C401
Removed Parameter Supplier Part Number 1:1276-6830-2-ND from Part C402
Removed Parameter Supplier Part Number 1:1276-6830-2-ND from Part C403
Removed Parameter Supplier Part Number 1:1276-6830-2-ND from Part C404
Removed Parameter Supplier Part Number 1:1276-6830-2-ND from Part C405
Removed Parameter Supplier Part Number 1:1276-6830-2-ND from Part C406
Removed Parameter Supplier Part Number 1:1276-6830-2-ND from Part C407
Removed Parameter Supplier Part Number 1:1276-6830-2-ND from Part C408
Removed Parameter Supplier Part Number 1:1276-6830-2-ND from Part C409
Removed Parameter Supplier Part Number 1:1276-6830-2-ND from Part C410
Removed Parameter Supplier Part Number 1:1276-6830-2-ND from Part C411
Removed Parameter Supplier Part Number 1:1276-6830-2-ND from Part C412
Removed Parameter Supplier Part Number 1:1276-6830-2-ND from Part C413
Removed Parameter Supplier Part Number 1:1276-6830-2-ND from Part C414
Removed Parameter Supplier Part Number 1:1276-6830-2-ND from Part C415
Removed Parameter Supplier Part Number 1:1276-6830-2-ND from Part C416
Removed Parameter Supplier Part Number 1:1276-6830-2-ND from Part C417
Removed Parameter Supplier Part Number 1:1276-6830-2-ND from Part C418
Removed Parameter Supplier Part Number 1:1276-6830-2-ND from Part C419
Removed Parameter Supplier Part Number 1:1276-6830-2-ND from Part C420
Removed Parameter Supplier Part Number 1:P10.0KABCT-ND from Part R400
Removed Parameter Supplier Part Number 1:P10.0KABCT-ND from Part R401
Removed Parameter Supplier Part Number 1:P10.0KABCT-ND from Part R402
Removed Parameter Supplier Part Number 1:P10.0KABCT-ND from Part R403
Removed Parameter Supplier Part Number 1:P10.0KABCT-ND from Part R404
Removed Parameter Supplier Part Number 1:P10.0KABCT-ND from Part R405
Removed Parameter Supplier Part Number 1:P10.0KABCT-ND from Part R406
Removed Parameter Supplier Part Number 1:P10.0KABCT-ND from Part R407
Removed Parameter Supplier Part Number 1:P10.0KABCT-ND from Part R408
Removed Parameter Supplier Part Number 1:P10.0KABCT-ND from Part R409
Removed Parameter Supplier Part Number 1:P10.0KABCT-ND from Part R410
Removed Parameter Supplier Part Number 1:P10.0KABCT-ND from Part R411
Removed Parameter Supplier Part Number 1:P10.0KABCT-ND from Part R412
Removed Parameter Supplier Part Number 1:P10.0KABCT-ND from Part R413
Removed Parameter Supplier Part Number 1:P10.0KABCT-ND from Part R414
Removed Parameter Supplier Part Number 1:P10.0KABCT-ND from Part R415
Removed Parameter Supplier Part Number 1:P10.0KABCT-ND from Part R416
Removed Parameter Supplier Part Number 1:P10.0KABCT-ND from Part R417
Removed Parameter Supplier Part Number 2:81-GRM155R61A106ME1D from Part C400
Removed Parameter Supplier Part Number 2:81-GRM155R61A106ME1D from Part C401
Removed Parameter Supplier Part Number 2:81-GRM155R61A106ME1D from Part C402
Removed Parameter Supplier Part Number 2:81-GRM155R61A106ME1D from Part C403
Removed Parameter Supplier Part Number 2:81-GRM155R61A106ME1D from Part C404
Removed Parameter Supplier Part Number 2:81-GRM155R61A106ME1D from Part C405
Removed Parameter Supplier Part Number 2:81-GRM155R61A106ME1D from Part C406
Removed Parameter Supplier Part Number 2:81-GRM155R61A106ME1D from Part C407
Removed Parameter Supplier Part Number 2:81-GRM155R61A106ME1D from Part C408
Removed Parameter Supplier Part Number 2:81-GRM155R61A106ME1D from Part C409
Removed Parameter Supplier Part Number 2:81-GRM155R61A106ME1D from Part C410
Removed Parameter Supplier Part Number 2:81-GRM155R61A106ME1D from Part C411
Removed Parameter Supplier Part Number 2:81-GRM155R61A106ME1D from Part C412
Removed Parameter Supplier Part Number 2:81-GRM155R61A106ME1D from Part C413
Removed Parameter Supplier Part Number 2:81-GRM155R61A106ME1D from Part C414
Removed Parameter Supplier Part Number 2:81-GRM155R61A106ME1D from Part C415
Removed Parameter Supplier Part Number 2:81-GRM155R61A106ME1D from Part C416
Removed Parameter Supplier Part Number 2:81-GRM155R61A106ME1D from Part C417
Removed Parameter Supplier Part Number 2:81-GRM155R61A106ME1D from Part C418
Removed Parameter Supplier Part Number 2:81-GRM155R61A106ME1D from Part C419
Removed Parameter Supplier Part Number 2:81-GRM155R61A106ME1D from Part C420
Removed Parameter Supplier Part Number 2:311-10.0KMCT-ND from Part R400
Removed Parameter Supplier Part Number 2:311-10.0KMCT-ND from Part R401
Removed Parameter Supplier Part Number 2:311-10.0KMCT-ND from Part R402
Removed Parameter Supplier Part Number 2:311-10.0KMCT-ND from Part R403
Removed Parameter Supplier Part Number 2:311-10.0KMCT-ND from Part R404
Removed Parameter Supplier Part Number 2:311-10.0KMCT-ND from Part R405
Removed Parameter Supplier Part Number 2:311-10.0KMCT-ND from Part R406
Removed Parameter Supplier Part Number 2:311-10.0KMCT-ND from Part R407
Removed Parameter Supplier Part Number 2:311-10.0KMCT-ND from Part R408
Removed Parameter Supplier Part Number 2:311-10.0KMCT-ND from Part R409
Removed Parameter Supplier Part Number 2:311-10.0KMCT-ND from Part R410
Removed Parameter Supplier Part Number 2:311-10.0KMCT-ND from Part R411
Removed Parameter Supplier Part Number 2:311-10.0KMCT-ND from Part R412
Removed Parameter Supplier Part Number 2:311-10.0KMCT-ND from Part R413
Removed Parameter Supplier Part Number 2:311-10.0KMCT-ND from Part R414
Removed Parameter Supplier Part Number 2:311-10.0KMCT-ND from Part R415
Removed Parameter Supplier Part Number 2:311-10.0KMCT-ND from Part R416
Removed Parameter Supplier Part Number 2:311-10.0KMCT-ND from Part R417
Removed Parameter Thickness:0.035inch from Part C400
Removed Parameter Thickness:0.035inch from Part C401
Removed Parameter Thickness:0.035inch from Part C402
Removed Parameter Thickness:0.035inch from Part C403
Removed Parameter Thickness:0.035inch from Part C405
Removed Parameter Thickness:0.035inch from Part C406
Removed Parameter Thickness:0.035inch from Part C407
Removed Parameter Thickness:0.035inch from Part C408
Removed Parameter Thickness:0.035inch from Part C409
Removed Parameter Thickness:0.035inch from Part C411
Removed Parameter Thickness:0.035inch from Part C412
Removed Parameter Thickness:0.035inch from Part C413
Removed Parameter Thickness:0.035inch from Part C414
Removed Parameter Thickness:0.035inch from Part C415
Removed Parameter Thickness:0.035inch from Part C416
Removed Parameter Thickness:0.035inch from Part C417
Removed Parameter Thickness:0.035inch from Part C418
Removed Parameter Thickness:0.035inch from Part C419
Removed Parameter Thickness:0.035inch from Part C420
Removed Parameter Tolerance:20% from Part C400
Removed Parameter Tolerance:20% from Part C401
Removed Parameter Tolerance:20% from Part C402
Removed Parameter Tolerance:20% from Part C403
Removed Parameter Tolerance:20% from Part C405
Removed Parameter Tolerance:20% from Part C406
Removed Parameter Tolerance:20% from Part C407
Removed Parameter Tolerance:20% from Part C408
Removed Parameter Tolerance:20% from Part C409
Removed Parameter Tolerance:20% from Part C411
Removed Parameter Tolerance:20% from Part C412
Removed Parameter Tolerance:20% from Part C413
Removed Parameter Tolerance:20% from Part C414
Removed Parameter Tolerance:20% from Part C415
Removed Parameter Tolerance:20% from Part C416
Removed Parameter Tolerance:20% from Part C417
Removed Parameter Tolerance:20% from Part C418
Removed Parameter Tolerance:20% from Part C419
Removed Parameter Tolerance:20% from Part C420
Removed Parameter Type:DEV from Part U408
Removed Parameter Value:AP1117E33G from Part U407
Removed Parameter Value: from Part TP400
Removed Parameter Value: from Part TP401
Removed Parameter Value: from Part TP402
Removed Parameter Value: from Part TP403
Removed Parameter Value: from Part TP404
Removed Parameter Value: from Part TP405
Removed Parameter Value: from Part TP406
Removed Parameter Value: from Part TP407
Removed Parameter Value: from Part TP408
Removed Parameter Value: from Part TP409
Removed Parameter Value: from Part TP410
Removed Parameter Value: from Part TP411
Removed Parameter Value:* from Part U400
Removed Parameter Value:* from Part U406
Removed Parameter Voltage Rating:10V from Part C400
Removed Parameter Voltage Rating:10V from Part C401
Removed Parameter Voltage Rating:10V from Part C404
Removed Parameter Voltage Rating:10V from Part C405
Removed Parameter Voltage Rating:10V from Part C407
Removed Parameter Voltage Rating:10V from Part C408
Removed Parameter Voltage Rating:10V from Part C409
Removed Parameter Voltage Rating:10V from Part C410
Removed Parameter Voltage Rating:10V from Part C411
Removed Parameter Width:0.02inch from Part C400
Removed Parameter Width:0.02inch from Part C401
Removed Parameter Width:0.02inch from Part C402
Removed Parameter Width:0.02inch from Part C403
Removed Parameter Width:0.02inch from Part C405
Removed Parameter Width:0.02inch from Part C406
Removed Parameter Width:0.02inch from Part C407
Removed Parameter Width:0.02inch from Part C408
Removed Parameter Width:0.02inch from Part C409
Removed Parameter Width:0.02inch from Part C411
Removed Parameter Width:0.02inch from Part C412
Removed Parameter Width:0.02inch from Part C413
Removed Parameter Width:0.02inch from Part C414
Removed Parameter Width:0.02inch from Part C415
Removed Parameter Width:0.02inch from Part C416
Removed Parameter Width:0.02inch from Part C417
Removed Parameter Width:0.02inch from Part C418
Removed Parameter Width:0.02inch from Part C419
Removed Parameter Width:0.02inch from Part C420
