Removed Parameter Availability:In Stock from Part U400
Removed Parameter Availability:Unavailable from Part U406
Removed Parameter Earable Part Number:ERB000054 from Part C400
Removed Parameter Earable Part Number:ERB000054 from Part C401
Removed Parameter Earable Part Number:ERB000054 from Part C402
Removed Parameter Earable Part Number:ERB000054 from Part C403
Removed Parameter Earable Part Number:ERB000054 from Part C404
Removed Parameter Earable Part Number:ERB000054 from Part C405
Removed Parameter Earable Part Number:ERB000054 from Part C406
Removed Parameter Earable Part Number:ERB000054 from Part C407
Removed Parameter Earable Part Number:ERB000054 from Part C408
Removed Parameter Earable Part Number:ERB000054 from Part C409
Removed Parameter Earable Part Number:ERB000054 from Part C410
Removed Parameter Earable Part Number:ERB000054 from Part C411
Removed Parameter Earable Part Number:ERB000054 from Part C412
Removed Parameter Earable Part Number:ERB000054 from Part C413
Removed Parameter Earable Part Number:ERB000054 from Part C414
Removed Parameter Earable Part Number:ERB000054 from Part C415
Removed Parameter Earable Part Number:ERB000054 from Part C416
Removed Parameter Earable Part Number:ERB000054 from Part C417
Removed Parameter Earable Part Number:ERB000054 from Part C418
Removed Parameter Earable Part Number:ERB000054 from Part C419
Removed Parameter Earable Part Number:ERB000054 from Part C420
Removed Parameter Earable Part Number:ERB000112 from Part R400
Removed Parameter Earable Part Number:ERB000112 from Part R401
Removed Parameter Earable Part Number:ERB000112 from Part R402
Removed Parameter Earable Part Number:ERB000112 from Part R403
Removed Parameter Earable Part Number:ERB000112 from Part R404
Removed Parameter Earable Part Number:ERB000112 from Part R405
Removed Parameter Earable Part Number:ERB000112 from Part R406
Removed Parameter Earable Part Number:ERB000112 from Part R407
Removed Parameter Earable Part Number:ERB000112 from Part R408
Removed Parameter Earable Part Number:ERB000112 from Part R409
Removed Parameter Earable Part Number:ERB000112 from Part R410
Removed Parameter Earable Part Number:ERB000112 from Part R411
Removed Parameter Earable Part Number:ERB000112 from Part R412
Removed Parameter Earable Part Number:ERB000112 from Part R413
Removed Parameter Earable Part Number:ERB000112 from Part R414
Removed Parameter Earable Part Number:ERB000112 from Part R415
Removed Parameter Earable Part Number:ERB000112 from Part R416
Removed Parameter Earable Part Number:ERB000112 from Part R417
Change Component Parameter Description in R415 Old=11.3kOhms ±1% 0.05W, 1/20W Chip Resistor 0201 (0603 Metric) Moisture Resistant Thick Film New=RES SMD 1K OHM 1% 1/8W 0603
