Change Component Parameter Description in C400 Old=10 µF ±20% 10V Ceramic Capacitor X5R 0402 (1005 Metric) New=CAP CER 100nF 16V X5R 0603
Change Component Parameter Description in C401 Old=10 µF ±20% 10V Ceramic Capacitor X5R 0402 (1005 Metric) New=CAP CER 100nF 16V X5R 0603
Change Component Parameter Description in C402 Old=10 µF ±20% 10V Ceramic Capacitor X5R 0402 (1005 Metric) New=CAP CER 100nF 16V X5R 0603
Change Component Parameter Description in C403 Old=10 µF ±20% 10V Ceramic Capacitor X5R 0402 (1005 Metric) New=CAP CER 100nF 16V X5R 0603
Change Component Parameter Description in C404 Old=10 µF ±20% 10V Ceramic Capacitor X5R 0402 (1005 Metric) New=CAP CER 10UF 16V X5R 0603
Change Component Parameter Description in C405 Old=10 µF ±20% 10V Ceramic Capacitor X5R 0402 (1005 Metric) New=CAP CER 100nF 16V X5R 0603
Change Component Parameter Description in C406 Old=10 µF ±20% 10V Ceramic Capacitor X5R 0402 (1005 Metric) New=CAP CER 100nF 16V X5R 0603
Change Component Parameter Comment in C407 Old= New=10uF
Change Component Parameter Description in C407 Old=10 µF ±20% 10V Ceramic Capacitor X5R 0402 (1005 Metric) New=CAP CER 10UF 16V X5R 0603
Change Component Parameter Description in C408 Old=10 µF ±20% 10V Ceramic Capacitor X5R 0402 (1005 Metric) New=CAP CER 100nF 16V X5R 0603
Change Component Parameter Description in C409 Old=10 µF ±20% 10V Ceramic Capacitor X5R 0402 (1005 Metric) New=CAP CER 100nF 16V X5R 0603
Change Component Parameter Description in C410 Old=10 µF ±20% 10V Ceramic Capacitor X5R 0402 (1005 Metric) New=CAP CER 10UF 16V X5R 0603
Change Component Parameter Description in C411 Old=10 µF ±20% 10V Ceramic Capacitor X5R 0402 (1005 Metric) New=CAP CER 100nF 16V X5R 0603
Change Component Parameter Description in C412 Old=10 µF ±20% 10V Ceramic Capacitor X5R 0402 (1005 Metric) New=CAP CER 100nF 16V X5R 0603
Change Component Parameter Description in C413 Old=10 µF ±20% 10V Ceramic Capacitor X5R 0402 (1005 Metric) New=CAP CER 100nF 16V X5R 0603
Change Component Parameter Description in C414 Old=10 µF ±20% 10V Ceramic Capacitor X5R 0402 (1005 Metric) New=CAP CER 100nF 16V X5R 0603
Change Component Parameter Description in C415 Old=10 µF ±20% 10V Ceramic Capacitor X5R 0402 (1005 Metric) New=CAP CER 100nF 16V X5R 0603
Change Component Parameter Description in C416 Old=10 µF ±20% 10V Ceramic Capacitor X5R 0402 (1005 Metric) New=CAP CER 100nF 16V X5R 0603
Change Component Parameter Description in C417 Old=10 µF ±20% 10V Ceramic Capacitor X5R 0402 (1005 Metric) New=CAP CER 100nF 16V X5R 0603
Change Component Parameter Description in C418 Old=10 µF ±20% 10V Ceramic Capacitor X5R 0402 (1005 Metric) New=CAP CER 100nF 16V X5R 0603
Change Component Parameter Comment in C419 Old= New=10uF
Change Component Parameter Description in C419 Old=10 µF ±20% 10V Ceramic Capacitor X5R 0402 (1005 Metric) New=CAP CER 10UF 16V X5R 0603
Change Component Parameter Description in C420 Old=10 µF ±20% 10V Ceramic Capacitor X5R 0402 (1005 Metric) New=CAP CER 100nF 16V X5R 0603
Change Component Parameter Description in R400 Old=11.3kOhms ±1% 0.05W, 1/20W Chip Resistor 0201 (0603 Metric) Moisture Resistant Thick Film New=RES SMD 10K OHM 1% 1/8W 0603
Change Component Parameter Description in R401 Old=11.3kOhms ±1% 0.05W, 1/20W Chip Resistor 0201 (0603 Metric) Moisture Resistant Thick Film New=RES SMD 10K OHM 1% 1/8W 0603
Change Component Parameter Description in R402 Old=11.3kOhms ±1% 0.05W, 1/20W Chip Resistor 0201 (0603 Metric) Moisture Resistant Thick Film New=RES SMD 10R OHM 1% 1/8W 0603  
Change Component Parameter Description in R403 Old=11.3kOhms ±1% 0.05W, 1/20W Chip Resistor 0201 (0603 Metric) Moisture Resistant Thick Film New=RES SMD 10K OHM 1% 1/8W 0603
Change Component Parameter Description in R404 Old=11.3kOhms ±1% 0.05W, 1/20W Chip Resistor 0201 (0603 Metric) Moisture Resistant Thick Film New=RES SMD 10K OHM 1% 1/8W 0603
Change Component Parameter Description in R413 Old=11.3kOhms ±1% 0.05W, 1/20W Chip Resistor 0201 (0603 Metric) Moisture Resistant Thick Film New=RES SMD 10R OHM 1% 1/8W 0603  
Change Component Parameter Description in R414 Old=11.3kOhms ±1% 0.05W, 1/20W Chip Resistor 0201 (0603 Metric) Moisture Resistant Thick Film New=RES SMD 10K OHM 1% 1/8W 0603
Change Component Parameter Description in R416 Old=11.3kOhms ±1% 0.05W, 1/20W Chip Resistor 0201 (0603 Metric) Moisture Resistant Thick Film New=RES SMD 10R OHM 1% 1/8W 0603  
Change Component Parameter Description in R417 Old=11.3kOhms ±1% 0.05W, 1/20W Chip Resistor 0201 (0603 Metric) Moisture Resistant Thick Film New=RES SMD 10K OHM 1% 1/8W 0603
