Change Component Designator: Old Designator=C1 New Designator=C100
Change Component Designator: Old Designator=C2 New Designator=C101
Change Component Designator: Old Designator=C3 New Designator=C102
Change Component Designator: Old Designator=C4 New Designator=C103
Change Component Designator: Old Designator=C5 New Designator=C104
Change Component Designator: Old Designator=C6 New Designator=C105
Change Component Designator: Old Designator=C7 New Designator=C106
Change Component Designator: Old Designator=D1 New Designator=D100
Change Component Designator: Old Designator=D2 New Designator=D101
Change Component Designator: Old Designator=D3 New Designator=D102
Change Component Designator: Old Designator=D4 New Designator=D103
Change Component Designator: Old Designator=D5 New Designator=D104
Change Component Designator: Old Designator=D6 New Designator=D105
Change Component Designator: Old Designator=D7 New Designator=D106
Change Component Designator: Old Designator=D8 New Designator=D107
Change Component Designator: Old Designator=ESP1 New Designator=ESP100
Change Component Designator: Old Designator=MODE1 New Designator=MODE100
Change Component Designator: Old Designator=Q1 New Designator=Q100
Change Component Designator: Old Designator=R1 New Designator=R100
Change Component Designator: Old Designator=R2 New Designator=R101
Change Component Designator: Old Designator=R3 New Designator=R102
Change Component Designator: Old Designator=R4 New Designator=R103
Change Component Designator: Old Designator=R5 New Designator=R104
Change Component Designator: Old Designator=R6 New Designator=R105
Change Component Designator: Old Designator=R7 New Designator=R106
Change Component Designator: Old Designator=R8 New Designator=R107
Change Component Designator: Old Designator=R9 New Designator=R108
Change Component Designator: Old Designator=R10 New Designator=R109
Change Component Designator: Old Designator=R11 New Designator=R110
Change Component Designator: Old Designator=S1 New Designator=S100
Change Component Designator: Old Designator=S2 New Designator=S101
Change Component Designator: Old Designator=TP1 New Designator=TP100
Change Component Designator: Old Designator=TP2 New Designator=TP101
Change Component Designator: Old Designator=TP3 New Designator=TP102
Change Component Designator: Old Designator=U1 New Designator=U100
Change Component Designator: Old Designator=U2 New Designator=U101
Change Component Designator: Old Designator=USB1 New Designator=USB100
Change Component Designator: Old Designator=XT1 New Designator=XT100
