Change Component Designator: Old Designator=C200 New Designator=C?
Change Component Designator: Old Designator=C201 New Designator=C?
Change Component Designator: Old Designator=C202 New Designator=C?
Change Component Designator: Old Designator=C203 New Designator=C?
Change Component Designator: Old Designator=C204 New Designator=C?
Change Component Designator: Old Designator=C205 New Designator=C?
Change Component Designator: Old Designator=C206 New Designator=C?
Change Component Designator: Old Designator=C207 New Designator=C?
Change Component Designator: Old Designator=C208 New Designator=C?
Change Component Designator: Old Designator=D200 New Designator=D?
Change Component Designator: Old Designator=D201 New Designator=D?
Change Component Designator: Old Designator=D203 New Designator=D?
Change Component Designator: Old Designator=D204 New Designator=D?
Change Component Designator: Old Designator=D205 New Designator=D?
Change Component Designator: Old Designator=D206 New Designator=D?
Change Component Designator: Old Designator=D207 New Designator=D?
Change Component Designator: Old Designator=ESP200 New Designator=ESP?
Change Component Designator: Old Designator=MODE200 New Designator=MODE?
Change Component Designator: Old Designator=Q200 New Designator=Q?
Change Component Designator: Old Designator=R200 New Designator=R?
Change Component Designator: Old Designator=R201 New Designator=R?
Change Component Designator: Old Designator=R203 New Designator=R?
Change Component Designator: Old Designator=R204 New Designator=R?
Change Component Designator: Old Designator=R205 New Designator=R?
Change Component Designator: Old Designator=R206 New Designator=R?
Change Component Designator: Old Designator=R207 New Designator=R?
Change Component Designator: Old Designator=R208 New Designator=R?
Change Component Designator: Old Designator=R209 New Designator=R?
Change Component Designator: Old Designator=R210 New Designator=R?
Change Component Designator: Old Designator=S200 New Designator=S?
Change Component Designator: Old Designator=S201 New Designator=S?
Change Component Designator: Old Designator=TP200 New Designator=TP?
Change Component Designator: Old Designator=TP201 New Designator=TP?
Change Component Designator: Old Designator=U200 New Designator=U?
Change Component Designator: Old Designator=U201 New Designator=U?
Change Component Designator: Old Designator=USB200 New Designator=USB?
Change Component Designator: Old Designator=XT200 New Designator=XT?
