Change Component Designator: Old Designator=C? New Designator=C200
Change Component Designator: Old Designator=C? New Designator=C201
Change Component Designator: Old Designator=C? New Designator=C202
Change Component Designator: Old Designator=C? New Designator=C203
Change Component Designator: Old Designator=C? New Designator=C204
Change Component Designator: Old Designator=C? New Designator=C205
Change Component Designator: Old Designator=C? New Designator=C206
Change Component Designator: Old Designator=C? New Designator=C207
Change Component Designator: Old Designator=C? New Designator=C208
Change Component Designator: Old Designator=D? New Designator=D200
Change Component Designator: Old Designator=D? New Designator=D201
Change Component Designator: Old Designator=D? New Designator=D202
Change Component Designator: Old Designator=D? New Designator=D203
Change Component Designator: Old Designator=D? New Designator=D204
Change Component Designator: Old Designator=D? New Designator=D205
Change Component Designator: Old Designator=D? New Designator=D206
Change Component Designator: Old Designator=ESP? New Designator=ESP200
Change Component Designator: Old Designator=MODE? New Designator=MODE200
Change Component Designator: Old Designator=Q? New Designator=Q200
Change Component Designator: Old Designator=R? New Designator=R200
Change Component Designator: Old Designator=R? New Designator=R201
Change Component Designator: Old Designator=R? New Designator=R202
Change Component Designator: Old Designator=R? New Designator=R203
Change Component Designator: Old Designator=R? New Designator=R204
Change Component Designator: Old Designator=R? New Designator=R205
Change Component Designator: Old Designator=R? New Designator=R206
Change Component Designator: Old Designator=R? New Designator=R207
Change Component Designator: Old Designator=R? New Designator=R208
Change Component Designator: Old Designator=R? New Designator=R209
Change Component Designator: Old Designator=S? New Designator=S200
Change Component Designator: Old Designator=S? New Designator=S201
Change Component Designator: Old Designator=TP? New Designator=TP200
Change Component Designator: Old Designator=TP? New Designator=TP201
Change Component Designator: Old Designator=U? New Designator=U200
Change Component Designator: Old Designator=U? New Designator=U201
Change Component Designator: Old Designator=USB? New Designator=USB200
Change Component Designator: Old Designator=XT? New Designator=XT200
