Change Component Designator: Old Designator=C100 New Designator=C?
Change Component Designator: Old Designator=C101 New Designator=C?
Change Component Designator: Old Designator=C102 New Designator=C?
Change Component Designator: Old Designator=C103 New Designator=C?
Change Component Designator: Old Designator=C104 New Designator=C?
Change Component Designator: Old Designator=C105 New Designator=C?
Change Component Designator: Old Designator=C106 New Designator=C?
Change Component Designator: Old Designator=D100 New Designator=D?
Change Component Designator: Old Designator=D101 New Designator=D?
Change Component Designator: Old Designator=D102 New Designator=D?
Change Component Designator: Old Designator=D103 New Designator=D?
Change Component Designator: Old Designator=D104 New Designator=D?
Change Component Designator: Old Designator=D105 New Designator=D?
Change Component Designator: Old Designator=D106 New Designator=D?
Change Component Designator: Old Designator=D107 New Designator=D?
Change Component Designator: Old Designator=ESP100 New Designator=ESP?
Change Component Designator: Old Designator=MODE100 New Designator=MODE?
Change Component Designator: Old Designator=Q100 New Designator=Q?
Change Component Designator: Old Designator=R100 New Designator=R?
Change Component Designator: Old Designator=R101 New Designator=R?
Change Component Designator: Old Designator=R102 New Designator=R?
Change Component Designator: Old Designator=R103 New Designator=R?
Change Component Designator: Old Designator=R104 New Designator=R?
Change Component Designator: Old Designator=R105 New Designator=R?
Change Component Designator: Old Designator=R106 New Designator=R?
Change Component Designator: Old Designator=R107 New Designator=R?
Change Component Designator: Old Designator=R108 New Designator=R?
Change Component Designator: Old Designator=R109 New Designator=R?
Change Component Designator: Old Designator=R110 New Designator=R?
Change Component Designator: Old Designator=S100 New Designator=S?
Change Component Designator: Old Designator=S101 New Designator=S?
Change Component Designator: Old Designator=TP100 New Designator=TP?
Change Component Designator: Old Designator=TP101 New Designator=TP?
Change Component Designator: Old Designator=TP102 New Designator=TP?
Change Component Designator: Old Designator=U100 New Designator=U?
Change Component Designator: Old Designator=U101 New Designator=U?
Change Component Designator: Old Designator=USB100 New Designator=USB?
Change Component Designator: Old Designator=XT100 New Designator=XT?
