Change Component Designator: Old Designator=B200 New Designator=B?
Change Component Designator: Old Designator=C200 New Designator=C?
Change Component Designator: Old Designator=C201 New Designator=C?
Change Component Designator: Old Designator=C202 New Designator=C?
Change Component Designator: Old Designator=C203 New Designator=C?
Change Component Designator: Old Designator=C204 New Designator=C?
Change Component Designator: Old Designator=C205 New Designator=C?
Change Component Designator: Old Designator=C206 New Designator=C?
Change Component Designator: Old Designator=C207 New Designator=C?
Change Component Designator: Old Designator=C208 New Designator=C?
Change Component Designator: Old Designator=D200 New Designator=D?
Change Component Designator: Old Designator=D201 New Designator=D?
Change Component Designator: Old Designator=D202 New Designator=D?
Change Component Designator: Old Designator=D203 New Designator=D?
Change Component Designator: Old Designator=D204 New Designator=D?
Change Component Designator: Old Designator=D205 New Designator=D?
Change Component Designator: Old Designator=D206 New Designator=D?
Change Component Designator: Old Designator=D207 New Designator=D?
Change Component Designator: Old Designator=D208 New Designator=D?
Change Component Designator: Old Designator=J200 New Designator=J?
Change Component Designator: Old Designator=P200 New Designator=P?
Change Component Designator: Old Designator=Q200 New Designator=Q?
Change Component Designator: Old Designator=R200 New Designator=R?
Change Component Designator: Old Designator=R201 New Designator=R?
Change Component Designator: Old Designator=R202 New Designator=R?
Change Component Designator: Old Designator=R203 New Designator=R?
Change Component Designator: Old Designator=R204 New Designator=R?
Change Component Designator: Old Designator=R205 New Designator=R?
Change Component Designator: Old Designator=R206 New Designator=R?
Change Component Designator: Old Designator=R207 New Designator=R?
Change Component Designator: Old Designator=R208 New Designator=R?
Change Component Designator: Old Designator=R209 New Designator=R?
Change Component Designator: Old Designator=R210 New Designator=R?
Change Component Designator: Old Designator=R211 New Designator=R?
Change Component Designator: Old Designator=R212 New Designator=R?
Change Component Designator: Old Designator=R213 New Designator=R?
Change Component Designator: Old Designator=R214 New Designator=R?
Change Component Designator: Old Designator=TP200 New Designator=TP?
Change Component Designator: Old Designator=TP201 New Designator=TP?
Change Component Designator: Old Designator=TP202 New Designator=TP?
Change Component Designator: Old Designator=TP203 New Designator=TP?
Change Component Designator: Old Designator=TP204 New Designator=TP?
Change Component Designator: Old Designator=TP205 New Designator=TP?
Change Component Designator: Old Designator=TP206 New Designator=TP?
Change Component Designator: Old Designator=TP207 New Designator=TP?
Change Component Designator: Old Designator=TP208 New Designator=TP?
Change Component Designator: Old Designator=TP209 New Designator=TP?
Change Component Designator: Old Designator=U200 New Designator=U?
Change Component Designator: Old Designator=U201 New Designator=U?
Change Component Designator: Old Designator=XT200 New Designator=XT?
