Change Component Designator: Old Designator=B1 New Designator=B200
Change Component Designator: Old Designator=C8 New Designator=C200
Change Component Designator: Old Designator=C9 New Designator=C201
Change Component Designator: Old Designator=C10 New Designator=C202
Change Component Designator: Old Designator=C11 New Designator=C203
Change Component Designator: Old Designator=C12 New Designator=C204
Change Component Designator: Old Designator=C13 New Designator=C205
Change Component Designator: Old Designator=C14 New Designator=C206
Change Component Designator: Old Designator=C15 New Designator=C207
Change Component Designator: Old Designator=C16 New Designator=C208
Change Component Designator: Old Designator=D9 New Designator=D200
Change Component Designator: Old Designator=D10 New Designator=D201
Change Component Designator: Old Designator=D11 New Designator=D202
Change Component Designator: Old Designator=D12 New Designator=D203
Change Component Designator: Old Designator=D13 New Designator=D204
Change Component Designator: Old Designator=D14 New Designator=D205
Change Component Designator: Old Designator=D15 New Designator=D206
Change Component Designator: Old Designator=D16 New Designator=D207
Change Component Designator: Old Designator=D17 New Designator=D208
Change Component Designator: Old Designator=J1 New Designator=J200
Change Component Designator: Old Designator=P1 New Designator=P200
Change Component Designator: Old Designator=Q2 New Designator=Q200
Change Component Designator: Old Designator=R12 New Designator=R200
Change Component Designator: Old Designator=R13 New Designator=R201
Change Component Designator: Old Designator=R14 New Designator=R202
Change Component Designator: Old Designator=R15 New Designator=R203
Change Component Designator: Old Designator=R16 New Designator=R204
Change Component Designator: Old Designator=R17 New Designator=R205
Change Component Designator: Old Designator=R18 New Designator=R206
Change Component Designator: Old Designator=R19 New Designator=R207
Change Component Designator: Old Designator=R20 New Designator=R208
Change Component Designator: Old Designator=R21 New Designator=R209
Change Component Designator: Old Designator=R22 New Designator=R210
Change Component Designator: Old Designator=R23 New Designator=R211
Change Component Designator: Old Designator=R24 New Designator=R212
Change Component Designator: Old Designator=R25 New Designator=R213
Change Component Designator: Old Designator=R26 New Designator=R214
Change Component Designator: Old Designator=TP4 New Designator=TP200
Change Component Designator: Old Designator=TP5 New Designator=TP201
Change Component Designator: Old Designator=TP6 New Designator=TP202
Change Component Designator: Old Designator=TP7 New Designator=TP203
Change Component Designator: Old Designator=TP8 New Designator=TP204
Change Component Designator: Old Designator=TP9 New Designator=TP205
Change Component Designator: Old Designator=TP10 New Designator=TP206
Change Component Designator: Old Designator=TP11 New Designator=TP207
Change Component Designator: Old Designator=TP12 New Designator=TP208
Change Component Designator: Old Designator=TP13 New Designator=TP209
Change Component Designator: Old Designator=U3 New Designator=U200
Change Component Designator: Old Designator=U4 New Designator=U201
Change Component Designator: Old Designator=XT2 New Designator=XT200
