Change Component Designator: Old Designator=B? New Designator=B100
Change Component Designator: Old Designator=C? New Designator=C100
Change Component Designator: Old Designator=C? New Designator=C101
Change Component Designator: Old Designator=C? New Designator=C102
Change Component Designator: Old Designator=C? New Designator=C103
Change Component Designator: Old Designator=C? New Designator=C104
Change Component Designator: Old Designator=C? New Designator=C105
Change Component Designator: Old Designator=C? New Designator=C106
Change Component Designator: Old Designator=C? New Designator=C107
Change Component Designator: Old Designator=C? New Designator=C108
Change Component Designator: Old Designator=C? New Designator=C109
Change Component Designator: Old Designator=D? New Designator=D100
Change Component Designator: Old Designator=D? New Designator=D101
Change Component Designator: Old Designator=D? New Designator=D102
Change Component Designator: Old Designator=D? New Designator=D103
Change Component Designator: Old Designator=D? New Designator=D104
Change Component Designator: Old Designator=D? New Designator=D105
Change Component Designator: Old Designator=D? New Designator=D106
Change Component Designator: Old Designator=D? New Designator=D107
Change Component Designator: Old Designator=D? New Designator=D108
Change Component Designator: Old Designator=P? New Designator=P100
Change Component Designator: Old Designator=Q? New Designator=Q100
Change Component Designator: Old Designator=R? New Designator=R100
Change Component Designator: Old Designator=R? New Designator=R101
Change Component Designator: Old Designator=R? New Designator=R102
Change Component Designator: Old Designator=R? New Designator=R103
Change Component Designator: Old Designator=R? New Designator=R104
Change Component Designator: Old Designator=R? New Designator=R105
Change Component Designator: Old Designator=R? New Designator=R106
Change Component Designator: Old Designator=R? New Designator=R107
Change Component Designator: Old Designator=R? New Designator=R108
Change Component Designator: Old Designator=R? New Designator=R109
Change Component Designator: Old Designator=R? New Designator=R110
Change Component Designator: Old Designator=R? New Designator=R111
Change Component Designator: Old Designator=TP? New Designator=TP100
Change Component Designator: Old Designator=TP? New Designator=TP101
Change Component Designator: Old Designator=TP? New Designator=TP102
Change Component Designator: Old Designator=TP? New Designator=TP103
Change Component Designator: Old Designator=TP? New Designator=TP104
Change Component Designator: Old Designator=TP? New Designator=TP105
Change Component Designator: Old Designator=TP? New Designator=TP106
Change Component Designator: Old Designator=TP? New Designator=TP107
Change Component Designator: Old Designator=TP? New Designator=TP108
Change Component Designator: Old Designator=TP? New Designator=TP109
Change Component Designator: Old Designator=TP? New Designator=TP110
Change Component Designator: Old Designator=TP? New Designator=TP111
Change Component Designator: Old Designator=TP? New Designator=TP112
Change Component Designator: Old Designator=U? New Designator=U100
Change Component Designator: Old Designator=U? New Designator=U101
Change Component Designator: Old Designator=USB? New Designator=USB100
Change Component Designator: Old Designator=X? New Designator=X100
