Change Component Parameter Description in C100 Old=Capacitor New=CAP CER 100nF 16V X5R 0603
Change Component Parameter Description in C103 Old=Capacitor New=CAP CER 10UF 16V X5R 0603
Change Component Parameter Description in C104 Old=Capacitor New=CAP CER 100nF 16V X5R 0603
Change Component Parameter Description in C105 Old=Capacitor New=CAP CER 100nF 16V X5R 0603
Change Component Parameter Description in C106 Old=Capacitor New=CAP CER 100nF 16V X5R 0603
Change Component Parameter Description in C107 Old=Capacitor New=CAP CER 100nF 16V X5R 0603
Change Component Parameter Description in C108 Old=Capacitor New=CAP CER 100nF 16V X5R 0603
Change Component Parameter Comment in R100 Old= New=10kR
Change Component Parameter Description in R100 Old=Resistor New=RES SMD 10K OHM 1% 1/8W 0603
Change Component Parameter Comment in R105 Old= New=10R
Change Component Parameter Description in R105 Old=Resistor 1/4W New=RES SMD 10R OHM 1% 1/8W 0603  
Change Component Parameter Comment in R106 Old= New=10R
Change Component Parameter Description in R106 Old=Resistor 1/4W New=RES SMD 10R OHM 1% 1/8W 0603  
Change Component Parameter Comment in R107 Old= New=10R
Change Component Parameter Description in R107 Old=Resistor 1/4W New=RES SMD 10R OHM 1% 1/8W 0603  
Change Component Parameter Comment in R108 Old= New=10R
Change Component Parameter Description in R108 Old=Resistor 1/4W New=RES SMD 10R OHM 1% 1/8W 0603  
Change Component Parameter Comment in R109 Old= New=10R
Change Component Parameter Description in R109 Old=Resistor 1/4W New=RES SMD 10R OHM 1% 1/8W 0603  
Change Component Parameter Description in R111 Old=11.3kOhms ±1% 0.05W, 1/20W Chip Resistor 0201 (0603 Metric) Moisture Resistant Thick Film New=RES SMD 10K OHM 1% 1/8W 0603
Change Component Parameter Comment in R114 Old= New=10R
Change Component Parameter Description in R114 Old=Resistor 1/4W New=RES SMD 10R OHM 1% 1/8W 0603  
Change Component Parameter Comment in R115 Old= New=10R
Change Component Parameter Description in R115 Old=Resistor 1/4W New=RES SMD 10R OHM 1% 1/8W 0603  
Change Component Parameter Comment in R116 Old= New=10R
Change Component Parameter Description in R116 Old=Resistor 1/4W New=RES SMD 10R OHM 1% 1/8W 0603  
Change Component Parameter Comment in R117 Old= New=10R
Change Component Parameter Description in R117 Old=Resistor 1/4W New=RES SMD 10R OHM 1% 1/8W 0603  
Change Component Parameter Comment in R118 Old= New=10R
Change Component Parameter Description in R118 Old=Resistor 1/4W New=RES SMD 10R OHM 1% 1/8W 0603  
Change Component Parameter Comment in R119 Old= New=10R
Change Component Parameter Description in R119 Old=Resistor 1/4W New=RES SMD 10R OHM 1% 1/8W 0603  
Change Component Parameter Comment in R120 Old= New=10R
Change Component Parameter Description in R120 Old=Resistor 1/4W New=RES SMD 10R OHM 1% 1/8W 0603  
Change Component Parameter Comment in R121 Old= New=10R
Change Component Parameter Description in R121 Old=Resistor 1/4W New=RES SMD 10R OHM 1% 1/8W 0603  
Change Component Parameter Comment in R122 Old= New=10R
Change Component Parameter Description in R122 Old=Resistor 1/4W New=RES SMD 10R OHM 1% 1/8W 0603  
