Add Component: Footprint Not Found MOLX-532610271_V
Add Component: Footprint Not Found MSK12C02
Add Component: Footprint Not Found SW
Added Component: Designator=U409(SOT95P280X145-5N)
Added Component: Designator=U410(SOT95P280X145-5N)
Add Pin To Net: Unknown Pin: Pin CN300-1
Add Pin To Net: Unknown Pin: Pin CN300-2
Add Pin To Net: Unknown Pin: Pin D300-1
Add Pin To Net: Unknown Pin: Pin D300-2
Add Pin To Net: Unknown Pin: Pin D302-A
Add Pin To Net: Unknown Pin: Pin D302-K
Add Pin To Net: Unknown Pin: Pin D303-A
Add Pin To Net: Unknown Pin: Pin D303-K
Add Pin To Net: Unknown Pin: Pin S300-A1
Add Pin To Net: Unknown Pin: Pin S300-B1
Add Pin To Net: Unknown Pin: Pin SW300-1
Add Pin To Net: Unknown Pin: Pin SW300-2
Added Pin To Net: NetName=NetC414_2 Pin=U409-1
Added Pin To Net: NetName=AGND Pin=U409-2
Added Pin To Net: NetName=NetC414_1 Pin=U409-3
Added Pin To Net: NetName=NetR416_1 Pin=U409-4
Added Pin To Net: NetName=5VDC Pin=U409-5
Added Pin To Net: NetName=NetR415_1 Pin=U410-1
Added Pin To Net: NetName=AGND Pin=U410-2
Added Pin To Net: NetName=NetR415_1 Pin=U410-3
Added Pin To Net: NetName=NetR414_2 Pin=U410-4
Added Pin To Net: NetName=5VDC Pin=U410-5
Add Class Member: Failed to add class member : Component CN300 0532610271
Add Class Member: Failed to add class member : Component D300 SS26
Add Class Member: Failed to add class member : Component S300 MSK12C02
Add Class Member: Failed to add class member : Component SW300 SW
Added Member To Class: ClassName=ANALOG Member=Component U409 AD8605
Added Member To Class: ClassName=ANALOG Member=Component U410 AD8605
