Add Component: Footprint Not Found MOLX-532610271_V
Added Component: Designator=D202(SOD-123F)
Add component (AddParameter): Name = "Breakdown Voltage"; Value = "6V"; VariantName = "[No Variations]"
Add component (AddParameter): Name = "Capacitance"; Value = "0.5pF"; VariantName = "[No Variations]"
Add component (AddParameter): Name = "Case/Package"; Value = "0201"; VariantName = "[No Variations]"
Add component (AddParameter): Name = "Clamping Voltage"; Value = "3V"; VariantName = "[No Variations]"
Add component (AddParameter): Name = "Composition"; Value = "Zener"; VariantName = "[No Variations]"
Add component (AddParameter): Name = "Direction"; Value = "Bidirectional"; VariantName = "[No Variations]"
Add component (AddParameter): Name = "Element Configuration"; Value = "Single"; VariantName = "[No Variations]"
Add component (AddParameter): Name = "ESD Protection"; Value = "Yes"; VariantName = "[No Variations]"
Add component (AddParameter): Name = "Height"; Value = "0.33mm"; VariantName = "[No Variations]"
Add component (AddParameter): Name = "Lead Free"; Value = "Lead Free"; VariantName = "[No Variations]"
Add component (AddParameter): Name = "Leakage Current"; Value = "70nA"; VariantName = "[No Variations]"
Add component (AddParameter): Name = "Length"; Value = "0.6mm"; VariantName = "[No Variations]"
Add component (AddParameter): Name = "Manufacturer"; Value = "STMicroelectronics"; VariantName = "[No Variations]"
Add component (AddParameter): Name = "Manufacturer 1"; Value = "STMicroelectronics"; VariantName = "[No Variations]"
Add component (AddParameter): Name = "Manufacturer Part Number"; Value = "ESDAXLC6-1BU2"; VariantName = "[No Variations]"
Add component (AddParameter): Name = "Manufacturer Part Number 1"; Value = "ESDAXLC6-1BU2"; VariantName = "[No Variations]"
Add component (AddParameter): Name = "Max Breakdown Voltage"; Value = "67.8V"; VariantName = "[No Variations]"
Add component (AddParameter): Name = "Max Operating Temperature"; Value = "150°C"; VariantName = "[No Variations]"
Add component (AddParameter): Name = "Max Reverse Leakage Current"; Value = "70nA"; VariantName = "[No Variations]"
Add component (AddParameter): Name = "Max Surge Current"; Value = "1.3A"; VariantName = "[No Variations]"
Add component (AddParameter): Name = "Min Breakdown Voltage"; Value = "6V"; VariantName = "[No Variations]"
Add component (AddParameter): Name = "Min Operating Temperature"; Value = "-40°C"; VariantName = "[No Variations]"
Add component (AddParameter): Name = "Mount"; Value = "Surface Mount"; VariantName = "[No Variations]"
Add component (AddParameter): Name = "Number of Bidirectional Channels"; Value = "1"; VariantName = "[No Variations]"
Add component (AddParameter): Name = "Number of Elements"; Value = "1"; VariantName = "[No Variations]"
Add component (AddParameter): Name = "Number of Pins"; Value = "2"; VariantName = "[No Variations]"
Add component (AddParameter): Name = "Operating Supply Voltage"; Value = "58V"; VariantName = "[No Variations]"
Add component (AddParameter): Name = "Package Quantity"; Value = "1"; VariantName = "[No Variations]"
Add component (AddParameter): Name = "Packaging"; Value = "Tape and Reel"; VariantName = "[No Variations]"
Add component (AddParameter): Name = "Peak Pulse Current"; Value = "1A"; VariantName = "[No Variations]"
Add component (AddParameter): Name = "Peak Pulse Power"; Value = "400W"; VariantName = "[No Variations]"
Add component (AddParameter): Name = "Polarity"; Value = "Bidirectional"; VariantName = "[No Variations]"
Add component (AddParameter): Name = "Power Dissipation"; Value = "400W"; VariantName = "[No Variations]"
Add component (AddParameter): Name = "Power Line Protection"; Value = "No"; VariantName = "[No Variations]"
Add component (AddParameter): Name = "Radiation Hardening"; Value = "No"; VariantName = "[No Variations]"
Add component (AddParameter): Name = "REACH SVHC"; Value = "No SVHC"; VariantName = "[No Variations]"
Add component (AddParameter): Name = "Reverse Breakdown Voltage"; Value = "64.4V"; VariantName = "[No Variations]"
Add component (AddParameter): Name = "Reverse Standoff Voltage"; Value = "3V"; VariantName = "[No Variations]"
Add component (AddParameter): Name = "Termination"; Value = "SMD/SMT"; VariantName = "[No Variations]"
Add component (AddParameter): Name = "Test Current"; Value = "1mA"; VariantName = "[No Variations]"
Add component (AddParameter): Name = "Voltage Rating (DC)"; Value = "58V"; VariantName = "[No Variations]"
Add component (AddParameter): Name = "Weight"; Value = "0.01lb"; VariantName = "[No Variations]"
Add component (AddParameter): Name = "Width"; Value = "0.35mm"; VariantName = "[No Variations]"
Added Component: Designator=D203(SOD-123F)
Add component (AddParameter): Name = "Breakdown Voltage"; Value = "6V"; VariantName = "[No Variations]"
Add component (AddParameter): Name = "Capacitance"; Value = "0.5pF"; VariantName = "[No Variations]"
Add component (AddParameter): Name = "Case/Package"; Value = "0201"; VariantName = "[No Variations]"
Add component (AddParameter): Name = "Clamping Voltage"; Value = "3V"; VariantName = "[No Variations]"
Add component (AddParameter): Name = "Composition"; Value = "Zener"; VariantName = "[No Variations]"
Add component (AddParameter): Name = "Direction"; Value = "Bidirectional"; VariantName = "[No Variations]"
Add component (AddParameter): Name = "Element Configuration"; Value = "Single"; VariantName = "[No Variations]"
Add component (AddParameter): Name = "ESD Protection"; Value = "Yes"; VariantName = "[No Variations]"
Add component (AddParameter): Name = "Height"; Value = "0.33mm"; VariantName = "[No Variations]"
Add component (AddParameter): Name = "Lead Free"; Value = "Lead Free"; VariantName = "[No Variations]"
Add component (AddParameter): Name = "Leakage Current"; Value = "70nA"; VariantName = "[No Variations]"
Add component (AddParameter): Name = "Length"; Value = "0.6mm"; VariantName = "[No Variations]"
Add component (AddParameter): Name = "Manufacturer"; Value = "STMicroelectronics"; VariantName = "[No Variations]"
Add component (AddParameter): Name = "Manufacturer 1"; Value = "STMicroelectronics"; VariantName = "[No Variations]"
Add component (AddParameter): Name = "Manufacturer Part Number"; Value = "ESDAXLC6-1BU2"; VariantName = "[No Variations]"
Add component (AddParameter): Name = "Manufacturer Part Number 1"; Value = "ESDAXLC6-1BU2"; VariantName = "[No Variations]"
Add component (AddParameter): Name = "Max Breakdown Voltage"; Value = "67.8V"; VariantName = "[No Variations]"
Add component (AddParameter): Name = "Max Operating Temperature"; Value = "150°C"; VariantName = "[No Variations]"
Add component (AddParameter): Name = "Max Reverse Leakage Current"; Value = "70nA"; VariantName = "[No Variations]"
Add component (AddParameter): Name = "Max Surge Current"; Value = "1.3A"; VariantName = "[No Variations]"
Add component (AddParameter): Name = "Min Breakdown Voltage"; Value = "6V"; VariantName = "[No Variations]"
Add component (AddParameter): Name = "Min Operating Temperature"; Value = "-40°C"; VariantName = "[No Variations]"
Add component (AddParameter): Name = "Mount"; Value = "Surface Mount"; VariantName = "[No Variations]"
Add component (AddParameter): Name = "Number of Bidirectional Channels"; Value = "1"; VariantName = "[No Variations]"
Add component (AddParameter): Name = "Number of Elements"; Value = "1"; VariantName = "[No Variations]"
Add component (AddParameter): Name = "Number of Pins"; Value = "2"; VariantName = "[No Variations]"
Add component (AddParameter): Name = "Operating Supply Voltage"; Value = "58V"; VariantName = "[No Variations]"
Add component (AddParameter): Name = "Package Quantity"; Value = "1"; VariantName = "[No Variations]"
Add component (AddParameter): Name = "Packaging"; Value = "Tape and Reel"; VariantName = "[No Variations]"
Add component (AddParameter): Name = "Peak Pulse Current"; Value = "1A"; VariantName = "[No Variations]"
Add component (AddParameter): Name = "Peak Pulse Power"; Value = "400W"; VariantName = "[No Variations]"
Add component (AddParameter): Name = "Polarity"; Value = "Bidirectional"; VariantName = "[No Variations]"
Add component (AddParameter): Name = "Power Dissipation"; Value = "400W"; VariantName = "[No Variations]"
Add component (AddParameter): Name = "Power Line Protection"; Value = "No"; VariantName = "[No Variations]"
Add component (AddParameter): Name = "Radiation Hardening"; Value = "No"; VariantName = "[No Variations]"
Add component (AddParameter): Name = "REACH SVHC"; Value = "No SVHC"; VariantName = "[No Variations]"
Add component (AddParameter): Name = "Reverse Breakdown Voltage"; Value = "64.4V"; VariantName = "[No Variations]"
Add component (AddParameter): Name = "Reverse Standoff Voltage"; Value = "3V"; VariantName = "[No Variations]"
Add component (AddParameter): Name = "Termination"; Value = "SMD/SMT"; VariantName = "[No Variations]"
Add component (AddParameter): Name = "Test Current"; Value = "1mA"; VariantName = "[No Variations]"
Add component (AddParameter): Name = "Voltage Rating (DC)"; Value = "58V"; VariantName = "[No Variations]"
Add component (AddParameter): Name = "Weight"; Value = "0.01lb"; VariantName = "[No Variations]"
Add component (AddParameter): Name = "Width"; Value = "0.35mm"; VariantName = "[No Variations]"
Added Component: Designator=D204(SOD-123F)
Add component (AddParameter): Name = "Breakdown Voltage"; Value = "6V"; VariantName = "[No Variations]"
Add component (AddParameter): Name = "Capacitance"; Value = "0.5pF"; VariantName = "[No Variations]"
Add component (AddParameter): Name = "Case/Package"; Value = "0201"; VariantName = "[No Variations]"
Add component (AddParameter): Name = "Clamping Voltage"; Value = "3V"; VariantName = "[No Variations]"
Add component (AddParameter): Name = "Composition"; Value = "Zener"; VariantName = "[No Variations]"
Add component (AddParameter): Name = "Direction"; Value = "Bidirectional"; VariantName = "[No Variations]"
Add component (AddParameter): Name = "Element Configuration"; Value = "Single"; VariantName = "[No Variations]"
Add component (AddParameter): Name = "ESD Protection"; Value = "Yes"; VariantName = "[No Variations]"
Add component (AddParameter): Name = "Height"; Value = "0.33mm"; VariantName = "[No Variations]"
Add component (AddParameter): Name = "Lead Free"; Value = "Lead Free"; VariantName = "[No Variations]"
Add component (AddParameter): Name = "Leakage Current"; Value = "70nA"; VariantName = "[No Variations]"
Add component (AddParameter): Name = "Length"; Value = "0.6mm"; VariantName = "[No Variations]"
Add component (AddParameter): Name = "Manufacturer"; Value = "STMicroelectronics"; VariantName = "[No Variations]"
Add component (AddParameter): Name = "Manufacturer 1"; Value = "STMicroelectronics"; VariantName = "[No Variations]"
Add component (AddParameter): Name = "Manufacturer Part Number"; Value = "ESDAXLC6-1BU2"; VariantName = "[No Variations]"
Add component (AddParameter): Name = "Manufacturer Part Number 1"; Value = "ESDAXLC6-1BU2"; VariantName = "[No Variations]"
Add component (AddParameter): Name = "Max Breakdown Voltage"; Value = "67.8V"; VariantName = "[No Variations]"
Add component (AddParameter): Name = "Max Operating Temperature"; Value = "150°C"; VariantName = "[No Variations]"
Add component (AddParameter): Name = "Max Reverse Leakage Current"; Value = "70nA"; VariantName = "[No Variations]"
Add component (AddParameter): Name = "Max Surge Current"; Value = "1.3A"; VariantName = "[No Variations]"
Add component (AddParameter): Name = "Min Breakdown Voltage"; Value = "6V"; VariantName = "[No Variations]"
Add component (AddParameter): Name = "Min Operating Temperature"; Value = "-40°C"; VariantName = "[No Variations]"
Add component (AddParameter): Name = "Mount"; Value = "Surface Mount"; VariantName = "[No Variations]"
Add component (AddParameter): Name = "Number of Bidirectional Channels"; Value = "1"; VariantName = "[No Variations]"
Add component (AddParameter): Name = "Number of Elements"; Value = "1"; VariantName = "[No Variations]"
Add component (AddParameter): Name = "Number of Pins"; Value = "2"; VariantName = "[No Variations]"
Add component (AddParameter): Name = "Operating Supply Voltage"; Value = "58V"; VariantName = "[No Variations]"
Add component (AddParameter): Name = "Package Quantity"; Value = "1"; VariantName = "[No Variations]"
Add component (AddParameter): Name = "Packaging"; Value = "Tape and Reel"; VariantName = "[No Variations]"
Add component (AddParameter): Name = "Peak Pulse Current"; Value = "1A"; VariantName = "[No Variations]"
Add component (AddParameter): Name = "Peak Pulse Power"; Value = "400W"; VariantName = "[No Variations]"
Add component (AddParameter): Name = "Polarity"; Value = "Bidirectional"; VariantName = "[No Variations]"
Add component (AddParameter): Name = "Power Dissipation"; Value = "400W"; VariantName = "[No Variations]"
Add component (AddParameter): Name = "Power Line Protection"; Value = "No"; VariantName = "[No Variations]"
Add component (AddParameter): Name = "Radiation Hardening"; Value = "No"; VariantName = "[No Variations]"
Add component (AddParameter): Name = "REACH SVHC"; Value = "No SVHC"; VariantName = "[No Variations]"
Add component (AddParameter): Name = "Reverse Breakdown Voltage"; Value = "64.4V"; VariantName = "[No Variations]"
Add component (AddParameter): Name = "Reverse Standoff Voltage"; Value = "3V"; VariantName = "[No Variations]"
Add component (AddParameter): Name = "Termination"; Value = "SMD/SMT"; VariantName = "[No Variations]"
Add component (AddParameter): Name = "Test Current"; Value = "1mA"; VariantName = "[No Variations]"
Add component (AddParameter): Name = "Voltage Rating (DC)"; Value = "58V"; VariantName = "[No Variations]"
Add component (AddParameter): Name = "Weight"; Value = "0.01lb"; VariantName = "[No Variations]"
Add component (AddParameter): Name = "Width"; Value = "0.35mm"; VariantName = "[No Variations]"
Added Component: Designator=D205(SOD-123F)
Add component (AddParameter): Name = "Breakdown Voltage"; Value = "6V"; VariantName = "[No Variations]"
Add component (AddParameter): Name = "Capacitance"; Value = "0.5pF"; VariantName = "[No Variations]"
Add component (AddParameter): Name = "Case/Package"; Value = "0201"; VariantName = "[No Variations]"
Add component (AddParameter): Name = "Clamping Voltage"; Value = "3V"; VariantName = "[No Variations]"
Add component (AddParameter): Name = "Composition"; Value = "Zener"; VariantName = "[No Variations]"
Add component (AddParameter): Name = "Direction"; Value = "Bidirectional"; VariantName = "[No Variations]"
Add component (AddParameter): Name = "Element Configuration"; Value = "Single"; VariantName = "[No Variations]"
Add component (AddParameter): Name = "ESD Protection"; Value = "Yes"; VariantName = "[No Variations]"
Add component (AddParameter): Name = "Height"; Value = "0.33mm"; VariantName = "[No Variations]"
Add component (AddParameter): Name = "Lead Free"; Value = "Lead Free"; VariantName = "[No Variations]"
Add component (AddParameter): Name = "Leakage Current"; Value = "70nA"; VariantName = "[No Variations]"
Add component (AddParameter): Name = "Length"; Value = "0.6mm"; VariantName = "[No Variations]"
Add component (AddParameter): Name = "Manufacturer"; Value = "STMicroelectronics"; VariantName = "[No Variations]"
Add component (AddParameter): Name = "Manufacturer 1"; Value = "STMicroelectronics"; VariantName = "[No Variations]"
Add component (AddParameter): Name = "Manufacturer Part Number"; Value = "ESDAXLC6-1BU2"; VariantName = "[No Variations]"
Add component (AddParameter): Name = "Manufacturer Part Number 1"; Value = "ESDAXLC6-1BU2"; VariantName = "[No Variations]"
Add component (AddParameter): Name = "Max Breakdown Voltage"; Value = "67.8V"; VariantName = "[No Variations]"
Add component (AddParameter): Name = "Max Operating Temperature"; Value = "150°C"; VariantName = "[No Variations]"
Add component (AddParameter): Name = "Max Reverse Leakage Current"; Value = "70nA"; VariantName = "[No Variations]"
Add component (AddParameter): Name = "Max Surge Current"; Value = "1.3A"; VariantName = "[No Variations]"
Add component (AddParameter): Name = "Min Breakdown Voltage"; Value = "6V"; VariantName = "[No Variations]"
Add component (AddParameter): Name = "Min Operating Temperature"; Value = "-40°C"; VariantName = "[No Variations]"
Add component (AddParameter): Name = "Mount"; Value = "Surface Mount"; VariantName = "[No Variations]"
Add component (AddParameter): Name = "Number of Bidirectional Channels"; Value = "1"; VariantName = "[No Variations]"
Add component (AddParameter): Name = "Number of Elements"; Value = "1"; VariantName = "[No Variations]"
Add component (AddParameter): Name = "Number of Pins"; Value = "2"; VariantName = "[No Variations]"
Add component (AddParameter): Name = "Operating Supply Voltage"; Value = "58V"; VariantName = "[No Variations]"
Add component (AddParameter): Name = "Package Quantity"; Value = "1"; VariantName = "[No Variations]"
Add component (AddParameter): Name = "Packaging"; Value = "Tape and Reel"; VariantName = "[No Variations]"
Add component (AddParameter): Name = "Peak Pulse Current"; Value = "1A"; VariantName = "[No Variations]"
Add component (AddParameter): Name = "Peak Pulse Power"; Value = "400W"; VariantName = "[No Variations]"
Add component (AddParameter): Name = "Polarity"; Value = "Bidirectional"; VariantName = "[No Variations]"
Add component (AddParameter): Name = "Power Dissipation"; Value = "400W"; VariantName = "[No Variations]"
Add component (AddParameter): Name = "Power Line Protection"; Value = "No"; VariantName = "[No Variations]"
Add component (AddParameter): Name = "Radiation Hardening"; Value = "No"; VariantName = "[No Variations]"
Add component (AddParameter): Name = "REACH SVHC"; Value = "No SVHC"; VariantName = "[No Variations]"
Add component (AddParameter): Name = "Reverse Breakdown Voltage"; Value = "64.4V"; VariantName = "[No Variations]"
Add component (AddParameter): Name = "Reverse Standoff Voltage"; Value = "3V"; VariantName = "[No Variations]"
Add component (AddParameter): Name = "Termination"; Value = "SMD/SMT"; VariantName = "[No Variations]"
Add component (AddParameter): Name = "Test Current"; Value = "1mA"; VariantName = "[No Variations]"
Add component (AddParameter): Name = "Voltage Rating (DC)"; Value = "58V"; VariantName = "[No Variations]"
Add component (AddParameter): Name = "Weight"; Value = "0.01lb"; VariantName = "[No Variations]"
Add component (AddParameter): Name = "Width"; Value = "0.35mm"; VariantName = "[No Variations]"
Added Component: Designator=D206(SOD-123F)
Add component (AddParameter): Name = "Breakdown Voltage"; Value = "6V"; VariantName = "[No Variations]"
Add component (AddParameter): Name = "Capacitance"; Value = "0.5pF"; VariantName = "[No Variations]"
Add component (AddParameter): Name = "Case/Package"; Value = "0201"; VariantName = "[No Variations]"
Add component (AddParameter): Name = "Clamping Voltage"; Value = "3V"; VariantName = "[No Variations]"
Add component (AddParameter): Name = "Composition"; Value = "Zener"; VariantName = "[No Variations]"
Add component (AddParameter): Name = "Direction"; Value = "Bidirectional"; VariantName = "[No Variations]"
Add component (AddParameter): Name = "Element Configuration"; Value = "Single"; VariantName = "[No Variations]"
Add component (AddParameter): Name = "ESD Protection"; Value = "Yes"; VariantName = "[No Variations]"
Add component (AddParameter): Name = "Height"; Value = "0.33mm"; VariantName = "[No Variations]"
Add component (AddParameter): Name = "Lead Free"; Value = "Lead Free"; VariantName = "[No Variations]"
Add component (AddParameter): Name = "Leakage Current"; Value = "70nA"; VariantName = "[No Variations]"
Add component (AddParameter): Name = "Length"; Value = "0.6mm"; VariantName = "[No Variations]"
Add component (AddParameter): Name = "Manufacturer"; Value = "STMicroelectronics"; VariantName = "[No Variations]"
Add component (AddParameter): Name = "Manufacturer 1"; Value = "STMicroelectronics"; VariantName = "[No Variations]"
Add component (AddParameter): Name = "Manufacturer Part Number"; Value = "ESDAXLC6-1BU2"; VariantName = "[No Variations]"
Add component (AddParameter): Name = "Manufacturer Part Number 1"; Value = "ESDAXLC6-1BU2"; VariantName = "[No Variations]"
Add component (AddParameter): Name = "Max Breakdown Voltage"; Value = "67.8V"; VariantName = "[No Variations]"
Add component (AddParameter): Name = "Max Operating Temperature"; Value = "150°C"; VariantName = "[No Variations]"
Add component (AddParameter): Name = "Max Reverse Leakage Current"; Value = "70nA"; VariantName = "[No Variations]"
Add component (AddParameter): Name = "Max Surge Current"; Value = "1.3A"; VariantName = "[No Variations]"
Add component (AddParameter): Name = "Min Breakdown Voltage"; Value = "6V"; VariantName = "[No Variations]"
Add component (AddParameter): Name = "Min Operating Temperature"; Value = "-40°C"; VariantName = "[No Variations]"
Add component (AddParameter): Name = "Mount"; Value = "Surface Mount"; VariantName = "[No Variations]"
Add component (AddParameter): Name = "Number of Bidirectional Channels"; Value = "1"; VariantName = "[No Variations]"
Add component (AddParameter): Name = "Number of Elements"; Value = "1"; VariantName = "[No Variations]"
Add component (AddParameter): Name = "Number of Pins"; Value = "2"; VariantName = "[No Variations]"
Add component (AddParameter): Name = "Operating Supply Voltage"; Value = "58V"; VariantName = "[No Variations]"
Add component (AddParameter): Name = "Package Quantity"; Value = "1"; VariantName = "[No Variations]"
Add component (AddParameter): Name = "Packaging"; Value = "Tape and Reel"; VariantName = "[No Variations]"
Add component (AddParameter): Name = "Peak Pulse Current"; Value = "1A"; VariantName = "[No Variations]"
Add component (AddParameter): Name = "Peak Pulse Power"; Value = "400W"; VariantName = "[No Variations]"
Add component (AddParameter): Name = "Polarity"; Value = "Bidirectional"; VariantName = "[No Variations]"
Add component (AddParameter): Name = "Power Dissipation"; Value = "400W"; VariantName = "[No Variations]"
Add component (AddParameter): Name = "Power Line Protection"; Value = "No"; VariantName = "[No Variations]"
Add component (AddParameter): Name = "Radiation Hardening"; Value = "No"; VariantName = "[No Variations]"
Add component (AddParameter): Name = "REACH SVHC"; Value = "No SVHC"; VariantName = "[No Variations]"
Add component (AddParameter): Name = "Reverse Breakdown Voltage"; Value = "64.4V"; VariantName = "[No Variations]"
Add component (AddParameter): Name = "Reverse Standoff Voltage"; Value = "3V"; VariantName = "[No Variations]"
Add component (AddParameter): Name = "Termination"; Value = "SMD/SMT"; VariantName = "[No Variations]"
Add component (AddParameter): Name = "Test Current"; Value = "1mA"; VariantName = "[No Variations]"
Add component (AddParameter): Name = "Voltage Rating (DC)"; Value = "58V"; VariantName = "[No Variations]"
Add component (AddParameter): Name = "Weight"; Value = "0.01lb"; VariantName = "[No Variations]"
Add component (AddParameter): Name = "Width"; Value = "0.35mm"; VariantName = "[No Variations]"
Added Component: Designator=D207(SOT23-3)
Add component (AddParameter): Name = "Manufacturer"; Value = "onsemi"; VariantName = "[No Variations]"
Add component (AddParameter): Name = "Value"; Value = "DESD2CAN2s"; VariantName = "[No Variations]"
Add Component: Footprint Not Found SOD-123 CBB
Add Component: Footprint Not Found SOD-123 CBB
Add Component: Footprint Not Found MODULE_ESP-WROOM-32
Add Component: Footprint Not Found GCT_USB4056-03-A_REVA
Add Component: Footprint Not Found CON2 JACK HEAD
Add Component: Footprint Not Found SOT23-3
Add Component: Footprint Not Found SOT-23 CBB
Add Component: Footprint Not Found SW1-SMD
Add Component: Footprint Not Found SW1-SMD
Add Component: Footprint Not Found MSK12C02
Add Component: Footprint Not Found SW
Added Component: Designator=TP200(TP_1mm)
Add component (AddParameter): Name = "Manufacturer"; Value = ""; VariantName = "[No Variations]"
Add component (AddParameter): Name = "Value"; Value = ""; VariantName = "[No Variations]"
Added Component: Designator=TP201(TP_1mm)
Add component (AddParameter): Name = "Manufacturer"; Value = ""; VariantName = "[No Variations]"
Add component (AddParameter): Name = "Value"; Value = ""; VariantName = "[No Variations]"
Added Component: Designator=TP202(TP_1mm)
Add component (AddParameter): Name = "Manufacturer"; Value = ""; VariantName = "[No Variations]"
Add component (AddParameter): Name = "Value"; Value = ""; VariantName = "[No Variations]"
Added Component: Designator=TP203(TP_1mm)
Add component (AddParameter): Name = "Manufacturer"; Value = ""; VariantName = "[No Variations]"
Add component (AddParameter): Name = "Value"; Value = ""; VariantName = "[No Variations]"
Added Component: Designator=TP300(TP_1mm)
Add component (AddParameter): Name = "Manufacturer"; Value = ""; VariantName = "[No Variations]"
Add component (AddParameter): Name = "Value"; Value = ""; VariantName = "[No Variations]"
Added Component: Designator=TP301(TP_1mm)
Add component (AddParameter): Name = "Manufacturer"; Value = ""; VariantName = "[No Variations]"
Add component (AddParameter): Name = "Value"; Value = ""; VariantName = "[No Variations]"
Added Component: Designator=TP302(TP_1mm)
Add component (AddParameter): Name = "Manufacturer"; Value = ""; VariantName = "[No Variations]"
Add component (AddParameter): Name = "Value"; Value = ""; VariantName = "[No Variations]"
Added Component: Designator=TP303(TP_1mm)
Add component (AddParameter): Name = "Manufacturer"; Value = ""; VariantName = "[No Variations]"
Add component (AddParameter): Name = "Value"; Value = ""; VariantName = "[No Variations]"
Added Component: Designator=TP304(TP_1mm)
Add component (AddParameter): Name = "Manufacturer"; Value = ""; VariantName = "[No Variations]"
Add component (AddParameter): Name = "Value"; Value = ""; VariantName = "[No Variations]"
Added Component: Designator=TP305(TP_1mm)
Add component (AddParameter): Name = "Manufacturer"; Value = ""; VariantName = "[No Variations]"
Add component (AddParameter): Name = "Value"; Value = ""; VariantName = "[No Variations]"
Added Component: Designator=TP306(TP_1mm)
Add component (AddParameter): Name = "Manufacturer"; Value = ""; VariantName = "[No Variations]"
Add component (AddParameter): Name = "Value"; Value = ""; VariantName = "[No Variations]"
Added Component: Designator=TP307(TP_1mm)
Add component (AddParameter): Name = "Manufacturer"; Value = ""; VariantName = "[No Variations]"
Add component (AddParameter): Name = "Value"; Value = ""; VariantName = "[No Variations]"
Added Component: Designator=TP308(TP_1mm)
Add component (AddParameter): Name = "Manufacturer"; Value = ""; VariantName = "[No Variations]"
Add component (AddParameter): Name = "Value"; Value = ""; VariantName = "[No Variations]"
Added Component: Designator=TP309(TP_1mm)
Add component (AddParameter): Name = "Manufacturer"; Value = ""; VariantName = "[No Variations]"
Add component (AddParameter): Name = "Value"; Value = ""; VariantName = "[No Variations]"
Added Component: Designator=TP310(TP_1mm)
Add component (AddParameter): Name = "Manufacturer"; Value = ""; VariantName = "[No Variations]"
Add component (AddParameter): Name = "Value"; Value = ""; VariantName = "[No Variations]"
Added Component: Designator=TP311(TP_1mm)
Add component (AddParameter): Name = "Manufacturer"; Value = ""; VariantName = "[No Variations]"
Add component (AddParameter): Name = "Value"; Value = ""; VariantName = "[No Variations]"
Added Component: Designator=TP400(TP_1mm)
Add component (AddParameter): Name = "Manufacturer"; Value = ""; VariantName = "[No Variations]"
Add component (AddParameter): Name = "Value"; Value = ""; VariantName = "[No Variations]"
Added Component: Designator=TP401(TP_1mm)
Add component (AddParameter): Name = "Manufacturer"; Value = ""; VariantName = "[No Variations]"
Add component (AddParameter): Name = "Value"; Value = ""; VariantName = "[No Variations]"
Added Component: Designator=TP402(TP_1mm)
Add component (AddParameter): Name = "Manufacturer"; Value = ""; VariantName = "[No Variations]"
Add component (AddParameter): Name = "Value"; Value = ""; VariantName = "[No Variations]"
Add Component: Footprint Not Found SOIC-16
Add Component: Footprint Not Found MICROSD2
Added Component: Designator=U302(SOT223-4)
Add component (AddParameter): Name = "Case/Package"; Value = "0603"; VariantName = "[No Variations]"
Add component (AddParameter): Name = "Manufacturer"; Value = "DIODE"; VariantName = "[No Variations]"
Add component (AddParameter): Name = "PartNumber"; Value = "AP1117E33G"; VariantName = "[No Variations]"
Add component (AddParameter): Name = "Value"; Value = "AP1117E33G"; VariantName = "[No Variations]"
Add Component: Footprint Not Found SOP65P640X110-16N
Added Component: Designator=U407(SOT223-4)
Add component (AddParameter): Name = "Case/Package"; Value = "0603"; VariantName = "[No Variations]"
Add component (AddParameter): Name = "Manufacturer"; Value = "DIODE"; VariantName = "[No Variations]"
Add component (AddParameter): Name = "PartNumber"; Value = "AP1117E18G"; VariantName = "[No Variations]"
Add component (AddParameter): Name = "Value"; Value = "AP1117E33G"; VariantName = "[No Variations]"
Add Component: Footprint Not Found CP_10_9_ADI
Add Component: Footprint Not Found XT32-3
Add Pin To Net: Unknown Pin: Pin CN300-1
Add Pin To Net: Unknown Pin: Pin CN300-2
Added Pin To Net: NetName=MISO Pin=D202-1
Added Pin To Net: NetName=GND Pin=D202-2
Added Pin To Net: NetName=SCK Pin=D203-1
Added Pin To Net: NetName=GND Pin=D203-2
Added Pin To Net: NetName=MOSI Pin=D204-1
Added Pin To Net: NetName=GND Pin=D204-2
Added Pin To Net: NetName=SS_SD Pin=D205-1
Added Pin To Net: NetName=GND Pin=D205-2
Added Pin To Net: NetName=VDD_3V3 Pin=D206-1
Added Pin To Net: NetName=GND Pin=D206-2
Added Pin To Net: NetName=NetD207_1 Pin=D207-1
Added Pin To Net: NetName=NetD207_2 Pin=D207-2
Added Pin To Net: NetName=GND Pin=D207-3
Add Pin To Net: Unknown Pin: Pin D300-1
Add Pin To Net: Unknown Pin: Pin D300-2
Add Pin To Net: Unknown Pin: Pin D302-A
Add Pin To Net: Unknown Pin: Pin D302-K
Add Pin To Net: Unknown Pin: Pin D303-A
Add Pin To Net: Unknown Pin: Pin D303-K
Add Pin To Net: Unknown Pin: Pin ESP200-1
Add Pin To Net: Unknown Pin: Pin ESP200-2
Add Pin To Net: Unknown Pin: Pin ESP200-3
Add Pin To Net: Unknown Pin: Pin ESP200-4
Add Pin To Net: Unknown Pin: Pin ESP200-5
Add Pin To Net: Unknown Pin: Pin ESP200-6
Add Pin To Net: Unknown Pin: Pin ESP200-8
Add Pin To Net: Unknown Pin: Pin ESP200-10
Add Pin To Net: Unknown Pin: Pin ESP200-11
Add Pin To Net: Unknown Pin: Pin ESP200-12
Add Pin To Net: Unknown Pin: Pin ESP200-14
Add Pin To Net: Unknown Pin: Pin ESP200-15
Add Pin To Net: Unknown Pin: Pin ESP200-16
Add Pin To Net: Unknown Pin: Pin ESP200-23
Add Pin To Net: Unknown Pin: Pin ESP200-25
Add Pin To Net: Unknown Pin: Pin ESP200-28
Add Pin To Net: Unknown Pin: Pin ESP200-30
Add Pin To Net: Unknown Pin: Pin ESP200-31
Add Pin To Net: Unknown Pin: Pin ESP200-33
Add Pin To Net: Unknown Pin: Pin ESP200-34
Add Pin To Net: Unknown Pin: Pin ESP200-35
Add Pin To Net: Unknown Pin: Pin ESP200-36
Add Pin To Net: Unknown Pin: Pin ESP200-37
Add Pin To Net: Unknown Pin: Pin ESP200-38
Add Pin To Net: Unknown Pin: Pin ESP200-PAD
Add Pin To Net: Unknown Pin: Pin J200-A1
Add Pin To Net: Unknown Pin: Pin J200-A4
Add Pin To Net: Unknown Pin: Pin J200-A5
Add Pin To Net: Unknown Pin: Pin J200-A6
Add Pin To Net: Unknown Pin: Pin J200-A7
Add Pin To Net: Unknown Pin: Pin J200-A9
Add Pin To Net: Unknown Pin: Pin J200-A12
Add Pin To Net: Unknown Pin: Pin J200-B1
Add Pin To Net: Unknown Pin: Pin J200-B4
Add Pin To Net: Unknown Pin: Pin J200-B5
Add Pin To Net: Unknown Pin: Pin J200-B9
Add Pin To Net: Unknown Pin: Pin J200-B12
Add Pin To Net: Unknown Pin: Pin J200-S1
Add Pin To Net: Unknown Pin: Pin J200-S2
Add Pin To Net: Unknown Pin: Pin J200-S3
Add Pin To Net: Unknown Pin: Pin J200-S4
Add Pin To Net: Unknown Pin: Pin MODE200-1
Add Pin To Net: Unknown Pin: Pin MODE200-2
Add Pin To Net: Unknown Pin: Pin Q200-1
Add Pin To Net: Unknown Pin: Pin Q200-2
Add Pin To Net: Unknown Pin: Pin Q200-3
Add Pin To Net: Unknown Pin: Pin Q300-1
Add Pin To Net: Unknown Pin: Pin Q300-2
Add Pin To Net: Unknown Pin: Pin Q300-3
Add Pin To Net: Unknown Pin: Pin S200-1
Add Pin To Net: Unknown Pin: Pin S200-2
Add Pin To Net: Unknown Pin: Pin S201-1
Add Pin To Net: Unknown Pin: Pin S201-2
Add Pin To Net: Unknown Pin: Pin S300-A1
Add Pin To Net: Unknown Pin: Pin S300-B1
Add Pin To Net: Unknown Pin: Pin SW300-1
Add Pin To Net: Unknown Pin: Pin SW300-2
Added Pin To Net: NetName=WIFI_LED2 Pin=TP200-1
Added Pin To Net: NetName=WIFI_LED1 Pin=TP201-1
Added Pin To Net: NetName=RXD_WIFI Pin=TP202-1
Added Pin To Net: NetName=TXD_WIFI Pin=TP203-1
Added Pin To Net: NetName=NetQ300_1 Pin=TP300-1
Added Pin To Net: NetName=VDD_3V3 Pin=TP301-1
Added Pin To Net: NetName=NetC301_2 Pin=TP302-1
Added Pin To Net: NetName=9VDC Pin=TP303-1
Added Pin To Net: NetName=VIN_DC Pin=TP304-1
Added Pin To Net: NetName=USB_VIN Pin=TP305-1
Added Pin To Net: NetName=VBAT Pin=TP306-1
Added Pin To Net: NetName=NetD302_K Pin=TP307-1
Added Pin To Net: NetName=5VDC Pin=TP308-1
Added Pin To Net: NetName=NetC314_2 Pin=TP309-1
Added Pin To Net: NetName=NetC306_1 Pin=TP310-1
Added Pin To Net: NetName=VBAT Pin=TP311-1
Added Pin To Net: NetName=CE Pin=TP400-1
Added Pin To Net: NetName=RE Pin=TP401-1
Added Pin To Net: NetName=WE Pin=TP402-1
Add Pin To Net: Unknown Pin: Pin U200-1
Add Pin To Net: Unknown Pin: Pin U200-2
Add Pin To Net: Unknown Pin: Pin U200-3
Add Pin To Net: Unknown Pin: Pin U200-4
Add Pin To Net: Unknown Pin: Pin U200-5
Add Pin To Net: Unknown Pin: Pin U200-6
Add Pin To Net: Unknown Pin: Pin U200-7
Add Pin To Net: Unknown Pin: Pin U200-8
Add Pin To Net: Unknown Pin: Pin U200-13
Add Pin To Net: Unknown Pin: Pin U200-14
Add Pin To Net: Unknown Pin: Pin U200-16
Add Pin To Net: Unknown Pin: Pin U201-2
Add Pin To Net: Unknown Pin: Pin U201-3
Add Pin To Net: Unknown Pin: Pin U201-4
Add Pin To Net: Unknown Pin: Pin U201-5
Add Pin To Net: Unknown Pin: Pin U201-6
Add Pin To Net: Unknown Pin: Pin U201-7
Add Pin To Net: Unknown Pin: Pin U201-10
Add Pin To Net: Unknown Pin: Pin U201-11
Add Pin To Net: Unknown Pin: Pin U201-12
Add Pin To Net: Unknown Pin: Pin U201-13
Add Pin To Net: Unknown Pin: Pin U300-1
Add Pin To Net: Unknown Pin: Pin U300-2
Add Pin To Net: Unknown Pin: Pin U300-3
Add Pin To Net: Unknown Pin: Pin U300-4
Add Pin To Net: Unknown Pin: Pin U300-5
Add Pin To Net: Unknown Pin: Pin U300-6
Add Pin To Net: Unknown Pin: Pin U300-7
Add Pin To Net: Unknown Pin: Pin U300-8
Added Pin To Net: NetName=GND Pin=U302-1
Added Pin To Net: NetName=VDD_3V3 Pin=U302-2
Added Pin To Net: NetName=VIN_DC Pin=U302-3
Added Pin To Net: NetName=VDD_3V3 Pin=U302-4
Add Pin To Net: Unknown Pin: Pin U401-1
Add Pin To Net: Unknown Pin: Pin U401-2
Add Pin To Net: Unknown Pin: Pin U401-3
Add Pin To Net: Unknown Pin: Pin U401-4
Add Pin To Net: Unknown Pin: Pin U401-5
Add Pin To Net: Unknown Pin: Pin U402-1
Add Pin To Net: Unknown Pin: Pin U402-2
Add Pin To Net: Unknown Pin: Pin U402-3
Add Pin To Net: Unknown Pin: Pin U402-4
Add Pin To Net: Unknown Pin: Pin U402-5
Add Pin To Net: Unknown Pin: Pin U403-1
Add Pin To Net: Unknown Pin: Pin U403-2
Add Pin To Net: Unknown Pin: Pin U403-3
Add Pin To Net: Unknown Pin: Pin U403-4
Add Pin To Net: Unknown Pin: Pin U403-5
Add Pin To Net: Unknown Pin: Pin U404-1
Add Pin To Net: Unknown Pin: Pin U404-2
Add Pin To Net: Unknown Pin: Pin U404-3
Add Pin To Net: Unknown Pin: Pin U404-4
Add Pin To Net: Unknown Pin: Pin U404-5
Add Pin To Net: Unknown Pin: Pin U405-1
Add Pin To Net: Unknown Pin: Pin U405-2
Add Pin To Net: Unknown Pin: Pin U405-4
Add Pin To Net: Unknown Pin: Pin U405-6
Add Pin To Net: Unknown Pin: Pin U406-1
Add Pin To Net: Unknown Pin: Pin U406-2
Add Pin To Net: Unknown Pin: Pin U406-3
Add Pin To Net: Unknown Pin: Pin U406-4
Add Pin To Net: Unknown Pin: Pin U406-5
Add Pin To Net: Unknown Pin: Pin U406-6
Add Pin To Net: Unknown Pin: Pin U406-8
Add Pin To Net: Unknown Pin: Pin U406-9
Add Pin To Net: Unknown Pin: Pin U406-10
Add Pin To Net: Unknown Pin: Pin U406-11
Add Pin To Net: Unknown Pin: Pin U406-12
Add Pin To Net: Unknown Pin: Pin U406-13
Add Pin To Net: Unknown Pin: Pin U406-14
Add Pin To Net: Unknown Pin: Pin U406-15
Add Pin To Net: Unknown Pin: Pin U406-16
Added Pin To Net: NetName=GND Pin=U407-1
Added Pin To Net: NetName=1.8VDC Pin=U407-2
Added Pin To Net: NetName=5VDC Pin=U407-3
Added Pin To Net: NetName=1.8VDC Pin=U407-4
Add Pin To Net: Unknown Pin: Pin U408-1
Add Pin To Net: Unknown Pin: Pin U408-2
Add Pin To Net: Unknown Pin: Pin U408-3
Add Pin To Net: Unknown Pin: Pin U408-4
Add Pin To Net: Unknown Pin: Pin U408-5
Add Pin To Net: Unknown Pin: Pin U408-6
Add Pin To Net: Unknown Pin: Pin U408-7
Add Pin To Net: Unknown Pin: Pin U408-8
Add Pin To Net: Unknown Pin: Pin U408-10
Add Pin To Net: Unknown Pin: Pin U408-11
Add Pin To Net: Unknown Pin: Pin U409-1
Add Pin To Net: Unknown Pin: Pin U409-2
Add Pin To Net: Unknown Pin: Pin U409-3
Add Pin To Net: Unknown Pin: Pin U409-4
Add Pin To Net: Unknown Pin: Pin U409-5
Add Pin To Net: Unknown Pin: Pin U410-1
Add Pin To Net: Unknown Pin: Pin U410-2
Add Pin To Net: Unknown Pin: Pin U410-3
Add Pin To Net: Unknown Pin: Pin U410-4
Add Pin To Net: Unknown Pin: Pin U410-5
Add Pin To Net: Unknown Pin: Pin XT200-1
Add Pin To Net: Unknown Pin: Pin XT200-2
Add Pin To Net: Unknown Pin: Pin XT200-3
Add Class Member: Failed to add class member : Component CN300 0532610271
Added Member To Class: ClassName=ESP32 Member=Component D202 ESDAXLC6-1BU2
Added Member To Class: ClassName=ESP32 Member=Component D203 ESDAXLC6-1BU2
Added Member To Class: ClassName=ESP32 Member=Component D204 ESDAXLC6-1BU2
Added Member To Class: ClassName=ESP32 Member=Component D205 ESDAXLC6-1BU2
Added Member To Class: ClassName=ESP32 Member=Component D206 ESDAXLC6-1BU2
Added Member To Class: ClassName=ESP32 Member=Component D207 DESD2CAN2SOQ-7
Add Class Member: Failed to add class member : Component D300 SS26
Add Class Member: Failed to add class member : Component D302 1N5819
Add Class Member: Failed to add class member : Component D303 1N5819
Add Class Member: Failed to add class member : Component ESP200 Wroom 32D
Add Class Member: Failed to add class member : Component J200 USB4056-03-A
Add Class Member: Failed to add class member : Component MODE200 JP2
Add Class Member: Failed to add class member : Component Q200 MMBT4401
Add Class Member: Failed to add class member : Component Q300 AO3401A
Add Class Member: Failed to add class member : Component S200 SW
Add Class Member: Failed to add class member : Component S201 SW
Add Class Member: Failed to add class member : Component S300 MSK12C02
Add Class Member: Failed to add class member : Component SW300 SW
Added Member To Class: ClassName=ESP32 Member=Component TP200 SIREN_EN
Added Member To Class: ClassName=ESP32 Member=Component TP201 SIREN_EN
Added Member To Class: ClassName=ESP32 Member=Component TP202 SIREN_EN
Added Member To Class: ClassName=ESP32 Member=Component TP203 SIREN_EN
Added Member To Class: ClassName=POWER SUPPLY Member=Component TP300 SIREN_EN
Added Member To Class: ClassName=POWER SUPPLY Member=Component TP301 3V3
Added Member To Class: ClassName=POWER SUPPLY Member=Component TP302 SIREN_EN
Added Member To Class: ClassName=POWER SUPPLY Member=Component TP303 SIREN_EN
Added Member To Class: ClassName=POWER SUPPLY Member=Component TP304 SIREN_EN
Added Member To Class: ClassName=POWER SUPPLY Member=Component TP305 SIREN_EN
Added Member To Class: ClassName=POWER SUPPLY Member=Component TP306 SIREN_EN
Added Member To Class: ClassName=POWER SUPPLY Member=Component TP307 SIREN_EN
Added Member To Class: ClassName=POWER SUPPLY Member=Component TP308 SIREN_EN
Added Member To Class: ClassName=POWER SUPPLY Member=Component TP309 SIREN_EN
Added Member To Class: ClassName=POWER SUPPLY Member=Component TP310 SIREN_EN
Added Member To Class: ClassName=POWER SUPPLY Member=Component TP311 SIREN_EN
Added Member To Class: ClassName=ANALOG Member=Component TP400 SIREN_EN
Added Member To Class: ClassName=ANALOG Member=Component TP401 SIREN_EN
Added Member To Class: ClassName=ANALOG Member=Component TP402 SIREN_EN
Add Class Member: Failed to add class member : Component U200 CH340G
Add Class Member: Failed to add class member : Component U201 SD_CARD
Add Class Member: Failed to add class member : Component U300 MP1542
Added Member To Class: ClassName=POWER SUPPLY Member=Component U302 LM1117-3.3
Add Class Member: Failed to add class member : Component U401 AD8605
Add Class Member: Failed to add class member : Component U402 AD8605
Add Class Member: Failed to add class member : Component U403 AD8605
Add Class Member: Failed to add class member : Component U404 AD8605
Add Class Member: Failed to add class member : Component U405 LT6654AIS6-2.5#TRMPBF
Add Class Member: Failed to add class member : Component U406 MAX4617CUE+
Added Member To Class: ClassName=ANALOG Member=Component U407 LM1117-3.3
Add Class Member: Failed to add class member : Component U408 AD4008BCPZ-RL7
Add Class Member: Failed to add class member : Component U409 AD8605
Add Class Member: Failed to add class member : Component U410 AD8605
Add Class Member: Failed to add class member : Component XT200 Q3812000ZWFAC
