Add Component: Footprint Not Found CAPC1005X65N
Add Component: Footprint Not Found CAPC1005X65N
Add Component: Footprint Not Found CAPC1005X65N
Add Component: Footprint Not Found CAPC1005X65N
Add Component: Footprint Not Found CAPC1005X65N
Add Component: Footprint Not Found CAPC1005X65N
Add Component: Footprint Not Found CAPC1005X65N
Add Component: Footprint Not Found CAPC1005X65N
Add Component: Footprint Not Found CAPC1005X65N
Add Component: Footprint Not Found CAPC1005X65N
Add Component: Footprint Not Found CAPC1005X65N
Add Component: Footprint Not Found CAPC1005X65N
Add Component: Footprint Not Found CAPC1005X65N
Add Component: Footprint Not Found CAPC1005X65N
Add Component: Footprint Not Found CAPC1005X65N
Add Component: Footprint Not Found CAPC1005X65N
Add Component: Footprint Not Found CAPC1005X65N
Add Component: Footprint Not Found CAPC1005X65N
Add Component: Footprint Not Found CAPC1005X65N
Add Component: Footprint Not Found CAPC1005X65N
Add Component: Footprint Not Found CAPC1005X65N
Add Component: Footprint Not Found CAPC1005X65N
Add Component: Footprint Not Found CAPC1005X65N
Add Component: Footprint Not Found CAPC1005X65N
Add Component: Footprint Not Found MOLX-532610271_V
Add Component: Footprint Not Found LED RIGHT
Add Component: Footprint Not Found LED RIGHT
Add Component: Footprint Not Found SOD-123F
Add Component: Footprint Not Found SOD-123F
Add Component: Footprint Not Found SOD-123F
Add Component: Footprint Not Found SOD-123F
Add Component: Footprint Not Found SOD-123F
Add Component: Footprint Not Found SOT23-3
Add Component: Footprint Not Found SOD-123 CBB
Add Component: Footprint Not Found SOD-123 CBB
Add Component: Footprint Not Found MODULE_ESP-WROOM-32
Add Component: Footprint Not Found TP4056
Add Component: Footprint Not Found SOT23-6
Add Component: Footprint Not Found FS8205A
Add Component: Footprint Not Found GCT_USB4056-03-A_REVA
Add Component: Footprint Not Found CON2 JACK HEAD
Add Component: Footprint Not Found SOT23-3
Add Component: Footprint Not Found SOT-23 CBB
Add Component: Footprint Not Found RESC0603X26
Add Component: Footprint Not Found RESC0603X26
Add Component: Footprint Not Found RESC0603X26
Add Component: Footprint Not Found RESC0603X26
Add Component: Footprint Not Found RESC0603X26
Add Component: Footprint Not Found R_0603
Add Component: Footprint Not Found SW1-SMD
Add Component: Footprint Not Found SW1-SMD
Add Component: Footprint Not Found MSK12C02
Add Component: Footprint Not Found SW
Add Component: Footprint Not Found TP_1mm
Add Component: Footprint Not Found TP_1mm
Add Component: Footprint Not Found TP_1mm
Add Component: Footprint Not Found TP_1mm
Add Component: Footprint Not Found TP_1mm
Add Component: Footprint Not Found TP_1mm
Add Component: Footprint Not Found TP_1mm
Add Component: Footprint Not Found TP_1mm
Add Component: Footprint Not Found TP_1mm
Add Component: Footprint Not Found TP_1mm
Add Component: Footprint Not Found TP_1mm
Add Component: Footprint Not Found TP_1mm
Add Component: Footprint Not Found TP_1mm
Add Component: Footprint Not Found TP_1mm
Add Component: Footprint Not Found TP_1mm
Add Component: Footprint Not Found TP_1mm
Add Component: Footprint Not Found TP_1mm
Add Component: Footprint Not Found TP_1mm
Add Component: Footprint Not Found TP_1mm
Add Component: Footprint Not Found SOIC-16
Add Component: Footprint Not Found MICROSD2
Add Component: Footprint Not Found SOT223-4
Add Component: Footprint Not Found SOP65P640X110-16N
Add Component: Footprint Not Found SOT223-4
Add Component: Footprint Not Found CP_10_9_ADI
Add Component: Footprint Not Found XT32-3
Add Pin To Net: Unknown Pin: Pin C301-1
Add Pin To Net: Unknown Pin: Pin C301-2
Add Pin To Net: Unknown Pin: Pin C302-1
Add Pin To Net: Unknown Pin: Pin C302-2
Add Pin To Net: Unknown Pin: Pin C304-1
Add Pin To Net: Unknown Pin: Pin C304-2
Add Pin To Net: Unknown Pin: Pin C305-1
Add Pin To Net: Unknown Pin: Pin C305-2
Add Pin To Net: Unknown Pin: Pin C308-1
Add Pin To Net: Unknown Pin: Pin C308-2
Add Pin To Net: Unknown Pin: Pin C400-1
Add Pin To Net: Unknown Pin: Pin C400-2
Add Pin To Net: Unknown Pin: Pin C401-1
Add Pin To Net: Unknown Pin: Pin C401-2
Add Pin To Net: Unknown Pin: Pin C402-1
Add Pin To Net: Unknown Pin: Pin C402-2
Add Pin To Net: Unknown Pin: Pin C403-1
Add Pin To Net: Unknown Pin: Pin C403-2
Add Pin To Net: Unknown Pin: Pin C405-1
Add Pin To Net: Unknown Pin: Pin C405-2
Add Pin To Net: Unknown Pin: Pin C406-1
Add Pin To Net: Unknown Pin: Pin C406-2
Add Pin To Net: Unknown Pin: Pin C407-1
Add Pin To Net: Unknown Pin: Pin C407-2
Add Pin To Net: Unknown Pin: Pin C408-1
Add Pin To Net: Unknown Pin: Pin C408-2
Add Pin To Net: Unknown Pin: Pin C409-1
Add Pin To Net: Unknown Pin: Pin C409-2
Add Pin To Net: Unknown Pin: Pin C411-1
Add Pin To Net: Unknown Pin: Pin C411-2
Add Pin To Net: Unknown Pin: Pin C412-1
Add Pin To Net: Unknown Pin: Pin C412-2
Add Pin To Net: Unknown Pin: Pin C413-1
Add Pin To Net: Unknown Pin: Pin C413-2
Add Pin To Net: Unknown Pin: Pin C414-1
Add Pin To Net: Unknown Pin: Pin C414-2
Add Pin To Net: Unknown Pin: Pin C415-1
Add Pin To Net: Unknown Pin: Pin C415-2
Add Pin To Net: Unknown Pin: Pin C416-1
Add Pin To Net: Unknown Pin: Pin C416-2
Add Pin To Net: Unknown Pin: Pin C417-1
Add Pin To Net: Unknown Pin: Pin C417-2
Add Pin To Net: Unknown Pin: Pin C418-1
Add Pin To Net: Unknown Pin: Pin C418-2
Add Pin To Net: Unknown Pin: Pin C419-1
Add Pin To Net: Unknown Pin: Pin C419-2
Add Pin To Net: Unknown Pin: Pin C420-1
Add Pin To Net: Unknown Pin: Pin C420-2
Add Pin To Net: Unknown Pin: Pin CN300-1
Add Pin To Net: Unknown Pin: Pin CN300-2
Add Pin To Net: Unknown Pin: Pin D200-1
Add Pin To Net: Unknown Pin: Pin D200-2
Add Pin To Net: Unknown Pin: Pin D201-1
Add Pin To Net: Unknown Pin: Pin D201-2
Add Pin To Net: Unknown Pin: Pin D202-1
Add Pin To Net: Unknown Pin: Pin D202-2
Add Pin To Net: Unknown Pin: Pin D203-1
Add Pin To Net: Unknown Pin: Pin D203-2
Add Pin To Net: Unknown Pin: Pin D204-1
Add Pin To Net: Unknown Pin: Pin D204-2
Add Pin To Net: Unknown Pin: Pin D205-1
Add Pin To Net: Unknown Pin: Pin D205-2
Add Pin To Net: Unknown Pin: Pin D206-1
Add Pin To Net: Unknown Pin: Pin D206-2
Add Pin To Net: Unknown Pin: Pin D207-1
Add Pin To Net: Unknown Pin: Pin D207-2
Add Pin To Net: Unknown Pin: Pin D207-3
Add Pin To Net: Unknown Pin: Pin D300-1
Add Pin To Net: Unknown Pin: Pin D300-2
Add Pin To Net: Unknown Pin: Pin D302-A
Add Pin To Net: Unknown Pin: Pin D302-K
Add Pin To Net: Unknown Pin: Pin D303-A
Add Pin To Net: Unknown Pin: Pin D303-K
Add Pin To Net: Unknown Pin: Pin ESP200-1
Add Pin To Net: Unknown Pin: Pin ESP200-2
Add Pin To Net: Unknown Pin: Pin ESP200-3
Add Pin To Net: Unknown Pin: Pin ESP200-4
Add Pin To Net: Unknown Pin: Pin ESP200-5
Add Pin To Net: Unknown Pin: Pin ESP200-6
Add Pin To Net: Unknown Pin: Pin ESP200-8
Add Pin To Net: Unknown Pin: Pin ESP200-10
Add Pin To Net: Unknown Pin: Pin ESP200-11
Add Pin To Net: Unknown Pin: Pin ESP200-12
Add Pin To Net: Unknown Pin: Pin ESP200-14
Add Pin To Net: Unknown Pin: Pin ESP200-15
Add Pin To Net: Unknown Pin: Pin ESP200-16
Add Pin To Net: Unknown Pin: Pin ESP200-23
Add Pin To Net: Unknown Pin: Pin ESP200-25
Add Pin To Net: Unknown Pin: Pin ESP200-28
Add Pin To Net: Unknown Pin: Pin ESP200-30
Add Pin To Net: Unknown Pin: Pin ESP200-31
Add Pin To Net: Unknown Pin: Pin ESP200-33
Add Pin To Net: Unknown Pin: Pin ESP200-34
Add Pin To Net: Unknown Pin: Pin ESP200-35
Add Pin To Net: Unknown Pin: Pin ESP200-36
Add Pin To Net: Unknown Pin: Pin ESP200-37
Add Pin To Net: Unknown Pin: Pin ESP200-38
Add Pin To Net: Unknown Pin: Pin ESP200-PAD
Add Pin To Net: Unknown Pin: Pin IC300-1
Add Pin To Net: Unknown Pin: Pin IC300-2
Add Pin To Net: Unknown Pin: Pin IC300-3
Add Pin To Net: Unknown Pin: Pin IC300-4
Add Pin To Net: Unknown Pin: Pin IC300-5
Add Pin To Net: Unknown Pin: Pin IC300-6
Add Pin To Net: Unknown Pin: Pin IC300-7
Add Pin To Net: Unknown Pin: Pin IC300-8
Add Pin To Net: Unknown Pin: Pin IC301-1
Add Pin To Net: Unknown Pin: Pin IC301-2
Add Pin To Net: Unknown Pin: Pin IC301-3
Add Pin To Net: Unknown Pin: Pin IC301-5
Add Pin To Net: Unknown Pin: Pin IC301-6
Add Pin To Net: Unknown Pin: Pin IC302-1
Add Pin To Net: Unknown Pin: Pin IC302-2
Add Pin To Net: Unknown Pin: Pin IC302-3
Add Pin To Net: Unknown Pin: Pin IC302-4
Add Pin To Net: Unknown Pin: Pin IC302-5
Add Pin To Net: Unknown Pin: Pin IC302-6
Add Pin To Net: Unknown Pin: Pin IC302-7
Add Pin To Net: Unknown Pin: Pin IC302-8
Add Pin To Net: Unknown Pin: Pin J200-A1
Add Pin To Net: Unknown Pin: Pin J200-A4
Add Pin To Net: Unknown Pin: Pin J200-A5
Add Pin To Net: Unknown Pin: Pin J200-A6
Add Pin To Net: Unknown Pin: Pin J200-A7
Add Pin To Net: Unknown Pin: Pin J200-A9
Add Pin To Net: Unknown Pin: Pin J200-A12
Add Pin To Net: Unknown Pin: Pin J200-B1
Add Pin To Net: Unknown Pin: Pin J200-B4
Add Pin To Net: Unknown Pin: Pin J200-B5
Add Pin To Net: Unknown Pin: Pin J200-B9
Add Pin To Net: Unknown Pin: Pin J200-B12
Add Pin To Net: Unknown Pin: Pin J200-S1
Add Pin To Net: Unknown Pin: Pin J200-S2
Add Pin To Net: Unknown Pin: Pin J200-S3
Add Pin To Net: Unknown Pin: Pin J200-S4
Add Pin To Net: Unknown Pin: Pin MODE200-1
Add Pin To Net: Unknown Pin: Pin MODE200-2
Add Pin To Net: Unknown Pin: Pin Q200-1
Add Pin To Net: Unknown Pin: Pin Q200-2
Add Pin To Net: Unknown Pin: Pin Q200-3
Add Pin To Net: Unknown Pin: Pin Q300-1
Add Pin To Net: Unknown Pin: Pin Q300-2
Add Pin To Net: Unknown Pin: Pin Q300-3
Add Pin To Net: Unknown Pin: Pin R300-1
Add Pin To Net: Unknown Pin: Pin R300-2
Add Pin To Net: Unknown Pin: Pin R302-1
Add Pin To Net: Unknown Pin: Pin R302-2
Add Pin To Net: Unknown Pin: Pin R305-1
Add Pin To Net: Unknown Pin: Pin R305-2
Add Pin To Net: Unknown Pin: Pin R306-1
Add Pin To Net: Unknown Pin: Pin R306-2
Add Pin To Net: Unknown Pin: Pin R307-1
Add Pin To Net: Unknown Pin: Pin R307-2
Add Pin To Net: Unknown Pin: Pin R310-1
Add Pin To Net: Unknown Pin: Pin R310-2
Add Pin To Net: Unknown Pin: Pin S200-1
Add Pin To Net: Unknown Pin: Pin S200-2
Add Pin To Net: Unknown Pin: Pin S201-1
Add Pin To Net: Unknown Pin: Pin S201-2
Add Pin To Net: Unknown Pin: Pin S300-A1
Add Pin To Net: Unknown Pin: Pin S300-B1
Add Pin To Net: Unknown Pin: Pin SW300-1
Add Pin To Net: Unknown Pin: Pin SW300-2
Add Pin To Net: Unknown Pin: Pin TP200-1
Add Pin To Net: Unknown Pin: Pin TP201-1
Add Pin To Net: Unknown Pin: Pin TP202-1
Add Pin To Net: Unknown Pin: Pin TP203-1
Add Pin To Net: Unknown Pin: Pin TP300-1
Add Pin To Net: Unknown Pin: Pin TP301-1
Add Pin To Net: Unknown Pin: Pin TP302-1
Add Pin To Net: Unknown Pin: Pin TP303-1
Add Pin To Net: Unknown Pin: Pin TP304-1
Add Pin To Net: Unknown Pin: Pin TP305-1
Add Pin To Net: Unknown Pin: Pin TP306-1
Add Pin To Net: Unknown Pin: Pin TP307-1
Add Pin To Net: Unknown Pin: Pin TP308-1
Add Pin To Net: Unknown Pin: Pin TP309-1
Add Pin To Net: Unknown Pin: Pin TP310-1
Add Pin To Net: Unknown Pin: Pin TP311-1
Add Pin To Net: Unknown Pin: Pin TP400-1
Add Pin To Net: Unknown Pin: Pin TP401-1
Add Pin To Net: Unknown Pin: Pin TP402-1
Add Pin To Net: Unknown Pin: Pin U200-1
Add Pin To Net: Unknown Pin: Pin U200-2
Add Pin To Net: Unknown Pin: Pin U200-3
Add Pin To Net: Unknown Pin: Pin U200-4
Add Pin To Net: Unknown Pin: Pin U200-5
Add Pin To Net: Unknown Pin: Pin U200-6
Add Pin To Net: Unknown Pin: Pin U200-7
Add Pin To Net: Unknown Pin: Pin U200-8
Add Pin To Net: Unknown Pin: Pin U200-13
Add Pin To Net: Unknown Pin: Pin U200-14
Add Pin To Net: Unknown Pin: Pin U200-16
Add Pin To Net: Unknown Pin: Pin U201-2
Add Pin To Net: Unknown Pin: Pin U201-3
Add Pin To Net: Unknown Pin: Pin U201-4
Add Pin To Net: Unknown Pin: Pin U201-5
Add Pin To Net: Unknown Pin: Pin U201-6
Add Pin To Net: Unknown Pin: Pin U201-7
Add Pin To Net: Unknown Pin: Pin U201-10
Add Pin To Net: Unknown Pin: Pin U201-11
Add Pin To Net: Unknown Pin: Pin U201-12
Add Pin To Net: Unknown Pin: Pin U201-13
Add Pin To Net: Unknown Pin: Pin U300-1
Add Pin To Net: Unknown Pin: Pin U300-2
Add Pin To Net: Unknown Pin: Pin U300-3
Add Pin To Net: Unknown Pin: Pin U300-4
Add Pin To Net: Unknown Pin: Pin U300-5
Add Pin To Net: Unknown Pin: Pin U300-6
Add Pin To Net: Unknown Pin: Pin U300-7
Add Pin To Net: Unknown Pin: Pin U300-8
Add Pin To Net: Unknown Pin: Pin U302-1
Add Pin To Net: Unknown Pin: Pin U302-2
Add Pin To Net: Unknown Pin: Pin U302-3
Add Pin To Net: Unknown Pin: Pin U302-4
Add Pin To Net: Unknown Pin: Pin U401-1
Add Pin To Net: Unknown Pin: Pin U401-2
Add Pin To Net: Unknown Pin: Pin U401-3
Add Pin To Net: Unknown Pin: Pin U401-4
Add Pin To Net: Unknown Pin: Pin U401-5
Add Pin To Net: Unknown Pin: Pin U402-1
Add Pin To Net: Unknown Pin: Pin U402-2
Add Pin To Net: Unknown Pin: Pin U402-3
Add Pin To Net: Unknown Pin: Pin U402-4
Add Pin To Net: Unknown Pin: Pin U402-5
Add Pin To Net: Unknown Pin: Pin U403-1
Add Pin To Net: Unknown Pin: Pin U403-2
Add Pin To Net: Unknown Pin: Pin U403-3
Add Pin To Net: Unknown Pin: Pin U403-4
Add Pin To Net: Unknown Pin: Pin U403-5
Add Pin To Net: Unknown Pin: Pin U404-1
Add Pin To Net: Unknown Pin: Pin U404-2
Add Pin To Net: Unknown Pin: Pin U404-3
Add Pin To Net: Unknown Pin: Pin U404-4
Add Pin To Net: Unknown Pin: Pin U404-5
Add Pin To Net: Unknown Pin: Pin U405-1
Add Pin To Net: Unknown Pin: Pin U405-2
Add Pin To Net: Unknown Pin: Pin U405-4
Add Pin To Net: Unknown Pin: Pin U405-6
Add Pin To Net: Unknown Pin: Pin U406-1
Add Pin To Net: Unknown Pin: Pin U406-2
Add Pin To Net: Unknown Pin: Pin U406-3
Add Pin To Net: Unknown Pin: Pin U406-4
Add Pin To Net: Unknown Pin: Pin U406-5
Add Pin To Net: Unknown Pin: Pin U406-6
Add Pin To Net: Unknown Pin: Pin U406-8
Add Pin To Net: Unknown Pin: Pin U406-9
Add Pin To Net: Unknown Pin: Pin U406-10
Add Pin To Net: Unknown Pin: Pin U406-11
Add Pin To Net: Unknown Pin: Pin U406-12
Add Pin To Net: Unknown Pin: Pin U406-13
Add Pin To Net: Unknown Pin: Pin U406-14
Add Pin To Net: Unknown Pin: Pin U406-15
Add Pin To Net: Unknown Pin: Pin U406-16
Add Pin To Net: Unknown Pin: Pin U407-1
Add Pin To Net: Unknown Pin: Pin U407-2
Add Pin To Net: Unknown Pin: Pin U407-3
Add Pin To Net: Unknown Pin: Pin U407-4
Add Pin To Net: Unknown Pin: Pin U408-1
Add Pin To Net: Unknown Pin: Pin U408-2
Add Pin To Net: Unknown Pin: Pin U408-3
Add Pin To Net: Unknown Pin: Pin U408-4
Add Pin To Net: Unknown Pin: Pin U408-5
Add Pin To Net: Unknown Pin: Pin U408-6
Add Pin To Net: Unknown Pin: Pin U408-7
Add Pin To Net: Unknown Pin: Pin U408-8
Add Pin To Net: Unknown Pin: Pin U408-10
Add Pin To Net: Unknown Pin: Pin U408-11
Add Pin To Net: Unknown Pin: Pin U409-1
Add Pin To Net: Unknown Pin: Pin U409-2
Add Pin To Net: Unknown Pin: Pin U409-3
Add Pin To Net: Unknown Pin: Pin U409-4
Add Pin To Net: Unknown Pin: Pin U409-5
Add Pin To Net: Unknown Pin: Pin U410-1
Add Pin To Net: Unknown Pin: Pin U410-2
Add Pin To Net: Unknown Pin: Pin U410-3
Add Pin To Net: Unknown Pin: Pin U410-4
Add Pin To Net: Unknown Pin: Pin U410-5
Add Pin To Net: Unknown Pin: Pin XT200-1
Add Pin To Net: Unknown Pin: Pin XT200-2
Add Pin To Net: Unknown Pin: Pin XT200-3
Add Class Member: Failed to add class member : Component C301 CAP CER 10UF 10V X5R 0402
Add Class Member: Failed to add class member : Component C302 CAP CER 10UF 10V X5R 0402
Add Class Member: Failed to add class member : Component C304 10nF
Add Class Member: Failed to add class member : Component C305 22nF
Add Class Member: Failed to add class member : Component C308 CAP CER 10UF 10V X5R 0402
Add Class Member: Failed to add class member : Component C400 CAP CER 10UF 10V X5R 0402
Add Class Member: Failed to add class member : Component C401 CAP CER 10UF 10V X5R 0402
Add Class Member: Failed to add class member : Component C402 CAP CER 10UF 10V X5R 0402
Add Class Member: Failed to add class member : Component C403 CAP CER 10UF 10V X5R 0402
Add Class Member: Failed to add class member : Component C405 CAP CER 10UF 10V X5R 0402
Add Class Member: Failed to add class member : Component C406 CAP CER 10UF 10V X5R 0402
Add Class Member: Failed to add class member : Component C407 CAP CER 10UF 10V X5R 0402
Add Class Member: Failed to add class member : Component C408 CAP CER 10UF 10V X5R 0402
Add Class Member: Failed to add class member : Component C409 CAP CER 10UF 10V X5R 0402
Add Class Member: Failed to add class member : Component C411 CAP CER 10UF 10V X5R 0402
Add Class Member: Failed to add class member : Component C412 CAP CER 10UF 10V X5R 0402
Add Class Member: Failed to add class member : Component C413 CAP CER 10UF 10V X5R 0402
Add Class Member: Failed to add class member : Component C414 CAP CER 10UF 10V X5R 0402
Add Class Member: Failed to add class member : Component C415 CAP CER 10UF 10V X5R 0402
Add Class Member: Failed to add class member : Component C416 CAP CER 10UF 10V X5R 0402
Add Class Member: Failed to add class member : Component C417 CAP CER 10UF 10V X5R 0402
Add Class Member: Failed to add class member : Component C418 CAP CER 10UF 10V X5R 0402
Add Class Member: Failed to add class member : Component C419 CAP CER 10UF 10V X5R 0402
Add Class Member: Failed to add class member : Component C420 CAP CER 10UF 10V X5R 0402
Add Class Member: Failed to add class member : Component CN300 0532610271
Add Class Member: Failed to add class member : Component D200 RED
Add Class Member: Failed to add class member : Component D201 GREEN
Add Class Member: Failed to add class member : Component D202 ESDAXLC6-1BU2
Add Class Member: Failed to add class member : Component D203 ESDAXLC6-1BU2
Add Class Member: Failed to add class member : Component D204 ESDAXLC6-1BU2
Add Class Member: Failed to add class member : Component D205 ESDAXLC6-1BU2
Add Class Member: Failed to add class member : Component D206 ESDAXLC6-1BU2
Add Class Member: Failed to add class member : Component D207 DESD2CAN2SOQ-7
Add Class Member: Failed to add class member : Component D300 SS26
Add Class Member: Failed to add class member : Component D302 1N5819
Add Class Member: Failed to add class member : Component D303 1N5819
Add Class Member: Failed to add class member : Component ESP200 Wroom 32D
Add Class Member: Failed to add class member : Component IC300 TP4056
Add Class Member: Failed to add class member : Component IC301 DW01A
Add Class Member: Failed to add class member : Component IC302 FS8205A
Add Class Member: Failed to add class member : Component J200 USB4056-03-A
Add Class Member: Failed to add class member : Component MODE200 JP2
Add Class Member: Failed to add class member : Component Q200 MMBT4401
Add Class Member: Failed to add class member : Component Q300 AO3401A
Add Class Member: Failed to add class member : Component R300 RES 100K OHM 1/20W 5% 0201 SMD
Add Class Member: Failed to add class member : Component R302 RES 100K OHM 1/20W 5% 0201 SMD
Add Class Member: Failed to add class member : Component R305 RES 100K OHM 1/20W 5% 0201 SMD
Add Class Member: Failed to add class member : Component R306 RES 100K OHM 1/20W 5% 0201 SMD
Add Class Member: Failed to add class member : Component R307 RES 100K OHM 1/20W 5% 0201 SMD
Add Class Member: Failed to add class member : Component R310 10R
Add Class Member: Failed to add class member : Component S200 SW
Add Class Member: Failed to add class member : Component S201 SW
Add Class Member: Failed to add class member : Component S300 MSK12C02
Add Class Member: Failed to add class member : Component SW300 SW
Add Class Member: Failed to add class member : Component TP200 SIREN_EN
Add Class Member: Failed to add class member : Component TP201 SIREN_EN
Add Class Member: Failed to add class member : Component TP202 SIREN_EN
Add Class Member: Failed to add class member : Component TP203 SIREN_EN
Add Class Member: Failed to add class member : Component TP300 SIREN_EN
Add Class Member: Failed to add class member : Component TP301 3V3
Add Class Member: Failed to add class member : Component TP302 SIREN_EN
Add Class Member: Failed to add class member : Component TP303 SIREN_EN
Add Class Member: Failed to add class member : Component TP304 SIREN_EN
Add Class Member: Failed to add class member : Component TP305 SIREN_EN
Add Class Member: Failed to add class member : Component TP306 SIREN_EN
Add Class Member: Failed to add class member : Component TP307 SIREN_EN
Add Class Member: Failed to add class member : Component TP308 SIREN_EN
Add Class Member: Failed to add class member : Component TP309 SIREN_EN
Add Class Member: Failed to add class member : Component TP310 SIREN_EN
Add Class Member: Failed to add class member : Component TP311 SIREN_EN
Add Class Member: Failed to add class member : Component TP400 SIREN_EN
Add Class Member: Failed to add class member : Component TP401 SIREN_EN
Add Class Member: Failed to add class member : Component TP402 SIREN_EN
Add Class Member: Failed to add class member : Component U200 CH340G
Add Class Member: Failed to add class member : Component U201 SD_CARD
Add Class Member: Failed to add class member : Component U300 MP1542
Add Class Member: Failed to add class member : Component U302 LM1117-3.3
Add Class Member: Failed to add class member : Component U401 AD8605
Add Class Member: Failed to add class member : Component U402 AD8605
Add Class Member: Failed to add class member : Component U403 AD8605
Add Class Member: Failed to add class member : Component U404 AD8605
Add Class Member: Failed to add class member : Component U405 LT6654AIS6-2.5#TRMPBF
Add Class Member: Failed to add class member : Component U406 MAX4617CUE+
Add Class Member: Failed to add class member : Component U407 LM1117-3.3
Add Class Member: Failed to add class member : Component U408 AD4008BCPZ-RL7
Add Class Member: Failed to add class member : Component U409 AD8605
Add Class Member: Failed to add class member : Component U410 AD8605
Add Class Member: Failed to add class member : Component XT200 Q3812000ZWFAC
