Removed Parameter Case/Package:0201 from Part C310
Removed Parameter Case/Package:0201 from Part C312
Removed Parameter Case/Package:0201 from Part C313
Removed Parameter Case/Package:0201 from Part R300
Removed Parameter Case/Package:0201 from Part R302
Removed Parameter Case/Package:0201 from Part R305
Removed Parameter Case/Package:0201 from Part R306
Removed Parameter Case/Package:0201 from Part R307
Removed Parameter Case/Package:0201 from Part R311
Removed Parameter Case/Package:0201 from Part R314
Removed Parameter Case/Package:0603 from Part C301
Removed Parameter Case/Package:0603 from Part C302
Removed Parameter Case/Package:0603 from Part C308
Removed Parameter Case/Package:0603 from Part C309
Removed Parameter Case/Package:0603 from Part C311
Removed Parameter Case/Package:0603 from Part C315
Removed Parameter Case/Package:0603 from Part C316
Removed Parameter Case/Package:0603 from Part C317
Removed Parameter Case/Package:0603 from Part C318
Removed Parameter Case/Package:0603 from Part U302
Removed Parameter Case/Package:SOD-123-2 from Part D302
Removed Parameter Case/Package:SOD-123-2 from Part D303
Removed Parameter Case/Package:TO-236-3 from Part Q300
Removed Parameter Case Code (Imperial):0201 from Part C310
Removed Parameter Case Code (Imperial):0201 from Part C312
Removed Parameter Case Code (Imperial):0201 from Part C313
Removed Parameter Case Code (Imperial):0201 from Part R300
Removed Parameter Case Code (Imperial):0201 from Part R302
Removed Parameter Case Code (Imperial):0201 from Part R305
Removed Parameter Case Code (Imperial):0201 from Part R306
Removed Parameter Case Code (Imperial):0201 from Part R307
Removed Parameter Case Code (Imperial):0201 from Part R311
Removed Parameter Case Code (Imperial):0201 from Part R314
Removed Parameter Case Code (Imperial):0402 from Part C308
Removed Parameter Case Code (Imperial):0402 from Part C309
Removed Parameter Case Code (Imperial):0402 from Part C311
Removed Parameter Case Code (Metric):0603 from Part C310
Removed Parameter Case Code (Metric):0603 from Part C312
Removed Parameter Case Code (Metric):0603 from Part C313
Removed Parameter Case Code (Metric):0603 from Part R300
Removed Parameter Case Code (Metric):0603 from Part R302
Removed Parameter Case Code (Metric):0603 from Part R305
Removed Parameter Case Code (Metric):0603 from Part R306
Removed Parameter Case Code (Metric):0603 from Part R307
Removed Parameter Case Code (Metric):0603 from Part R311
Removed Parameter Case Code (Metric):0603 from Part R314
Removed Parameter Case Code (Metric):1005 from Part C301
Removed Parameter Case Code (Metric):1005 from Part C302
Removed Parameter Case Code (Metric):1005 from Part C308
Removed Parameter Case Code (Metric):1005 from Part C309
Removed Parameter Case Code (Metric):1005 from Part C311
Removed Parameter Case Code (Metric):1005 from Part C317
Removed Parameter Case Code (Metric):1005 from Part C318
Removed Parameter Category:Ceramic Capacitors from Part C301
Removed Parameter Category:Ceramic Capacitors from Part C302
Removed Parameter Category:Ceramic Capacitors from Part C308
Removed Parameter Category:Ceramic Capacitors from Part C309
Removed Parameter Category:Ceramic Capacitors from Part C310
Removed Parameter Category:Ceramic Capacitors from Part C311
Removed Parameter Category:Ceramic Capacitors from Part C312
Removed Parameter Category:Ceramic Capacitors from Part C313
Removed Parameter Category:Ceramic Capacitors from Part C317
Removed Parameter Category:Ceramic Capacitors from Part C318
Removed Parameter Category:Chip SMD Resistors from Part R300
Removed Parameter Category:Chip SMD Resistors from Part R302
Removed Parameter Category:Chip SMD Resistors from Part R305
Removed Parameter Category:Chip SMD Resistors from Part R306
Removed Parameter Category:Chip SMD Resistors from Part R307
Removed Parameter Category:Chip SMD Resistors from Part R311
Removed Parameter Category:Chip SMD Resistors from Part R314
Removed Parameter Category:Ferrite Beads and Chips from Part FB300
Removed Parameter Category:Ferrite Beads and Chips from Part FB301
Removed Parameter Category:Ferrite Beads and Chips from Part FB302
Removed Parameter Category:Fixed Inductors from Part L300
Removed Parameter Category: from Part SW301
Removed Parameter Category: from Part SW302
Removed Parameter Category:RESISTORS from Part R301
Removed Parameter Category:RESISTORS from Part R303
Removed Parameter Category:RESISTORS from Part R304
Removed Parameter Category:RESISTORS from Part R308
Removed Parameter Category:RESISTORS from Part R309
Removed Parameter Category:RESISTORS from Part R312
Removed Parameter Category:RESISTORS from Part R313
Removed Parameter Category:RESISTORS from Part R315
Removed Parameter Class:Passive from Part R310
Removed Parameter ComponentLink1Description:http://www.farnell.com/datasheets/2339713.pdf?src-supplier=Farnell from Part L300
Removed Parameter ComponentLink1Description:http://www.samsungsem.com/kr/support/product-search/mlcc/CL05A106MP8NUB8.jsp?src-supplier=Digi-Key from Part C301
Removed Parameter ComponentLink1Description:http://www.samsungsem.com/kr/support/product-search/mlcc/CL05A106MP8NUB8.jsp?src-supplier=Digi-Key from Part C302
Removed Parameter ComponentLink1Description:http://www.samsungsem.com/kr/support/product-search/mlcc/CL05A106MP8NUB8.jsp?src-supplier=Digi-Key from Part C308
Removed Parameter ComponentLink1Description:http://www.samsungsem.com/kr/support/product-search/mlcc/CL05A106MP8NUB8.jsp?src-supplier=Digi-Key from Part C317
Removed Parameter ComponentLink1Description:http://www.samsungsem.com/kr/support/product-search/mlcc/CL05A106MP8NUB8.jsp?src-supplier=Digi-Key from Part C318
Removed Parameter ComponentLink1Description:https://datasheet.ciiva.com/7660/1421516-7660806.pdf?src-supplier=Element14 from Part R300
Removed Parameter ComponentLink1Description:https://datasheet.ciiva.com/7660/1421516-7660806.pdf?src-supplier=Element14 from Part R302
Removed Parameter ComponentLink1Description:https://datasheet.ciiva.com/7660/1421516-7660806.pdf?src-supplier=Element14 from Part R305
Removed Parameter ComponentLink1Description:https://datasheet.ciiva.com/7660/1421516-7660806.pdf?src-supplier=Element14 from Part R306
Removed Parameter ComponentLink1Description:https://datasheet.ciiva.com/7660/1421516-7660806.pdf?src-supplier=Element14 from Part R307
Removed Parameter ComponentLink1URL:http://www.farnell.com/datasheets/2339713.pdf?src-supplier=Farnell from Part L300
Removed Parameter ComponentLink1URL:http://www.samsungsem.com/kr/support/product-search/mlcc/CL05A106MP8NUB8.jsp?src-supplier=Digi-Key from Part C301
Removed Parameter ComponentLink1URL:http://www.samsungsem.com/kr/support/product-search/mlcc/CL05A106MP8NUB8.jsp?src-supplier=Digi-Key from Part C302
Removed Parameter ComponentLink1URL:http://www.samsungsem.com/kr/support/product-search/mlcc/CL05A106MP8NUB8.jsp?src-supplier=Digi-Key from Part C308
Removed Parameter ComponentLink1URL:http://www.samsungsem.com/kr/support/product-search/mlcc/CL05A106MP8NUB8.jsp?src-supplier=Digi-Key from Part C317
Removed Parameter ComponentLink1URL:http://www.samsungsem.com/kr/support/product-search/mlcc/CL05A106MP8NUB8.jsp?src-supplier=Digi-Key from Part C318
Removed Parameter ComponentLink1URL:https://datasheet.ciiva.com/7660/1421516-7660806.pdf?src-supplier=Element14 from Part R300
Removed Parameter ComponentLink1URL:https://datasheet.ciiva.com/7660/1421516-7660806.pdf?src-supplier=Element14 from Part R302
Removed Parameter ComponentLink1URL:https://datasheet.ciiva.com/7660/1421516-7660806.pdf?src-supplier=Element14 from Part R305
Removed Parameter ComponentLink1URL:https://datasheet.ciiva.com/7660/1421516-7660806.pdf?src-supplier=Element14 from Part R306
Removed Parameter ComponentLink1URL:https://datasheet.ciiva.com/7660/1421516-7660806.pdf?src-supplier=Element14 from Part R307
Removed Parameter ComponentLink2Description:https://datasheet.ciiva.com/2493/pyu-r-int-thick-7-2493769.pdf?src-supplier=Digi-Key from Part R300
Removed Parameter ComponentLink2Description:https://datasheet.ciiva.com/2493/pyu-r-int-thick-7-2493769.pdf?src-supplier=Digi-Key from Part R302
Removed Parameter ComponentLink2Description:https://datasheet.ciiva.com/2493/pyu-r-int-thick-7-2493769.pdf?src-supplier=Digi-Key from Part R305
Removed Parameter ComponentLink2Description:https://datasheet.ciiva.com/2493/pyu-r-int-thick-7-2493769.pdf?src-supplier=Digi-Key from Part R306
Removed Parameter ComponentLink2Description:https://datasheet.ciiva.com/2493/pyu-r-int-thick-7-2493769.pdf?src-supplier=Digi-Key from Part R307
Removed Parameter ComponentLink2URL:https://datasheet.ciiva.com/2493/pyu-r-int-thick-7-2493769.pdf?src-supplier=Digi-Key from Part R300
Removed Parameter ComponentLink2URL:https://datasheet.ciiva.com/2493/pyu-r-int-thick-7-2493769.pdf?src-supplier=Digi-Key from Part R302
Removed Parameter ComponentLink2URL:https://datasheet.ciiva.com/2493/pyu-r-int-thick-7-2493769.pdf?src-supplier=Digi-Key from Part R305
Removed Parameter ComponentLink2URL:https://datasheet.ciiva.com/2493/pyu-r-int-thick-7-2493769.pdf?src-supplier=Digi-Key from Part R306
Removed Parameter ComponentLink2URL:https://datasheet.ciiva.com/2493/pyu-r-int-thick-7-2493769.pdf?src-supplier=Digi-Key from Part R307
Removed Parameter ComponentLink3Description:https://datasheet.ciiva.com/2493/pyu-r-int-thick-7-2493770.pdf?src-supplier=Digi-Key from Part R300
Removed Parameter ComponentLink3Description:https://datasheet.ciiva.com/2493/pyu-r-int-thick-7-2493770.pdf?src-supplier=Digi-Key from Part R302
Removed Parameter ComponentLink3Description:https://datasheet.ciiva.com/2493/pyu-r-int-thick-7-2493770.pdf?src-supplier=Digi-Key from Part R305
Removed Parameter ComponentLink3Description:https://datasheet.ciiva.com/2493/pyu-r-int-thick-7-2493770.pdf?src-supplier=Digi-Key from Part R306
Removed Parameter ComponentLink3Description:https://datasheet.ciiva.com/2493/pyu-r-int-thick-7-2493770.pdf?src-supplier=Digi-Key from Part R307
Removed Parameter ComponentLink3URL:https://datasheet.ciiva.com/2493/pyu-r-int-thick-7-2493770.pdf?src-supplier=Digi-Key from Part R300
Removed Parameter ComponentLink3URL:https://datasheet.ciiva.com/2493/pyu-r-int-thick-7-2493770.pdf?src-supplier=Digi-Key from Part R302
Removed Parameter ComponentLink3URL:https://datasheet.ciiva.com/2493/pyu-r-int-thick-7-2493770.pdf?src-supplier=Digi-Key from Part R305
Removed Parameter ComponentLink3URL:https://datasheet.ciiva.com/2493/pyu-r-int-thick-7-2493770.pdf?src-supplier=Digi-Key from Part R306
Removed Parameter ComponentLink3URL:https://datasheet.ciiva.com/2493/pyu-r-int-thick-7-2493770.pdf?src-supplier=Digi-Key from Part R307
Removed Parameter ComponentLink4Description:https://datasheet.ciiva.com/26829/getdatasheetpartid-420441-26829850.pdf?src-supplier=Verical from Part R300
Removed Parameter ComponentLink4Description:https://datasheet.ciiva.com/26829/getdatasheetpartid-420441-26829850.pdf?src-supplier=Verical from Part R302
Removed Parameter ComponentLink4Description:https://datasheet.ciiva.com/26829/getdatasheetpartid-420441-26829850.pdf?src-supplier=Verical from Part R305
Removed Parameter ComponentLink4Description:https://datasheet.ciiva.com/26829/getdatasheetpartid-420441-26829850.pdf?src-supplier=Verical from Part R306
Removed Parameter ComponentLink4Description:https://datasheet.ciiva.com/26829/getdatasheetpartid-420441-26829850.pdf?src-supplier=Verical from Part R307
Removed Parameter ComponentLink4URL:https://datasheet.ciiva.com/26829/getdatasheetpartid-420441-26829850.pdf?src-supplier=Verical from Part R300
Removed Parameter ComponentLink4URL:https://datasheet.ciiva.com/26829/getdatasheetpartid-420441-26829850.pdf?src-supplier=Verical from Part R302
Removed Parameter ComponentLink4URL:https://datasheet.ciiva.com/26829/getdatasheetpartid-420441-26829850.pdf?src-supplier=Verical from Part R305
Removed Parameter ComponentLink4URL:https://datasheet.ciiva.com/26829/getdatasheetpartid-420441-26829850.pdf?src-supplier=Verical from Part R306
Removed Parameter ComponentLink4URL:https://datasheet.ciiva.com/26829/getdatasheetpartid-420441-26829850.pdf?src-supplier=Verical from Part R307
Removed Parameter ComponentLink5Description:https://datasheet.ciiva.com/46391/1421516-46391338.pdf?src-supplier=Element14 from Part R300
Removed Parameter ComponentLink5Description:https://datasheet.ciiva.com/46391/1421516-46391338.pdf?src-supplier=Element14 from Part R302
Removed Parameter ComponentLink5Description:https://datasheet.ciiva.com/46391/1421516-46391338.pdf?src-supplier=Element14 from Part R305
Removed Parameter ComponentLink5Description:https://datasheet.ciiva.com/46391/1421516-46391338.pdf?src-supplier=Element14 from Part R306
Removed Parameter ComponentLink5Description:https://datasheet.ciiva.com/46391/1421516-46391338.pdf?src-supplier=Element14 from Part R307
Removed Parameter ComponentLink5URL:https://datasheet.ciiva.com/46391/1421516-46391338.pdf?src-supplier=Element14 from Part R300
Removed Parameter ComponentLink5URL:https://datasheet.ciiva.com/46391/1421516-46391338.pdf?src-supplier=Element14 from Part R302
Removed Parameter ComponentLink5URL:https://datasheet.ciiva.com/46391/1421516-46391338.pdf?src-supplier=Element14 from Part R305
Removed Parameter ComponentLink5URL:https://datasheet.ciiva.com/46391/1421516-46391338.pdf?src-supplier=Element14 from Part R306
Removed Parameter ComponentLink5URL:https://datasheet.ciiva.com/46391/1421516-46391338.pdf?src-supplier=Element14 from Part R307
Removed Parameter ComponentLink6Description:https://datasheet.ciiva.com/2493/pyu-r-int-thick-7-2493771.pdf?src-supplier=Digi-Key from Part R300
Removed Parameter ComponentLink6Description:https://datasheet.ciiva.com/2493/pyu-r-int-thick-7-2493771.pdf?src-supplier=Digi-Key from Part R302
Removed Parameter ComponentLink6Description:https://datasheet.ciiva.com/2493/pyu-r-int-thick-7-2493771.pdf?src-supplier=Digi-Key from Part R305
Removed Parameter ComponentLink6Description:https://datasheet.ciiva.com/2493/pyu-r-int-thick-7-2493771.pdf?src-supplier=Digi-Key from Part R306
Removed Parameter ComponentLink6Description:https://datasheet.ciiva.com/2493/pyu-r-int-thick-7-2493771.pdf?src-supplier=Digi-Key from Part R307
Removed Parameter ComponentLink6URL:https://datasheet.ciiva.com/2493/pyu-r-int-thick-7-2493771.pdf?src-supplier=Digi-Key from Part R300
Removed Parameter ComponentLink6URL:https://datasheet.ciiva.com/2493/pyu-r-int-thick-7-2493771.pdf?src-supplier=Digi-Key from Part R302
Removed Parameter ComponentLink6URL:https://datasheet.ciiva.com/2493/pyu-r-int-thick-7-2493771.pdf?src-supplier=Digi-Key from Part R305
Removed Parameter ComponentLink6URL:https://datasheet.ciiva.com/2493/pyu-r-int-thick-7-2493771.pdf?src-supplier=Digi-Key from Part R306
Removed Parameter ComponentLink6URL:https://datasheet.ciiva.com/2493/pyu-r-int-thick-7-2493771.pdf?src-supplier=Digi-Key from Part R307
Removed Parameter ComponentLink7Description:https://datasheet.ciiva.com/16855/pyu-rc0201-51-rohs-l-8-16855774.pdf?src-supplier=Avnet+Europe from Part R300
Removed Parameter ComponentLink7Description:https://datasheet.ciiva.com/16855/pyu-rc0201-51-rohs-l-8-16855774.pdf?src-supplier=Avnet+Europe from Part R302
Removed Parameter ComponentLink7Description:https://datasheet.ciiva.com/16855/pyu-rc0201-51-rohs-l-8-16855774.pdf?src-supplier=Avnet+Europe from Part R305
Removed Parameter ComponentLink7Description:https://datasheet.ciiva.com/16855/pyu-rc0201-51-rohs-l-8-16855774.pdf?src-supplier=Avnet+Europe from Part R306
Removed Parameter ComponentLink7Description:https://datasheet.ciiva.com/16855/pyu-rc0201-51-rohs-l-8-16855774.pdf?src-supplier=Avnet+Europe from Part R307
Removed Parameter ComponentLink7URL:https://datasheet.ciiva.com/16855/pyu-rc0201-51-rohs-l-8-16855774.pdf?src-supplier=Avnet+Europe from Part R300
Removed Parameter ComponentLink7URL:https://datasheet.ciiva.com/16855/pyu-rc0201-51-rohs-l-8-16855774.pdf?src-supplier=Avnet+Europe from Part R302
Removed Parameter ComponentLink7URL:https://datasheet.ciiva.com/16855/pyu-rc0201-51-rohs-l-8-16855774.pdf?src-supplier=Avnet+Europe from Part R305
Removed Parameter ComponentLink7URL:https://datasheet.ciiva.com/16855/pyu-rc0201-51-rohs-l-8-16855774.pdf?src-supplier=Avnet+Europe from Part R306
Removed Parameter ComponentLink7URL:https://datasheet.ciiva.com/16855/pyu-rc0201-51-rohs-l-8-16855774.pdf?src-supplier=Avnet+Europe from Part R307
Removed Parameter ComponentLink8Description:https://datasheet.ciiva.com/22698/1563626-22698495.pdf?src-supplier=Element14 from Part R300
Removed Parameter ComponentLink8Description:https://datasheet.ciiva.com/22698/1563626-22698495.pdf?src-supplier=Element14 from Part R302
Removed Parameter ComponentLink8Description:https://datasheet.ciiva.com/22698/1563626-22698495.pdf?src-supplier=Element14 from Part R305
Removed Parameter ComponentLink8Description:https://datasheet.ciiva.com/22698/1563626-22698495.pdf?src-supplier=Element14 from Part R306
Removed Parameter ComponentLink8Description:https://datasheet.ciiva.com/22698/1563626-22698495.pdf?src-supplier=Element14 from Part R307
Removed Parameter ComponentLink8URL:https://datasheet.ciiva.com/22698/1563626-22698495.pdf?src-supplier=Element14 from Part R300
Removed Parameter ComponentLink8URL:https://datasheet.ciiva.com/22698/1563626-22698495.pdf?src-supplier=Element14 from Part R302
Removed Parameter ComponentLink8URL:https://datasheet.ciiva.com/22698/1563626-22698495.pdf?src-supplier=Element14 from Part R305
Removed Parameter ComponentLink8URL:https://datasheet.ciiva.com/22698/1563626-22698495.pdf?src-supplier=Element14 from Part R306
Removed Parameter ComponentLink8URL:https://datasheet.ciiva.com/22698/1563626-22698495.pdf?src-supplier=Element14 from Part R307
Removed Parameter ComponentLink9Description:https://datasheet.ciiva.com/16205/erj-1gej104c-16205691.pdf?src-supplier=Future+Electronics from Part R300
Removed Parameter ComponentLink9Description:https://datasheet.ciiva.com/16205/erj-1gej104c-16205691.pdf?src-supplier=Future+Electronics from Part R302
Removed Parameter ComponentLink9Description:https://datasheet.ciiva.com/16205/erj-1gej104c-16205691.pdf?src-supplier=Future+Electronics from Part R305
Removed Parameter ComponentLink9Description:https://datasheet.ciiva.com/16205/erj-1gej104c-16205691.pdf?src-supplier=Future+Electronics from Part R306
Removed Parameter ComponentLink9Description:https://datasheet.ciiva.com/16205/erj-1gej104c-16205691.pdf?src-supplier=Future+Electronics from Part R307
Removed Parameter ComponentLink9URL:https://datasheet.ciiva.com/16205/erj-1gej104c-16205691.pdf?src-supplier=Future+Electronics from Part R300
Removed Parameter ComponentLink9URL:https://datasheet.ciiva.com/16205/erj-1gej104c-16205691.pdf?src-supplier=Future+Electronics from Part R302
Removed Parameter ComponentLink9URL:https://datasheet.ciiva.com/16205/erj-1gej104c-16205691.pdf?src-supplier=Future+Electronics from Part R305
Removed Parameter ComponentLink9URL:https://datasheet.ciiva.com/16205/erj-1gej104c-16205691.pdf?src-supplier=Future+Electronics from Part R306
Removed Parameter ComponentLink9URL:https://datasheet.ciiva.com/16205/erj-1gej104c-16205691.pdf?src-supplier=Future+Electronics from Part R307
Removed Parameter ComponentLink10Description:https://datasheet.ciiva.com/16788/70260739-16788501.pdf?src-supplier=Allied+Electronics from Part R300
Removed Parameter ComponentLink10Description:https://datasheet.ciiva.com/16788/70260739-16788501.pdf?src-supplier=Allied+Electronics from Part R302
Removed Parameter ComponentLink10Description:https://datasheet.ciiva.com/16788/70260739-16788501.pdf?src-supplier=Allied+Electronics from Part R305
Removed Parameter ComponentLink10Description:https://datasheet.ciiva.com/16788/70260739-16788501.pdf?src-supplier=Allied+Electronics from Part R306
Removed Parameter ComponentLink10Description:https://datasheet.ciiva.com/16788/70260739-16788501.pdf?src-supplier=Allied+Electronics from Part R307
Removed Parameter ComponentLink10URL:https://datasheet.ciiva.com/16788/70260739-16788501.pdf?src-supplier=Allied+Electronics from Part R300
Removed Parameter ComponentLink10URL:https://datasheet.ciiva.com/16788/70260739-16788501.pdf?src-supplier=Allied+Electronics from Part R302
Removed Parameter ComponentLink10URL:https://datasheet.ciiva.com/16788/70260739-16788501.pdf?src-supplier=Allied+Electronics from Part R305
Removed Parameter ComponentLink10URL:https://datasheet.ciiva.com/16788/70260739-16788501.pdf?src-supplier=Allied+Electronics from Part R306
Removed Parameter ComponentLink10URL:https://datasheet.ciiva.com/16788/70260739-16788501.pdf?src-supplier=Allied+Electronics from Part R307
Removed Parameter ComponentLink11Description:https://datasheet.ciiva.com/2439/erj525-2439079.pdf?src-supplier=Digi-Key from Part R300
Removed Parameter ComponentLink11Description:https://datasheet.ciiva.com/2439/erj525-2439079.pdf?src-supplier=Digi-Key from Part R302
Removed Parameter ComponentLink11Description:https://datasheet.ciiva.com/2439/erj525-2439079.pdf?src-supplier=Digi-Key from Part R305
Removed Parameter ComponentLink11Description:https://datasheet.ciiva.com/2439/erj525-2439079.pdf?src-supplier=Digi-Key from Part R306
Removed Parameter ComponentLink11Description:https://datasheet.ciiva.com/2439/erj525-2439079.pdf?src-supplier=Digi-Key from Part R307
Removed Parameter ComponentLink11URL:https://datasheet.ciiva.com/2439/erj525-2439079.pdf?src-supplier=Digi-Key from Part R300
Removed Parameter ComponentLink11URL:https://datasheet.ciiva.com/2439/erj525-2439079.pdf?src-supplier=Digi-Key from Part R302
Removed Parameter ComponentLink11URL:https://datasheet.ciiva.com/2439/erj525-2439079.pdf?src-supplier=Digi-Key from Part R305
Removed Parameter ComponentLink11URL:https://datasheet.ciiva.com/2439/erj525-2439079.pdf?src-supplier=Digi-Key from Part R306
Removed Parameter ComponentLink11URL:https://datasheet.ciiva.com/2439/erj525-2439079.pdf?src-supplier=Digi-Key from Part R307
Removed Parameter ComponentLink12Description:https://datasheet.ciiva.com/2439/erj525-2439080.pdf?src-supplier=Digi-Key from Part R300
Removed Parameter ComponentLink12Description:https://datasheet.ciiva.com/2439/erj525-2439080.pdf?src-supplier=Digi-Key from Part R302
Removed Parameter ComponentLink12Description:https://datasheet.ciiva.com/2439/erj525-2439080.pdf?src-supplier=Digi-Key from Part R305
Removed Parameter ComponentLink12Description:https://datasheet.ciiva.com/2439/erj525-2439080.pdf?src-supplier=Digi-Key from Part R306
Removed Parameter ComponentLink12Description:https://datasheet.ciiva.com/2439/erj525-2439080.pdf?src-supplier=Digi-Key from Part R307
Removed Parameter ComponentLink12URL:https://datasheet.ciiva.com/2439/erj525-2439080.pdf?src-supplier=Digi-Key from Part R300
Removed Parameter ComponentLink12URL:https://datasheet.ciiva.com/2439/erj525-2439080.pdf?src-supplier=Digi-Key from Part R302
Removed Parameter ComponentLink12URL:https://datasheet.ciiva.com/2439/erj525-2439080.pdf?src-supplier=Digi-Key from Part R305
Removed Parameter ComponentLink12URL:https://datasheet.ciiva.com/2439/erj525-2439080.pdf?src-supplier=Digi-Key from Part R306
Removed Parameter ComponentLink12URL:https://datasheet.ciiva.com/2439/erj525-2439080.pdf?src-supplier=Digi-Key from Part R307
Removed Parameter ComponentLink13Description:https://datasheet.ciiva.com/22758/1678796-22758360.pdf?src-supplier=Farnell from Part R300
Removed Parameter ComponentLink13Description:https://datasheet.ciiva.com/22758/1678796-22758360.pdf?src-supplier=Farnell from Part R302
Removed Parameter ComponentLink13Description:https://datasheet.ciiva.com/22758/1678796-22758360.pdf?src-supplier=Farnell from Part R305
Removed Parameter ComponentLink13Description:https://datasheet.ciiva.com/22758/1678796-22758360.pdf?src-supplier=Farnell from Part R306
Removed Parameter ComponentLink13Description:https://datasheet.ciiva.com/22758/1678796-22758360.pdf?src-supplier=Farnell from Part R307
Removed Parameter ComponentLink13URL:https://datasheet.ciiva.com/22758/1678796-22758360.pdf?src-supplier=Farnell from Part R300
Removed Parameter ComponentLink13URL:https://datasheet.ciiva.com/22758/1678796-22758360.pdf?src-supplier=Farnell from Part R302
Removed Parameter ComponentLink13URL:https://datasheet.ciiva.com/22758/1678796-22758360.pdf?src-supplier=Farnell from Part R305
Removed Parameter ComponentLink13URL:https://datasheet.ciiva.com/22758/1678796-22758360.pdf?src-supplier=Farnell from Part R306
Removed Parameter ComponentLink13URL:https://datasheet.ciiva.com/22758/1678796-22758360.pdf?src-supplier=Farnell from Part R307
Removed Parameter ComponentLink14Description:https://datasheet.ciiva.com/28514/1694929-28514024.pdf?src-supplier=Element14 from Part R300
Removed Parameter ComponentLink14Description:https://datasheet.ciiva.com/28514/1694929-28514024.pdf?src-supplier=Element14 from Part R302
Removed Parameter ComponentLink14Description:https://datasheet.ciiva.com/28514/1694929-28514024.pdf?src-supplier=Element14 from Part R305
Removed Parameter ComponentLink14Description:https://datasheet.ciiva.com/28514/1694929-28514024.pdf?src-supplier=Element14 from Part R306
Removed Parameter ComponentLink14Description:https://datasheet.ciiva.com/28514/1694929-28514024.pdf?src-supplier=Element14 from Part R307
Removed Parameter ComponentLink14URL:https://datasheet.ciiva.com/28514/1694929-28514024.pdf?src-supplier=Element14 from Part R300
Removed Parameter ComponentLink14URL:https://datasheet.ciiva.com/28514/1694929-28514024.pdf?src-supplier=Element14 from Part R302
Removed Parameter ComponentLink14URL:https://datasheet.ciiva.com/28514/1694929-28514024.pdf?src-supplier=Element14 from Part R305
Removed Parameter ComponentLink14URL:https://datasheet.ciiva.com/28514/1694929-28514024.pdf?src-supplier=Element14 from Part R306
Removed Parameter ComponentLink14URL:https://datasheet.ciiva.com/28514/1694929-28514024.pdf?src-supplier=Element14 from Part R307
Removed Parameter ComponentLink15Description:https://datasheet.ciiva.com/2439/erj525-2439081.pdf?src-supplier=Digi-Key from Part R300
Removed Parameter ComponentLink15Description:https://datasheet.ciiva.com/2439/erj525-2439081.pdf?src-supplier=Digi-Key from Part R302
Removed Parameter ComponentLink15Description:https://datasheet.ciiva.com/2439/erj525-2439081.pdf?src-supplier=Digi-Key from Part R305
Removed Parameter ComponentLink15Description:https://datasheet.ciiva.com/2439/erj525-2439081.pdf?src-supplier=Digi-Key from Part R306
Removed Parameter ComponentLink15Description:https://datasheet.ciiva.com/2439/erj525-2439081.pdf?src-supplier=Digi-Key from Part R307
Removed Parameter ComponentLink15URL:https://datasheet.ciiva.com/2439/erj525-2439081.pdf?src-supplier=Digi-Key from Part R300
Removed Parameter ComponentLink15URL:https://datasheet.ciiva.com/2439/erj525-2439081.pdf?src-supplier=Digi-Key from Part R302
Removed Parameter ComponentLink15URL:https://datasheet.ciiva.com/2439/erj525-2439081.pdf?src-supplier=Digi-Key from Part R305
Removed Parameter ComponentLink15URL:https://datasheet.ciiva.com/2439/erj525-2439081.pdf?src-supplier=Digi-Key from Part R306
Removed Parameter ComponentLink15URL:https://datasheet.ciiva.com/2439/erj525-2439081.pdf?src-supplier=Digi-Key from Part R307
Removed Parameter ComponentLink16Description:https://datasheet.ciiva.com/30074/aoa0000ce1-30074009.pdf?src-supplier=Onlinecomponents.com from Part R300
Removed Parameter ComponentLink16Description:https://datasheet.ciiva.com/30074/aoa0000ce1-30074009.pdf?src-supplier=Onlinecomponents.com from Part R302
Removed Parameter ComponentLink16Description:https://datasheet.ciiva.com/30074/aoa0000ce1-30074009.pdf?src-supplier=Onlinecomponents.com from Part R305
Removed Parameter ComponentLink16Description:https://datasheet.ciiva.com/30074/aoa0000ce1-30074009.pdf?src-supplier=Onlinecomponents.com from Part R306
Removed Parameter ComponentLink16Description:https://datasheet.ciiva.com/30074/aoa0000ce1-30074009.pdf?src-supplier=Onlinecomponents.com from Part R307
Removed Parameter ComponentLink16URL:https://datasheet.ciiva.com/30074/aoa0000ce1-30074009.pdf?src-supplier=Onlinecomponents.com from Part R300
Removed Parameter ComponentLink16URL:https://datasheet.ciiva.com/30074/aoa0000ce1-30074009.pdf?src-supplier=Onlinecomponents.com from Part R302
Removed Parameter ComponentLink16URL:https://datasheet.ciiva.com/30074/aoa0000ce1-30074009.pdf?src-supplier=Onlinecomponents.com from Part R305
Removed Parameter ComponentLink16URL:https://datasheet.ciiva.com/30074/aoa0000ce1-30074009.pdf?src-supplier=Onlinecomponents.com from Part R306
Removed Parameter ComponentLink16URL:https://datasheet.ciiva.com/30074/aoa0000ce1-30074009.pdf?src-supplier=Onlinecomponents.com from Part R307
Removed Parameter ComponentLink17Description:https://datasheet.ciiva.com/49517/1986633-49517034.pdf?src-supplier=Jameco from Part R300
Removed Parameter ComponentLink17Description:https://datasheet.ciiva.com/49517/1986633-49517034.pdf?src-supplier=Jameco from Part R302
Removed Parameter ComponentLink17Description:https://datasheet.ciiva.com/49517/1986633-49517034.pdf?src-supplier=Jameco from Part R305
Removed Parameter ComponentLink17Description:https://datasheet.ciiva.com/49517/1986633-49517034.pdf?src-supplier=Jameco from Part R306
Removed Parameter ComponentLink17Description:https://datasheet.ciiva.com/49517/1986633-49517034.pdf?src-supplier=Jameco from Part R307
Removed Parameter ComponentLink17URL:https://datasheet.ciiva.com/49517/1986633-49517034.pdf?src-supplier=Jameco from Part R300
Removed Parameter ComponentLink17URL:https://datasheet.ciiva.com/49517/1986633-49517034.pdf?src-supplier=Jameco from Part R302
Removed Parameter ComponentLink17URL:https://datasheet.ciiva.com/49517/1986633-49517034.pdf?src-supplier=Jameco from Part R305
Removed Parameter ComponentLink17URL:https://datasheet.ciiva.com/49517/1986633-49517034.pdf?src-supplier=Jameco from Part R306
Removed Parameter ComponentLink17URL:https://datasheet.ciiva.com/49517/1986633-49517034.pdf?src-supplier=Jameco from Part R307
Removed Parameter ComponentLink18Description:https://datasheet.ciiva.com/16778/70260739-16778670.pdf?src-supplier=Allied+Electronics from Part R300
Removed Parameter ComponentLink18Description:https://datasheet.ciiva.com/16778/70260739-16778670.pdf?src-supplier=Allied+Electronics from Part R302
Removed Parameter ComponentLink18Description:https://datasheet.ciiva.com/16778/70260739-16778670.pdf?src-supplier=Allied+Electronics from Part R305
Removed Parameter ComponentLink18Description:https://datasheet.ciiva.com/16778/70260739-16778670.pdf?src-supplier=Allied+Electronics from Part R306
Removed Parameter ComponentLink18Description:https://datasheet.ciiva.com/16778/70260739-16778670.pdf?src-supplier=Allied+Electronics from Part R307
Removed Parameter ComponentLink18URL:https://datasheet.ciiva.com/16778/70260739-16778670.pdf?src-supplier=Allied+Electronics from Part R300
Removed Parameter ComponentLink18URL:https://datasheet.ciiva.com/16778/70260739-16778670.pdf?src-supplier=Allied+Electronics from Part R302
Removed Parameter ComponentLink18URL:https://datasheet.ciiva.com/16778/70260739-16778670.pdf?src-supplier=Allied+Electronics from Part R305
Removed Parameter ComponentLink18URL:https://datasheet.ciiva.com/16778/70260739-16778670.pdf?src-supplier=Allied+Electronics from Part R306
Removed Parameter ComponentLink18URL:https://datasheet.ciiva.com/16778/70260739-16778670.pdf?src-supplier=Allied+Electronics from Part R307
Removed Parameter Construction:Rectangular from Part R300
Removed Parameter Construction:Rectangular from Part R302
Removed Parameter Construction:Rectangular from Part R305
Removed Parameter Construction:Rectangular from Part R306
Removed Parameter Construction:Rectangular from Part R307
Removed Parameter Contact Plating:Tin,Matte from Part R300
Removed Parameter Contact Plating:Tin,Matte from Part R302
Removed Parameter Contact Plating:Tin,Matte from Part R305
Removed Parameter Contact Plating:Tin,Matte from Part R306
Removed Parameter Contact Plating:Tin,Matte from Part R307
Removed Parameter Continuous Drain Current (ID):4A from Part Q300
Removed Parameter Current - Saturation (Isat):1.6 A from Part L300
Removed Parameter Datasheet Link:https://www.mouser.com/datasheet/2/761/uClampxx71P-1360280.pdf from Part D300
Removed Parameter DC Resistance (DCR):95mOhm from Part FB300
Removed Parameter DC Resistance (DCR):95mOhm from Part FB301
Removed Parameter DC Resistance (DCR):95mOhm from Part FB302
Removed Parameter Depth:0.3mm from Part C310
Removed Parameter Depth:0.3mm from Part C312
Removed Parameter Depth:0.3mm from Part C313
Removed Parameter Depth:0.3mm from Part R300
Removed Parameter Depth:0.3mm from Part R302
Removed Parameter Depth:0.3mm from Part R305
Removed Parameter Depth:0.3mm from Part R306
Removed Parameter Depth:0.3mm from Part R307
Removed Parameter Dielectric:X5R from Part C310
Removed Parameter Dielectric:X5R from Part C312
Removed Parameter Dielectric:X5R from Part C313
Removed Parameter Drain to Source Voltage (Vdss):30V from Part Q300
Removed Parameter Element Configuration:Single from Part D302
Removed Parameter Element Configuration:Single from Part D303
Removed Parameter ESD Protection:Yes from Part D302
Removed Parameter ESD Protection:Yes from Part D303
Removed Parameter Features:Moisture Resistant from Part R300
Removed Parameter Features:Moisture Resistant from Part R302
Removed Parameter Features:Moisture Resistant from Part R305
Removed Parameter Features:Moisture Resistant from Part R306
Removed Parameter Features:Moisture Resistant from Part R307
Removed Parameter Halogen Free:Halogen Free from Part C310
Removed Parameter Halogen Free:Halogen Free from Part C312
Removed Parameter Halogen Free:Halogen Free from Part C313
Removed Parameter Height:0.01inch from Part R300
Removed Parameter Height:0.01inch from Part R302
Removed Parameter Height:0.01inch from Part R305
Removed Parameter Height:0.01inch from Part R306
Removed Parameter Height:0.01inch from Part R307
Removed Parameter Height:0.01inch from Part R311
Removed Parameter Height:0.01inch from Part R314
Removed Parameter Height:0.3mm from Part C310
Removed Parameter Height:0.3mm from Part C312
Removed Parameter Height:0.3mm from Part C313
Removed Parameter Height:0.55mm from Part D300
Removed Parameter Impedance:30R from Part D302
Removed Parameter Impedance:30R from Part D303
Removed Parameter Impedance:220Ohm @100Mhz from Part FB300
Removed Parameter Impedance:220Ohm @100Mhz from Part FB301
Removed Parameter Impedance:220Ohm @100Mhz from Part FB302
Removed Parameter Inductance:6.8 µH from Part L300
Removed Parameter Input Capacitance:1.2nF from Part Q300
Removed Parameter LatestRevisionDate:17-Jul-2002 from Part C300
Removed Parameter LatestRevisionDate:17-Jul-2002 from Part C303
Removed Parameter LatestRevisionDate:17-Jul-2002 from Part C306
Removed Parameter LatestRevisionDate:17-Jul-2002 from Part C307
Removed Parameter LatestRevisionDate:17-Jul-2002 from Part C314
Removed Parameter LatestRevisionNote:Re-released for DXP Platform. from Part C300
Removed Parameter LatestRevisionNote:Re-released for DXP Platform. from Part C303
Removed Parameter LatestRevisionNote:Re-released for DXP Platform. from Part C306
Removed Parameter LatestRevisionNote:Re-released for DXP Platform. from Part C307
Removed Parameter LatestRevisionNote:Re-released for DXP Platform. from Part C314
Removed Parameter Lead Free:Lead Free from Part C310
Removed Parameter Lead Free:Lead Free from Part C312
Removed Parameter Lead Free:Lead Free from Part C313
Removed Parameter Lead Free:Lead Free from Part R300
Removed Parameter Lead Free:Lead Free from Part R302
Removed Parameter Lead Free:Lead Free from Part R305
Removed Parameter Lead Free:Lead Free from Part R306
Removed Parameter Lead Free:Lead Free from Part R307
Removed Parameter Length:0.6mm from Part C310
Removed Parameter Length:0.6mm from Part C312
Removed Parameter Length:0.6mm from Part C313
Removed Parameter Length:0.024inch from Part R300
Removed Parameter Length:0.024inch from Part R302
Removed Parameter Length:0.024inch from Part R305
Removed Parameter Length:0.024inch from Part R306
Removed Parameter Length:0.024inch from Part R307
Removed Parameter Length:0.024inch from Part R311
Removed Parameter Length:0.024inch from Part R314
Removed Parameter Length:0.039inch from Part C301
Removed Parameter Length:0.039inch from Part C302
Removed Parameter Length:0.039inch from Part C308
Removed Parameter Length:0.039inch from Part C309
Removed Parameter Length:0.039inch from Part C311
Removed Parameter Length:0.039inch from Part C317
Removed Parameter Length:0.039inch from Part C318
Removed Parameter Manufacturer_Part_Number:UCLAMP0571P.TNT from Part D300
Removed Parameter Max Operating Temperature:85°C from Part C301
Removed Parameter Max Operating Temperature:85°C from Part C302
Removed Parameter Max Operating Temperature:85°C from Part C308
Removed Parameter Max Operating Temperature:85°C from Part C309
Removed Parameter Max Operating Temperature:85°C from Part C310
Removed Parameter Max Operating Temperature:85°C from Part C311
Removed Parameter Max Operating Temperature:85°C from Part C312
Removed Parameter Max Operating Temperature:85°C from Part C313
Removed Parameter Max Operating Temperature:85°C from Part C317
Removed Parameter Max Operating Temperature:85°C from Part C318
Removed Parameter Max Operating Temperature:125°C from Part R300
Removed Parameter Max Operating Temperature:125°C from Part R302
Removed Parameter Max Operating Temperature:125°C from Part R305
Removed Parameter Max Operating Temperature:125°C from Part R306
Removed Parameter Max Operating Temperature:125°C from Part R307
Removed Parameter Max Operating Temperature:150°C from Part D302
Removed Parameter Max Operating Temperature:150°C from Part D303
Removed Parameter Max Operating Temperature:150°C from Part Q300
Removed Parameter Max Operating Temperature:155°C from Part R311
Removed Parameter Max Operating Temperature:155°C from Part R314
Removed Parameter Max Power Dissipation:1.4W from Part Q300
Removed Parameter Max Power Dissipation:50mW from Part R300
Removed Parameter Max Power Dissipation:50mW from Part R302
Removed Parameter Max Power Dissipation:50mW from Part R305
Removed Parameter Max Power Dissipation:50mW from Part R306
Removed Parameter Max Power Dissipation:50mW from Part R307
Removed Parameter Max Power Dissipation:410mW from Part D302
Removed Parameter Max Power Dissipation:410mW from Part D303
Removed Parameter Max Reverse Leakage Current:100nA from Part D302
Removed Parameter Max Reverse Leakage Current:100nA from Part D303
Removed Parameter Military Standard:Not from Part R300
Removed Parameter Military Standard:Not from Part R302
Removed Parameter Military Standard:Not from Part R305
Removed Parameter Military Standard:Not from Part R306
Removed Parameter Military Standard:Not from Part R307
Removed Parameter Min Operating Temperature:-55°C from Part C301
Removed Parameter Min Operating Temperature:-55°C from Part C302
Removed Parameter Min Operating Temperature:-55°C from Part C308
Removed Parameter Min Operating Temperature:-55°C from Part C309
Removed Parameter Min Operating Temperature:-55°C from Part C310
Removed Parameter Min Operating Temperature:-55°C from Part C311
Removed Parameter Min Operating Temperature:-55°C from Part C312
Removed Parameter Min Operating Temperature:-55°C from Part C313
Removed Parameter Min Operating Temperature:-55°C from Part C317
Removed Parameter Min Operating Temperature:-55°C from Part C318
Removed Parameter Min Operating Temperature:-55°C from Part D302
Removed Parameter Min Operating Temperature:-55°C from Part D303
Removed Parameter Min Operating Temperature:-55°C from Part Q300
Removed Parameter Min Operating Temperature:-55°C from Part R300
Removed Parameter Min Operating Temperature:-55°C from Part R302
Removed Parameter Min Operating Temperature:-55°C from Part R305
Removed Parameter Min Operating Temperature:-55°C from Part R306
Removed Parameter Min Operating Temperature:-55°C from Part R307
Removed Parameter Min Operating Temperature:-55°C from Part R311
Removed Parameter Min Operating Temperature:-55°C from Part R314
Removed Parameter Mount:Surface Mount from Part C301
Removed Parameter Mount:Surface Mount from Part C302
Removed Parameter Mount:Surface Mount from Part C308
Removed Parameter Mount:Surface Mount from Part C309
Removed Parameter Mount:Surface Mount from Part C310
Removed Parameter Mount:Surface Mount from Part C311
Removed Parameter Mount:Surface Mount from Part C312
Removed Parameter Mount:Surface Mount from Part C313
Removed Parameter Mount:Surface Mount from Part C317
Removed Parameter Mount:Surface Mount from Part C318
Removed Parameter Mount:Surface Mount from Part R300
Removed Parameter Mount:Surface Mount from Part R302
Removed Parameter Mount:Surface Mount from Part R305
Removed Parameter Mount:Surface Mount from Part R306
Removed Parameter Mount:Surface Mount from Part R307
Removed Parameter Mounting Technology:Surface Mount from Part D302
Removed Parameter Mounting Technology:Surface Mount from Part D303
Removed Parameter Mounting Technology:Surface Mount from Part Q300
Removed Parameter Mouser Part Number:947-UCLAMP0571P.TNT from Part D300
Removed Parameter Mouser Price/Stock:https://www.mouser.co.uk/ProductDetail/Semtech/UCLAMP0571PTNT?qs=rBWM4%252BvDhIdABRCK070WwQ%3D%3D from Part D300
Removed Parameter MPN 1:AO3401A from Part Q300
Removed Parameter MPN 1:BZT52C15-HE3-08 from Part D302
Removed Parameter MPN 1:BZT52C15-HE3-08 from Part D303
Removed Parameter Number of Elements:1 from Part Q300
Removed Parameter Number of Pins:2 from Part R300
Removed Parameter Number of Pins:2 from Part R302
Removed Parameter Number of Pins:2 from Part R305
Removed Parameter Number of Pins:2 from Part R306
Removed Parameter Number of Pins:2 from Part R307
Removed Parameter Number of Terminations:2 from Part R300
Removed Parameter Number of Terminations:2 from Part R302
Removed Parameter Number of Terminations:2 from Part R305
Removed Parameter Number of Terminations:2 from Part R306
Removed Parameter Number of Terminations:2 from Part R307
Removed Parameter Package:0805 from Part R301
Removed Parameter Package:0805 from Part R303
Removed Parameter Package:0805 from Part R304
Removed Parameter Package:0805 from Part R308
Removed Parameter Package:0805 from Part R309
Removed Parameter Package:0805 from Part R312
Removed Parameter Package:0805 from Part R313
Removed Parameter Package:0805 from Part R315
Removed Parameter Package: from Part SW301
Removed Parameter Package: from Part SW302
Removed Parameter Package Quantity:3000 from Part D302
Removed Parameter Package Quantity:3000 from Part D303
Removed Parameter Package Quantity:10000 from Part R300
Removed Parameter Package Quantity:10000 from Part R302
Removed Parameter Package Quantity:10000 from Part R305
Removed Parameter Package Quantity:10000 from Part R306
Removed Parameter Package Quantity:10000 from Part R307
Removed Parameter Package Quantity:15000 from Part C310
Removed Parameter Package Quantity:15000 from Part C312
Removed Parameter Package Quantity:15000 from Part C313
Removed Parameter PackageReference:RAD-0.3 from Part C300
Removed Parameter PackageReference:RAD-0.3 from Part C303
Removed Parameter PackageReference:RAD-0.3 from Part C306
Removed Parameter PackageReference:RAD-0.3 from Part C307
Removed Parameter PackageReference:RAD-0.3 from Part C314
Removed Parameter Packaging:Cut Tape from Part Q300
Removed Parameter Packaging:Tape and Reel from Part C301
Removed Parameter Packaging:Tape and Reel from Part C302
Removed Parameter Packaging:Tape and Reel from Part C308
Removed Parameter Packaging:Tape and Reel from Part C309
Removed Parameter Packaging:Tape and Reel from Part C310
Removed Parameter Packaging:Tape and Reel from Part C311
Removed Parameter Packaging:Tape and Reel from Part C312
Removed Parameter Packaging:Tape and Reel from Part C313
Removed Parameter Packaging:Tape and Reel from Part C317
Removed Parameter Packaging:Tape and Reel from Part C318
Removed Parameter Packaging:Tape and Reel from Part D302
Removed Parameter Packaging:Tape and Reel from Part D303
Removed Parameter Packaging:Tape and Reel from Part R300
Removed Parameter Packaging:Tape and Reel from Part R302
Removed Parameter Packaging:Tape and Reel from Part R305
Removed Parameter Packaging:Tape and Reel from Part R306
Removed Parameter Packaging:Tape and Reel from Part R307
Removed Parameter Packaging:Tape and Reel from Part R311
Removed Parameter Packaging:Tape and Reel from Part R314
Removed Parameter PartNumber:AP1117E33G from Part U302
Removed Parameter PartNumber:CL10A106KP8NNNC from Part C315
Removed Parameter PartNumber:CL10A106KP8NNNC from Part C316
Removed Parameter Part number: from Part SW301
Removed Parameter Part number: from Part SW302
Removed Parameter Part number:RC0805FR-071KL from Part R301
Removed Parameter Part number:RC0805FR-071KL from Part R303
Removed Parameter Part number:RC0805FR-071KL from Part R304
Removed Parameter Part number:RC0805FR-071KL from Part R308
Removed Parameter Part number:RC0805FR-071KL from Part R309
Removed Parameter Part number:RC0805FR-071KL from Part R312
Removed Parameter Part number:RC0805FR-071KL from Part R313
Removed Parameter Part number:RC0805FR-071KL from Part R315
Removed Parameter Pins:2 from Part D302
Removed Parameter Pins:2 from Part D303
Removed Parameter Pins:3 from Part Q300
Removed Parameter Place:PL from Part D302
Removed Parameter Place:PL from Part D303
Removed Parameter Place:PL from Part Q300
Removed Parameter Power Dissipation:1.4W from Part Q300
Removed Parameter Power Dissipation:410mW from Part D302
Removed Parameter Power Dissipation:410mW from Part D303
Removed Parameter Power Rating:50mW from Part R300
Removed Parameter Power Rating:50mW from Part R302
Removed Parameter Power Rating:50mW from Part R305
Removed Parameter Power Rating:50mW from Part R306
Removed Parameter Power Rating:50mW from Part R307
Removed Parameter Pricing 1:1=0.10000, 10=0.04200, 100=0.01700, 1000=0.00765, 2500=0.00664, 5000=0.00548 (USD) from Part R300
Removed Parameter Pricing 1:1=0.10000, 10=0.04200, 100=0.01700, 1000=0.00765, 2500=0.00664, 5000=0.00548 (USD) from Part R302
Removed Parameter Pricing 1:1=0.10000, 10=0.04200, 100=0.01700, 1000=0.00765, 2500=0.00664, 5000=0.00548 (USD) from Part R305
Removed Parameter Pricing 1:1=0.10000, 10=0.04200, 100=0.01700, 1000=0.00765, 2500=0.00664, 5000=0.00548 (USD) from Part R306
Removed Parameter Pricing 1:1=0.10000, 10=0.04200, 100=0.01700, 1000=0.00765, 2500=0.00664, 5000=0.00548 (USD) from Part R307
Removed Parameter Pricing 1:1=0.12000, 10=0.09900, 25=0.08920, 50=0.06540, 100=0.05640, 250=0.04456, 500=0.03762, 1000=0.03168, 5000=0.02822 (USD) from Part FB300
Removed Parameter Pricing 1:1=0.12000, 10=0.09900, 25=0.08920, 50=0.06540, 100=0.05640, 250=0.04456, 500=0.03762, 1000=0.03168, 5000=0.02822 (USD) from Part FB301
Removed Parameter Pricing 1:1=0.12000, 10=0.09900, 25=0.08920, 50=0.06540, 100=0.05640, 250=0.04456, 500=0.03762, 1000=0.03168, 5000=0.02822 (USD) from Part FB302
Removed Parameter Pricing 1:1=0.37000, 10=0.32800, 25=0.28680, 50=0.24560, 100=0.22520, 250=0.20476, 500=0.19246, 1000=0.14742 (USD) from Part L300
Removed Parameter Pricing 1:8000=0.07888, 16000=0.07642, 24000=0.07395, 56000=0.06902 (USD) from Part C301
Removed Parameter Pricing 1:8000=0.07888, 16000=0.07642, 24000=0.07395, 56000=0.06902 (USD) from Part C302
Removed Parameter Pricing 1:8000=0.07888, 16000=0.07642, 24000=0.07395, 56000=0.06902 (USD) from Part C308
Removed Parameter Pricing 1:8000=0.07888, 16000=0.07642, 24000=0.07395, 56000=0.06902 (USD) from Part C317
Removed Parameter Pricing 1:8000=0.07888, 16000=0.07642, 24000=0.07395, 56000=0.06902 (USD) from Part C318
Removed Parameter Pricing 2:1=0.10000, 10=0.01100, 100=0.00660 (USD) from Part R300
Removed Parameter Pricing 2:1=0.10000, 10=0.01100, 100=0.00660 (USD) from Part R302
Removed Parameter Pricing 2:1=0.10000, 10=0.01100, 100=0.00660 (USD) from Part R305
Removed Parameter Pricing 2:1=0.10000, 10=0.01100, 100=0.00660 (USD) from Part R306
Removed Parameter Pricing 2:1=0.10000, 10=0.01100, 100=0.00660 (USD) from Part R307
Removed Parameter Pricing 2:1=0.19000, 10=0.13400, 50=0.13400, 100=0.06300, 1000=0.03800, 10000=0.02900 (USD) from Part C301
Removed Parameter Pricing 2:1=0.19000, 10=0.13400, 50=0.13400, 100=0.06300, 1000=0.03800, 10000=0.02900 (USD) from Part C302
Removed Parameter Pricing 2:1=0.19000, 10=0.13400, 50=0.13400, 100=0.06300, 1000=0.03800, 10000=0.02900 (USD) from Part C308
Removed Parameter Pricing 2:1=0.19000, 10=0.13400, 50=0.13400, 100=0.06300, 1000=0.03800, 10000=0.02900 (USD) from Part C317
Removed Parameter Pricing 2:1=0.19000, 10=0.13400, 50=0.13400, 100=0.06300, 1000=0.03800, 10000=0.02900 (USD) from Part C318
Removed Parameter Published:8-Jun-2000 from Part C300
Removed Parameter Published:8-Jun-2000 from Part C303
Removed Parameter Published:8-Jun-2000 from Part C306
Removed Parameter Published:8-Jun-2000 from Part C307
Removed Parameter Published:8-Jun-2000 from Part C314
Removed Parameter Published:08/06/2000 from Part R310
Removed Parameter Publisher:Altium Hobart Technology Centre from Part R310
Removed Parameter Publisher:Altium Limited from Part C300
Removed Parameter Publisher:Altium Limited from Part C303
Removed Parameter Publisher:Altium Limited from Part C306
Removed Parameter Publisher:Altium Limited from Part C307
Removed Parameter Publisher:Altium Limited from Part C314
Removed Parameter Radiation Hardening:No from Part Q300
Removed Parameter Radiation Hardening:No from Part R300
Removed Parameter Radiation Hardening:No from Part R302
Removed Parameter Radiation Hardening:No from Part R305
Removed Parameter Radiation Hardening:No from Part R306
Removed Parameter Radiation Hardening:No from Part R307
Removed Parameter Rds On Max:44mR from Part Q300
Removed Parameter REACH SVHC:No SVHC from Part R300
Removed Parameter REACH SVHC:No SVHC from Part R302
Removed Parameter REACH SVHC:No SVHC from Part R305
Removed Parameter REACH SVHC:No SVHC from Part R306
Removed Parameter REACH SVHC:No SVHC from Part R307
Removed Parameter Resistance:10k from Part R306
Removed Parameter Resistance:10k from Part R307
Removed Parameter Resistance:10kR from Part R314
Removed Parameter Resistance:32.4kR from Part R311
Removed Parameter Resistance:61.9k from Part R300
Removed Parameter Resistance:100k from Part R302
Removed Parameter Resistance:133k from Part R305
Removed Parameter Resistance Tolerance:1% from Part R300
Removed Parameter Resistance Tolerance:1% from Part R302
Removed Parameter Resistance Tolerance:1% from Part R305
Removed Parameter Resistance Tolerance:1% from Part R306
Removed Parameter Resistance Tolerance:1% from Part R307
Removed Parameter Resistor Type:Ceramic from Part C310
Removed Parameter Resistor Type:Ceramic from Part C312
Removed Parameter Resistor Type:Ceramic from Part C313
Removed Parameter Resistor Type:Thick Film from Part R300
Removed Parameter Resistor Type:Thick Film from Part R302
Removed Parameter Resistor Type:Thick Film from Part R305
Removed Parameter Resistor Type:Thick Film from Part R306
Removed Parameter Resistor Type:Thick Film from Part R307
Removed Parameter Resistor Type:Thick Film from Part R311
Removed Parameter Resistor Type:Thick Film from Part R314
Removed Parameter RoHS 1:Yes from Part C301
Removed Parameter RoHS 1:Yes from Part C302
Removed Parameter RoHS 1:Yes from Part C308
Removed Parameter RoHS 1:Yes from Part C317
Removed Parameter RoHS 1:Yes from Part C318
Removed Parameter RoHS 2:Yes from Part C301
Removed Parameter RoHS 2:Yes from Part C302
Removed Parameter RoHS 2:Yes from Part C308
Removed Parameter RoHS 2:Yes from Part C317
Removed Parameter RoHS 2:Yes from Part C318
Removed Parameter RoHS:Yes from Part C301
Removed Parameter RoHS:Yes from Part C302
Removed Parameter RoHS:Yes from Part C308
Removed Parameter RoHS:Yes from Part C309
Removed Parameter RoHS:Yes from Part C310
Removed Parameter RoHS:Yes from Part C311
Removed Parameter RoHS:Yes from Part C312
Removed Parameter RoHS:Yes from Part C313
Removed Parameter RoHS:Yes from Part C317
Removed Parameter RoHS:Yes from Part C318
Removed Parameter RoHS:Yes from Part FB300
Removed Parameter RoHS:Yes from Part FB301
Removed Parameter RoHS:Yes from Part FB302
Removed Parameter RoHS:Yes from Part L300
Removed Parameter RoHS:Yes from Part R300
Removed Parameter RoHS:Yes from Part R302
Removed Parameter RoHS:Yes from Part R305
Removed Parameter RoHS:Yes from Part R306
Removed Parameter RoHS:Yes from Part R307
Removed Parameter RoHS:Y from Part R311
Removed Parameter RoHS:Y from Part R314
Removed Parameter RoHS Compliant:Yes from Part C301
Removed Parameter RoHS Compliant:Yes from Part C302
Removed Parameter RoHS Compliant:Yes from Part C308
Removed Parameter RoHS Compliant:Yes from Part C317
Removed Parameter RoHS Compliant:Yes from Part C318
Removed Parameter RoHS Compliant:Yes from Part D302
Removed Parameter RoHS Compliant:Yes from Part D303
Removed Parameter RoHS Compliant:Yes from Part L300
Removed Parameter RoHS Compliant:Yes from Part R300
Removed Parameter RoHS Compliant:Yes from Part R302
Removed Parameter RoHS Compliant:Yes from Part R305
Removed Parameter RoHS Compliant:Yes from Part R306
Removed Parameter RoHS Compliant:Yes from Part R307
Removed Parameter Series:- from Part Q300
Removed Parameter Series:Automotive, AEC-Q101 from Part D302
Removed Parameter Series:Automotive, AEC-Q101 from Part D303
Removed Parameter Series:RC from Part R300
Removed Parameter Series:RC from Part R302
Removed Parameter Series:RC from Part R305
Removed Parameter Series:RC from Part R306
Removed Parameter Series:RC from Part R307
Removed Parameter Size Code:0201 from Part R300
Removed Parameter Size Code:0201 from Part R302
Removed Parameter Size Code:0201 from Part R305
Removed Parameter Size Code:0201 from Part R306
Removed Parameter Size Code:0201 from Part R307
Removed Parameter Stock 1:509 from Part R300
Removed Parameter Stock 1:509 from Part R302
Removed Parameter Stock 1:509 from Part R305
Removed Parameter Stock 1:509 from Part R306
Removed Parameter Stock 1:509 from Part R307
Removed Parameter Stock 1:5544 from Part FB300
Removed Parameter Stock 1:5544 from Part FB301
Removed Parameter Stock 1:5544 from Part FB302
Removed Parameter Stock 1:81905 from Part L300
Removed Parameter Stock 1:4668844 from Part C301
Removed Parameter Stock 1:4668844 from Part C302
Removed Parameter Stock 1:4668844 from Part C308
Removed Parameter Stock 1:4668844 from Part C317
Removed Parameter Stock 1:4668844 from Part C318
Removed Parameter Stock 2:174 from Part R300
Removed Parameter Stock 2:174 from Part R302
Removed Parameter Stock 2:174 from Part R305
Removed Parameter Stock 2:174 from Part R306
Removed Parameter Stock 2:174 from Part R307
Removed Parameter Stock 2:8811 from Part C301
Removed Parameter Stock 2:8811 from Part C302
Removed Parameter Stock 2:8811 from Part C308
Removed Parameter Stock 2:8811 from Part C317
Removed Parameter Stock 2:8811 from Part C318
Removed Parameter Supplier 1:Arrow Electronics from Part C304
Removed Parameter Supplier 1:Arrow Electronics from Part C305
Removed Parameter Supplier 1:Digi-Key from Part C301
Removed Parameter Supplier 1:Digi-Key from Part C302
Removed Parameter Supplier 1:Digi-Key from Part C308
Removed Parameter Supplier 1:Digi-Key from Part C317
Removed Parameter Supplier 1:Digi-Key from Part C318
Removed Parameter Supplier 1:Digi-Key from Part FB300
Removed Parameter Supplier 1:Digi-Key from Part FB301
Removed Parameter Supplier 1:Digi-Key from Part FB302
Removed Parameter Supplier 1:Digi-Key from Part L300
Removed Parameter Supplier 1:Digi-Key from Part R300
Removed Parameter Supplier 1:Digi-Key from Part R302
Removed Parameter Supplier 1:Digi-Key from Part R305
Removed Parameter Supplier 1:Digi-Key from Part R306
Removed Parameter Supplier 1:Digi-Key from Part R307
Removed Parameter Supplier 2:Digi-Key from Part R300
Removed Parameter Supplier 2:Digi-Key from Part R302
Removed Parameter Supplier 2:Digi-Key from Part R305
Removed Parameter Supplier 2:Digi-Key from Part R306
Removed Parameter Supplier 2:Digi-Key from Part R307
Removed Parameter Supplier 2:Mouser from Part C301
Removed Parameter Supplier 2:Mouser from Part C302
Removed Parameter Supplier 2:Mouser from Part C308
Removed Parameter Supplier 2:Mouser from Part C317
Removed Parameter Supplier 2:Mouser from Part C318
Removed Parameter Supplier Part Number 1:311-100KMCT-ND from Part R300
Removed Parameter Supplier Part Number 1:311-100KMCT-ND from Part R302
Removed Parameter Supplier Part Number 1:311-100KMCT-ND from Part R305
Removed Parameter Supplier Part Number 1:311-100KMCT-ND from Part R306
Removed Parameter Supplier Part Number 1:311-100KMCT-ND from Part R307
Removed Parameter Supplier Part Number 1:445-MPZ1005S221HT000CT-ND from Part FB300
Removed Parameter Supplier Part Number 1:445-MPZ1005S221HT000CT-ND from Part FB301
Removed Parameter Supplier Part Number 1:445-MPZ1005S221HT000CT-ND from Part FB302
Removed Parameter Supplier Part Number 1:490-18108-1-ND from Part L300
Removed Parameter Supplier Part Number 1:587-5945-1-ND from Part C310
Removed Parameter Supplier Part Number 1:587-5945-1-ND from Part C312
Removed Parameter Supplier Part Number 1:587-5945-1-ND from Part C313
Removed Parameter Supplier Part Number 1:1276-6830-2-ND from Part C301
Removed Parameter Supplier Part Number 1:1276-6830-2-ND from Part C302
Removed Parameter Supplier Part Number 1:1276-6830-2-ND from Part C308
Removed Parameter Supplier Part Number 1:1276-6830-2-ND from Part C309
Removed Parameter Supplier Part Number 1:1276-6830-2-ND from Part C311
Removed Parameter Supplier Part Number 1:1276-6830-2-ND from Part C317
Removed Parameter Supplier Part Number 1:1276-6830-2-ND from Part C318
Removed Parameter Supplier Part Number 1:C0402C103K5RECAUTO from Part C304
Removed Parameter Supplier Part Number 1:C0402C103K5RECAUTO from Part C305
Removed Parameter Supplier Part Number 1:P10.0KABCT-ND from Part R311
Removed Parameter Supplier Part Number 1:P10.0KABCT-ND from Part R314
Removed Parameter Supplier Part Number 1:TPS7A4901DRBT from Part U301
Removed Parameter Supplier Part Number 2:81-GRM155R61A106ME1D from Part C301
Removed Parameter Supplier Part Number 2:81-GRM155R61A106ME1D from Part C302
Removed Parameter Supplier Part Number 2:81-GRM155R61A106ME1D from Part C308
Removed Parameter Supplier Part Number 2:81-GRM155R61A106ME1D from Part C309
Removed Parameter Supplier Part Number 2:81-GRM155R61A106ME1D from Part C311
Removed Parameter Supplier Part Number 2:81-GRM155R61A106ME1D from Part C317
Removed Parameter Supplier Part Number 2:81-GRM155R61A106ME1D from Part C318
Removed Parameter Supplier Part Number 2:311-10.0KMCT-ND from Part R311
Removed Parameter Supplier Part Number 2:311-10.0KMCT-ND from Part R314
Removed Parameter Supplier Part Number 2:P100KAGCT-ND from Part R300
Removed Parameter Supplier Part Number 2:P100KAGCT-ND from Part R302
Removed Parameter Supplier Part Number 2:P100KAGCT-ND from Part R305
Removed Parameter Supplier Part Number 2:P100KAGCT-ND from Part R306
Removed Parameter Supplier Part Number 2:P100KAGCT-ND from Part R307
Removed Parameter Technology:THICK FILM from Part R300
Removed Parameter Technology:THICK FILM from Part R302
Removed Parameter Technology:THICK FILM from Part R305
Removed Parameter Technology:THICK FILM from Part R306
Removed Parameter Technology:THICK FILM from Part R307
Removed Parameter Temperature Coefficient:200ppm/°C from Part R300
Removed Parameter Temperature Coefficient:200ppm/°C from Part R302
Removed Parameter Temperature Coefficient:200ppm/°C from Part R305
Removed Parameter Temperature Coefficient:200ppm/°C from Part R306
Removed Parameter Temperature Coefficient:200ppm/°C from Part R307
Removed Parameter Termination:SMD/SMT from Part R300
Removed Parameter Termination:SMD/SMT from Part R302
Removed Parameter Termination:SMD/SMT from Part R305
Removed Parameter Termination:SMD/SMT from Part R306
Removed Parameter Termination:SMD/SMT from Part R307
Removed Parameter Test Current:5mA from Part D302
Removed Parameter Test Current:5mA from Part D303
Removed Parameter Thickness:0.035inch from Part C301
Removed Parameter Thickness:0.035inch from Part C302
Removed Parameter Thickness:0.035inch from Part C308
Removed Parameter Thickness:0.035inch from Part C317
Removed Parameter Thickness:0.035inch from Part C318
Removed Parameter Tolerance:1% from Part R300
Removed Parameter Tolerance:1% from Part R302
Removed Parameter Tolerance:1% from Part R305
Removed Parameter Tolerance:1% from Part R306
Removed Parameter Tolerance:1% from Part R307
Removed Parameter Tolerance:5% from Part D302
Removed Parameter Tolerance:5% from Part D303
Removed Parameter Tolerance:10% from Part C315
Removed Parameter Tolerance:10% from Part C316
Removed Parameter Tolerance:20% from Part C301
Removed Parameter Tolerance:20% from Part C302
Removed Parameter Tolerance:20% from Part C308
Removed Parameter Tolerance:20% from Part C317
Removed Parameter Tolerance:20% from Part C318
Removed Parameter User_Description: from Part SW301
Removed Parameter User_Description: from Part SW302
Removed Parameter User_Description:RES SMD 1K OHM 1% 1/8W 0805 from Part R301
Removed Parameter User_Description:RES SMD 1K OHM 1% 1/8W 0805 from Part R303
Removed Parameter User_Description:RES SMD 1K OHM 1% 1/8W 0805 from Part R304
Removed Parameter User_Description:RES SMD 1K OHM 1% 1/8W 0805 from Part R308
Removed Parameter User_Description:RES SMD 1K OHM 1% 1/8W 0805 from Part R309
Removed Parameter User_Description:RES SMD 1K OHM 1% 1/8W 0805 from Part R312
Removed Parameter User_Description:RES SMD 1K OHM 1% 1/8W 0805 from Part R313
Removed Parameter User_Description:RES SMD 1K OHM 1% 1/8W 0805 from Part R315
Removed Parameter Value 1:4A from Part Q300
Removed Parameter Value 1:15V from Part D302
Removed Parameter Value 1:15V from Part D303
Removed Parameter Value 2:30V from Part Q300
Removed Parameter Value 2:410mW from Part D302
Removed Parameter Value 2:410mW from Part D303
Removed Parameter Value:1k from Part R301
Removed Parameter Value:1k from Part R303
Removed Parameter Value:1k from Part R304
Removed Parameter Value:1k from Part R308
Removed Parameter Value:1k from Part R309
Removed Parameter Value:1k from Part R312
Removed Parameter Value:1k from Part R313
Removed Parameter Value:1k from Part R315
Removed Parameter Value:10uF from Part C315
Removed Parameter Value:10uF from Part C316
Removed Parameter Value:33p from Part C300
Removed Parameter Value:33p from Part C303
Removed Parameter Value:33p from Part C306
Removed Parameter Value:33p from Part C307
Removed Parameter Value:33p from Part C314
Removed Parameter Value:AP1117E33G from Part U302
Removed Parameter Value:Connector 2 from Part SW301
Removed Parameter Value:Connector 2 from Part SW302
Removed Parameter Value: from Part TP300
Removed Parameter Value: from Part TP301
Removed Parameter Value: from Part TP302
Removed Parameter Value: from Part TP303
Removed Parameter Value: from Part TP304
Removed Parameter Value: from Part TP305
Removed Parameter Value: from Part TP306
Removed Parameter Value: from Part TP307
Removed Parameter Value: from Part TP308
Removed Parameter Value: from Part TP309
Removed Parameter Value: from Part TP310
Removed Parameter Value: from Part TP311
Removed Parameter Value:LED 3 ly Single Colour from Part D301
Removed Parameter Value:LED 3 ly Single Colour from Part D304
Removed Parameter Voltage Rating (DC):25V from Part R300
Removed Parameter Voltage Rating (DC):25V from Part R302
Removed Parameter Voltage Rating (DC):25V from Part R305
Removed Parameter Voltage Rating (DC):25V from Part R306
Removed Parameter Voltage Rating (DC):25V from Part R307
Removed Parameter Voltage Rating:10V from Part C301
Removed Parameter Voltage Rating:10V from Part C302
Removed Parameter Voltage Rating:10V from Part C308
Removed Parameter Voltage Rating:10V from Part C309
Removed Parameter Voltage Rating:10V from Part C311
Removed Parameter Voltage Rating:10V from Part C317
Removed Parameter Voltage Rating:10V from Part C318
Removed Parameter Voltage Rating:25V from Part C310
Removed Parameter Voltage Rating:25V from Part C312
Removed Parameter Voltage Rating:25V from Part C313
Removed Parameter Voltage Rating:25V from Part R300
Removed Parameter Voltage Rating:25V from Part R302
Removed Parameter Voltage Rating:25V from Part R305
Removed Parameter Voltage Rating:25V from Part R306
Removed Parameter Voltage Rating:25V from Part R307
Removed Parameter Voltage Tolerance:5% from Part D302
Removed Parameter Voltage Tolerance:5% from Part D303
Removed Parameter Weight:0.000363oz from Part D302
Removed Parameter Weight:0.000363oz from Part D303
Removed Parameter Width:0.02inch from Part C301
Removed Parameter Width:0.02inch from Part C302
Removed Parameter Width:0.02inch from Part C308
Removed Parameter Width:0.02inch from Part C317
Removed Parameter Width:0.02inch from Part C318
Removed Parameter Width:0.012inch from Part R300
Removed Parameter Width:0.012inch from Part R302
Removed Parameter Width:0.012inch from Part R305
Removed Parameter Width:0.012inch from Part R306
Removed Parameter Width:0.012inch from Part R307
Removed Parameter Working Voltage:25V from Part R300
Removed Parameter Working Voltage:25V from Part R302
Removed Parameter Working Voltage:25V from Part R305
Removed Parameter Working Voltage:25V from Part R306
Removed Parameter Working Voltage:25V from Part R307
Removed Parameter Zener Current:23mA from Part D302
Removed Parameter Zener Current:23mA from Part D303
Removed Parameter Zener Voltage:15V from Part D302
Removed Parameter Zener Voltage:15V from Part D303
