Removed Parameter Arrow Part Number:UCLAMP0571P.TNT from Part D300
Removed Parameter Arrow Price/Stock:https://www.arrow.com/en/products/uclamp0571p.tnt/semtech?region=europe from Part D300
Removed Parameter Case:0402 from Part FB300
Removed Parameter Case:0402 from Part FB301
Removed Parameter Case:0402 from Part FB302
Removed Parameter Earable Part Number:ERB000033 from Part R300
Removed Parameter Earable Part Number:ERB000033 from Part R302
Removed Parameter Earable Part Number:ERB000033 from Part R305
Removed Parameter Earable Part Number:ERB000033 from Part R306
Removed Parameter Earable Part Number:ERB000033 from Part R307
Removed Parameter Earable Part Number:ERB000054 from Part C301
Removed Parameter Earable Part Number:ERB000054 from Part C302
Removed Parameter Earable Part Number:ERB000054 from Part C308
Removed Parameter Earable Part Number:ERB000054 from Part C309
Removed Parameter Earable Part Number:ERB000054 from Part C311
Removed Parameter Earable Part Number:ERB000054 from Part C317
Removed Parameter Earable Part Number:ERB000054 from Part C318
Removed Parameter Earable Part Number:ERB000057 from Part C310
Removed Parameter Earable Part Number:ERB000057 from Part C312
Removed Parameter Earable Part Number:ERB000057 from Part C313
Removed Parameter Earable Part Number:ERB000079 from Part R314
Removed Parameter Earable Part Number:ERB000100 from Part FB300
Removed Parameter Earable Part Number:ERB000100 from Part FB301
Removed Parameter Earable Part Number:ERB000100 from Part FB302
Removed Parameter Earable Part Number:ERB000112 from Part R311
Removed Parameter Earable Part Number: from Part U301
Removed Parameter Manu 1:Alpha & Omega Semiconductor Inc. from Part Q300
Removed Parameter Manu 1:Vishay General Semiconductor - Diodes Division from Part D302
Removed Parameter Manu 1:Vishay General Semiconductor - Diodes Division from Part D303
Change Component Parameter Comment in R301 Old= New=1kR
Change Component Parameter Description in R301 Old=RES SMD 10K OHM 1% 1/8W 0805 New=RES SMD 1K OHM 1% 1/8W 0603
Change Component Parameter Comment in R303 Old= New=1kR
Change Component Parameter Description in R303 Old=RES SMD 10K OHM 1% 1/8W 0805 New=RES SMD 1K OHM 1% 1/8W 0603
Change Component Parameter Comment in R304 Old= New=1kR
Change Component Parameter Description in R304 Old=RES SMD 10K OHM 1% 1/8W 0805 New=RES SMD 1K OHM 1% 1/8W 0603
Change Component Parameter Comment in R308 Old= New=1kR
Change Component Parameter Description in R308 Old=RES SMD 10K OHM 1% 1/8W 0805 New=RES SMD 1K OHM 1% 1/8W 0603
Change Component Parameter Comment in R312 Old= New=1kR
Change Component Parameter Description in R312 Old=RES SMD 10K OHM 1% 1/8W 0805 New=RES SMD 1K OHM 1% 1/8W 0603
