Change Component Designator: Old Designator=C17 New Designator=C300
Change Component Designator: Old Designator=C18 New Designator=C301
Change Component Designator: Old Designator=C19 New Designator=C302
Change Component Designator: Old Designator=C20 New Designator=C303
Change Component Designator: Old Designator=C21 New Designator=C304
Change Component Designator: Old Designator=C22 New Designator=C305
Change Component Designator: Old Designator=C23 New Designator=C306
Change Component Designator: Old Designator=C24 New Designator=C307
Change Component Designator: Old Designator=C25 New Designator=C308
Change Component Designator: Old Designator=C26 New Designator=C314
Change Component Designator: Old Designator=C27 New Designator=C315
Change Component Designator: Old Designator=C28 New Designator=C316
Change Component Designator: Old Designator=C29 New Designator=C317
Change Component Designator: Old Designator=C30 New Designator=C318
Change Component Designator: Old Designator=C31 New Designator=C319
Change Component Designator: Old Designator=C32 New Designator=C325
Change Component Designator: Old Designator=C33 New Designator=C326
Change Component Designator: Old Designator=C? New Designator=C309
Change Component Designator: Old Designator=C? New Designator=C310
Change Component Designator: Old Designator=C? New Designator=C311
Change Component Designator: Old Designator=C? New Designator=C312
Change Component Designator: Old Designator=C? New Designator=C313
Change Component Designator: Old Designator=C? New Designator=C320
Change Component Designator: Old Designator=C? New Designator=C321
Change Component Designator: Old Designator=C? New Designator=C322
Change Component Designator: Old Designator=C? New Designator=C323
Change Component Designator: Old Designator=C? New Designator=C324
Change Component Designator: Old Designator=CN1 New Designator=CN300
Change Component Designator: Old Designator=D18 New Designator=D300
Change Component Designator: Old Designator=D19 New Designator=D301
Change Component Designator: Old Designator=D20 New Designator=D302
Change Component Designator: Old Designator=D21 New Designator=D303
Change Component Designator: Old Designator=IC1 New Designator=IC300
Change Component Designator: Old Designator=IC2 New Designator=IC301
Change Component Designator: Old Designator=IC3 New Designator=IC302
Change Component Designator: Old Designator=L? New Designator=L300
Change Component Designator: Old Designator=L? New Designator=L301
Change Component Designator: Old Designator=Q3 New Designator=Q300
Change Component Designator: Old Designator=R27 New Designator=R301
Change Component Designator: Old Designator=R28 New Designator=R303
Change Component Designator: Old Designator=R29 New Designator=R304
Change Component Designator: Old Designator=R30 New Designator=R307
Change Component Designator: Old Designator=R31 New Designator=R308
Change Component Designator: Old Designator=R32 New Designator=R309
Change Component Designator: Old Designator=R33 New Designator=R311
Change Component Designator: Old Designator=R34 New Designator=R312
Change Component Designator: Old Designator=R35 New Designator=R314
Change Component Designator: Old Designator=R36 New Designator=R315
Change Component Designator: Old Designator=R37 New Designator=R316
Change Component Designator: Old Designator=R38 New Designator=R318
Change Component Designator: Old Designator=R39 New Designator=R320
Change Component Designator: Old Designator=R? New Designator=R300
Change Component Designator: Old Designator=R? New Designator=R302
Change Component Designator: Old Designator=R? New Designator=R305
Change Component Designator: Old Designator=R? New Designator=R306
Change Component Designator: Old Designator=R? New Designator=R310
Change Component Designator: Old Designator=R? New Designator=R313
Change Component Designator: Old Designator=R? New Designator=R317
Change Component Designator: Old Designator=R? New Designator=R319
Change Component Designator: Old Designator=S3 New Designator=S300
Change Component Designator: Old Designator=SW1 New Designator=SW300
Change Component Designator: Old Designator=TP14 New Designator=TP300
Change Component Designator: Old Designator=TP15 New Designator=TP301
Change Component Designator: Old Designator=U5 New Designator=U300
Change Component Designator: Old Designator=U6 New Designator=U302
Change Component Designator: Old Designator=U7 New Designator=U304
Change Component Designator: Old Designator=U? New Designator=U301
Change Component Designator: Old Designator=U? New Designator=U303
