Change Component Designator: Old Designator=C300 New Designator=C?
Change Component Designator: Old Designator=C301 New Designator=C?
Change Component Designator: Old Designator=C302 New Designator=C?
Change Component Designator: Old Designator=C303 New Designator=C?
Change Component Designator: Old Designator=C304 New Designator=C?
Change Component Designator: Old Designator=C305 New Designator=C?
Change Component Designator: Old Designator=C306 New Designator=C?
Change Component Designator: Old Designator=C307 New Designator=C?
Change Component Designator: Old Designator=C308 New Designator=C?
Change Component Designator: Old Designator=C309 New Designator=C?
Change Component Designator: Old Designator=C310 New Designator=C?
Change Component Designator: Old Designator=C311 New Designator=C?
Change Component Designator: Old Designator=C312 New Designator=C?
Change Component Designator: Old Designator=C313 New Designator=C?
Change Component Designator: Old Designator=C314 New Designator=C?
Change Component Designator: Old Designator=C315 New Designator=C?
Change Component Designator: Old Designator=C316 New Designator=C?
Change Component Designator: Old Designator=CN300 New Designator=CN?
Change Component Designator: Old Designator=D300 New Designator=D?
Change Component Designator: Old Designator=D301 New Designator=D?
Change Component Designator: Old Designator=D302 New Designator=D?
Change Component Designator: Old Designator=D303 New Designator=D?
Change Component Designator: Old Designator=IC300 New Designator=IC?
Change Component Designator: Old Designator=IC301 New Designator=IC?
Change Component Designator: Old Designator=IC302 New Designator=IC?
Change Component Designator: Old Designator=L300 New Designator=L?
Change Component Designator: Old Designator=Q300 New Designator=Q?
Change Component Designator: Old Designator=R300 New Designator=R?
Change Component Designator: Old Designator=R301 New Designator=R?
Change Component Designator: Old Designator=R302 New Designator=R?
Change Component Designator: Old Designator=R303 New Designator=R?
Change Component Designator: Old Designator=R304 New Designator=R?
Change Component Designator: Old Designator=R305 New Designator=R?
Change Component Designator: Old Designator=R306 New Designator=R?
Change Component Designator: Old Designator=R307 New Designator=R?
Change Component Designator: Old Designator=R308 New Designator=R?
Change Component Designator: Old Designator=R309 New Designator=R?
Change Component Designator: Old Designator=R310 New Designator=R?
Change Component Designator: Old Designator=R311 New Designator=R?
Change Component Designator: Old Designator=R312 New Designator=R?
Change Component Designator: Old Designator=R313 New Designator=R?
Change Component Designator: Old Designator=R314 New Designator=R?
Change Component Designator: Old Designator=R315 New Designator=R?
Change Component Designator: Old Designator=S300 New Designator=S?
Change Component Designator: Old Designator=SW300 New Designator=SW?
Change Component Designator: Old Designator=TP300 New Designator=TP?
Change Component Designator: Old Designator=TP301 New Designator=TP?
Change Component Designator: Old Designator=U300 New Designator=U?
Change Component Designator: Old Designator=U301 New Designator=U?
Change Component Designator: Old Designator=U302 New Designator=U?
